<?xml version="1.0" encoding="UTF-8"?>
<coverage generated="1767610322080" clover="3.2.0">
  <project timestamp="1767610322080" name="All files">
    <metrics statements="5131" coveredstatements="4624" conditionals="2576" coveredconditionals="2101" methods="1018" coveredmethods="911" elements="8725" coveredelements="7636" complexity="0" loc="5131" ncloc="5131" packages="12" files="34" classes="34"/>
    <package name="base">
      <metrics statements="252" coveredstatements="206" conditionals="97" coveredconditionals="59" methods="52" coveredmethods="45"/>
      <file name="iterable-element-base.ts" path="/Users/revone/projects/data-structure-typed/src/data-structures/base/iterable-element-base.ts">
        <metrics statements="51" coveredstatements="38" conditionals="22" coveredconditionals="13" methods="13" coveredmethods="12"/>
        <line num="14" count="35" type="stmt"/>
        <line num="25" count="1239" type="cond" truecount="1" falsecount="0"/>
        <line num="26" count="180" type="stmt"/>
        <line num="27" count="180" type="cond" truecount="2" falsecount="0"/>
        <line num="28" count="162" type="cond" truecount="1" falsecount="0"/>
        <line num="48" count="1615" type="stmt"/>
        <line num="61" count="391" type="stmt"/>
        <line num="72" count="2" type="stmt"/>
        <line num="87" count="4" type="stmt"/>
        <line num="88" count="4" type="stmt"/>
        <line num="89" count="8" type="cond" truecount="1" falsecount="1"/>
        <line num="90" count="8" type="cond" truecount="1" falsecount="0"/>
        <line num="92" count="0" type="stmt"/>
        <line num="93" count="0" type="cond" truecount="0" falsecount="1"/>
        <line num="96" count="2" type="stmt"/>
        <line num="110" count="4" type="stmt"/>
        <line num="111" count="4" type="stmt"/>
        <line num="112" count="9" type="cond" truecount="1" falsecount="1"/>
        <line num="113" count="9" type="cond" truecount="1" falsecount="0"/>
        <line num="115" count="0" type="stmt"/>
        <line num="116" count="0" type="cond" truecount="0" falsecount="1"/>
        <line num="119" count="1" type="stmt"/>
        <line num="133" count="8" type="stmt"/>
        <line num="134" count="8" type="stmt"/>
        <line num="135" count="32" type="cond" truecount="1" falsecount="1"/>
        <line num="136" count="32" type="stmt"/>
        <line num="138" count="0" type="stmt"/>
        <line num="139" count="0" type="stmt"/>
        <line num="167" count="8" type="stmt"/>
        <line num="168" count="8" type="stmt"/>
        <line num="169" count="23" type="cond" truecount="1" falsecount="1"/>
        <line num="170" count="23" type="cond" truecount="1" falsecount="0"/>
        <line num="172" count="0" type="stmt"/>
        <line num="173" count="0" type="cond" truecount="0" falsecount="1"/>
        <line num="176" count="2" type="stmt"/>
        <line num="189" count="27" type="cond" truecount="1" falsecount="0"/>
        <line num="190" count="6" type="stmt"/>
        <line num="219" count="10" type="stmt"/>
        <line num="220" count="10" type="stmt"/>
        <line num="223" count="10" type="cond" truecount="1" falsecount="1"/>
        <line num="224" count="10" type="stmt"/>
        <line num="226" count="0" type="stmt"/>
        <line num="227" count="0" type="cond" truecount="0" falsecount="1"/>
        <line num="228" count="0" type="stmt"/>
        <line num="229" count="0" type="stmt"/>
        <line num="232" count="10" type="stmt"/>
        <line num="233" count="39" type="stmt"/>
        <line num="235" count="10" type="stmt"/>
        <line num="246" count="128" type="stmt"/>
        <line num="258" count="2" type="stmt"/>
        <line num="269" count="0" type="stmt"/>
      </file>
      <file name="iterable-entry-base.ts" path="/Users/revone/projects/data-structure-typed/src/data-structures/base/iterable-entry-base.ts">
        <metrics statements="46" coveredstatements="43" conditionals="6" coveredconditionals="6" methods="14" coveredmethods="13"/>
        <line num="9" count="35" type="stmt"/>
        <line num="23" count="169" type="stmt"/>
        <line num="32" count="3" type="stmt"/>
        <line num="33" count="12" type="stmt"/>
        <line num="43" count="21" type="stmt"/>
        <line num="44" count="514" type="stmt"/>
        <line num="54" count="14" type="stmt"/>
        <line num="55" count="48" type="stmt"/>
        <line num="67" count="5" type="stmt"/>
        <line num="68" count="5" type="stmt"/>
        <line num="69" count="11" type="cond" truecount="1" falsecount="0"/>
        <line num="70" count="2" type="stmt"/>
        <line num="73" count="3" type="stmt"/>
        <line num="84" count="5" type="stmt"/>
        <line num="85" count="5" type="stmt"/>
        <line num="86" count="10" type="cond" truecount="1" falsecount="0"/>
        <line num="87" count="4" type="stmt"/>
        <line num="90" count="1" type="stmt"/>
        <line num="100" count="12" type="stmt"/>
        <line num="101" count="12" type="stmt"/>
        <line num="102" count="37" type="stmt"/>
        <line num="103" count="37" type="stmt"/>
        <line num="115" count="2" type="stmt"/>
        <line num="116" count="2" type="stmt"/>
        <line num="117" count="4" type="stmt"/>
        <line num="118" count="4" type="cond" truecount="1" falsecount="0"/>
        <line num="120" count="1" type="stmt"/>
        <line num="130" count="1" type="stmt"/>
        <line num="131" count="1" type="stmt"/>
        <line num="132" count="1" type="cond" truecount="1" falsecount="0"/>
        <line num="134" count="0" type="stmt"/>
        <line num="144" count="4" type="stmt"/>
        <line num="145" count="9" type="cond" truecount="1" falsecount="0"/>
        <line num="147" count="2" type="stmt"/>
        <line num="157" count="1" type="stmt"/>
        <line num="158" count="1" type="stmt"/>
        <line num="159" count="1" type="cond" truecount="1" falsecount="0"/>
        <line num="161" count="0" type="stmt"/>
        <line num="172" count="11" type="stmt"/>
        <line num="173" count="11" type="stmt"/>
        <line num="174" count="11" type="stmt"/>
        <line num="175" count="34" type="stmt"/>
        <line num="176" count="34" type="stmt"/>
        <line num="178" count="11" type="stmt"/>
        <line num="187" count="1" type="stmt"/>
        <line num="195" count="0" type="stmt"/>
      </file>
      <file name="linear-base.ts" path="/Users/revone/projects/data-structure-typed/src/data-structures/base/linear-base.ts">
        <metrics statements="155" coveredstatements="125" conditionals="69" coveredconditionals="40" methods="25" coveredmethods="20"/>
        <line num="2" count="35" type="stmt"/>
        <line num="9" count="35" type="stmt"/>
        <line num="16" count="3668" type="stmt"/>
        <line num="17" count="3668" type="stmt"/>
        <line num="28" count="3910" type="stmt"/>
        <line num="37" count="16" type="stmt"/>
        <line num="48" count="0" type="stmt"/>
        <line num="57" count="0" type="stmt"/>
        <line num="68" count="35" type="stmt"/>
        <line num="79" count="1024" type="stmt"/>
        <line num="80" count="1024" type="cond" truecount="1" falsecount="0"/>
        <line num="81" count="67" type="stmt"/>
        <line num="82" count="67" type="cond" truecount="4" falsecount="0"/>
        <line num="93" count="1024" type="stmt"/>
        <line num="101" count="6" type="stmt"/>
        <line num="112" count="6" type="cond" truecount="0" falsecount="1"/>
        <line num="113" count="6" type="cond" truecount="0" falsecount="1"/>
        <line num="114" count="6" type="cond" truecount="0" falsecount="1"/>
        <line num="116" count="6" type="stmt"/>
        <line num="117" count="19" type="stmt"/>
        <line num="118" count="19" type="cond" truecount="1" falsecount="0"/>
        <line num="121" count="3" type="stmt"/>
        <line num="132" count="4" type="cond" truecount="0" falsecount="1"/>
        <line num="133" count="4" type="cond" truecount="0" falsecount="1"/>
        <line num="134" count="4" type="cond" truecount="0" falsecount="1"/>
        <line num="136" count="4" type="stmt"/>
        <line num="137" count="14" type="stmt"/>
        <line num="138" count="14" type="cond" truecount="1" falsecount="0"/>
        <line num="141" count="2" type="stmt"/>
        <line num="152" count="8" type="stmt"/>
        <line num="153" count="28" type="stmt"/>
        <line num="154" count="28" type="cond" truecount="3" falsecount="0"/>
        <line num="156" count="4" type="stmt"/>
        <line num="174" count="2" type="stmt"/>
        <line num="176" count="2" type="stmt"/>
        <line num="177" count="4" type="cond" truecount="1" falsecount="1"/>
        <line num="178" count="4" type="stmt"/>
        <line num="180" count="0" type="stmt"/>
        <line num="184" count="2" type="stmt"/>
        <line num="194" count="5" type="stmt"/>
        <line num="195" count="5" type="stmt"/>
        <line num="196" count="5" type="stmt"/>
        <line num="197" count="23" type="stmt"/>
        <line num="198" count="5" type="stmt"/>
        <line num="210" count="0" type="stmt"/>
        <line num="212" count="0" type="cond" truecount="0" falsecount="2"/>
        <line num="213" count="0" type="stmt"/>
        <line num="214" count="0" type="stmt"/>
        <line num="216" count="0" type="stmt"/>
        <line num="217" count="0" type="stmt"/>
        <line num="218" count="0" type="cond" truecount="0" falsecount="1"/>
        <line num="219" count="0" type="stmt"/>
        <line num="223" count="0" type="stmt"/>
        <line num="224" count="0" type="stmt"/>
        <line num="227" count="0" type="stmt"/>
        <line num="237" count="8" type="stmt"/>
        <line num="246" count="2" type="stmt"/>
        <line num="247" count="2" type="stmt"/>
        <line num="248" count="6" type="stmt"/>
        <line num="250" count="2" type="stmt"/>
        <line num="267" count="0" type="cond" truecount="0" falsecount="2"/>
        <line num="268" count="0" type="stmt"/>
        <line num="269" count="0" type="stmt"/>
        <line num="271" count="0" type="stmt"/>
        <line num="282" count="2" type="cond" truecount="1" falsecount="1"/>
        <line num="283" count="2" type="cond" truecount="1" falsecount="1"/>
        <line num="285" count="2" type="stmt"/>
        <line num="286" count="2" type="stmt"/>
        <line num="287" count="6" type="stmt"/>
        <line num="289" count="2" type="stmt"/>
        <line num="301" count="16" type="cond" truecount="2" falsecount="0"/>
        <line num="302" count="16" type="cond" truecount="2" falsecount="0"/>
        <line num="304" count="16" type="cond" truecount="0" falsecount="1"/>
        <line num="305" count="16" type="cond" truecount="0" falsecount="1"/>
        <line num="306" count="16" type="cond" truecount="1" falsecount="0"/>
        <line num="308" count="12" type="stmt"/>
        <line num="309" count="28" type="stmt"/>
        <line num="312" count="12" type="stmt"/>
        <line num="410" count="35" type="stmt"/>
        <line num="416" count="254" type="stmt"/>
        <line num="417" count="254" type="cond" truecount="1" falsecount="0"/>
        <line num="418" count="17" type="stmt"/>
        <line num="419" count="17" type="cond" truecount="4" falsecount="0"/>
        <line num="431" count="8" type="stmt"/>
        <line num="432" count="8" type="stmt"/>
        <line num="434" count="8" type="stmt"/>
        <line num="435" count="8" type="stmt"/>
        <line num="436" count="0" type="stmt"/>
        <line num="437" count="0" type="stmt"/>
        <line num="440" count="8" type="stmt"/>
        <line num="441" count="26" type="cond" truecount="1" falsecount="0"/>
        <line num="442" count="22" type="stmt"/>
        <line num="443" count="22" type="stmt"/>
        <line num="446" count="4" type="stmt"/>
        <line num="457" count="4" type="stmt"/>
        <line num="458" count="4" type="stmt"/>
        <line num="460" count="4" type="stmt"/>
        <line num="461" count="4" type="stmt"/>
        <line num="462" count="0" type="stmt"/>
        <line num="463" count="0" type="stmt"/>
        <line num="466" count="4" type="stmt"/>
        <line num="467" count="14" type="cond" truecount="1" falsecount="0"/>
        <line num="468" count="12" type="stmt"/>
        <line num="469" count="12" type="stmt"/>
        <line num="472" count="2" type="stmt"/>
        <line num="484" count="2" type="stmt"/>
        <line num="486" count="2" type="stmt"/>
        <line num="487" count="4" type="cond" truecount="1" falsecount="1"/>
        <line num="488" count="4" type="stmt"/>
        <line num="490" count="0" type="stmt"/>
        <line num="494" count="2" type="stmt"/>
        <line num="505" count="2" type="cond" truecount="1" falsecount="1"/>
        <line num="506" count="2" type="cond" truecount="1" falsecount="1"/>
        <line num="508" count="2" type="stmt"/>
        <line num="509" count="2" type="stmt"/>
        <line num="510" count="2" type="stmt"/>
        <line num="511" count="2" type="stmt"/>
        <line num="512" count="2" type="stmt"/>
        <line num="513" count="2" type="stmt"/>
        <line num="514" count="2" type="stmt"/>
        <line num="516" count="2" type="stmt"/>
        <line num="517" count="6" type="stmt"/>
        <line num="518" count="6" type="stmt"/>
        <line num="521" count="2" type="stmt"/>
        <line num="533" count="1" type="stmt"/>
        <line num="535" count="1" type="cond" truecount="1" falsecount="1"/>
        <line num="536" count="1" type="stmt"/>
        <line num="537" count="1" type="stmt"/>
        <line num="539" count="1" type="stmt"/>
        <line num="540" count="1" type="stmt"/>
        <line num="541" count="1" type="stmt"/>
        <line num="543" count="1" type="stmt"/>
        <line num="544" count="1" type="stmt"/>
        <line num="545" count="3" type="cond" truecount="1" falsecount="0"/>
        <line num="546" count="1" type="stmt"/>
        <line num="547" count="1" type="stmt"/>
        <line num="549" count="2" type="stmt"/>
        <line num="550" count="2" type="stmt"/>
        <line num="553" count="1" type="cond" truecount="2" falsecount="0"/>
        <line num="554" count="2" type="stmt"/>
        <line num="555" count="2" type="stmt"/>
        <line num="556" count="2" type="stmt"/>
        <line num="557" count="2" type="stmt"/>
        <line num="560" count="1" type="stmt"/>
        <line num="561" count="2" type="cond" truecount="1" falsecount="1"/>
        <line num="562" count="2" type="stmt"/>
        <line num="563" count="2" type="stmt"/>
        <line num="565" count="0" type="stmt"/>
        <line num="566" count="0" type="stmt"/>
        <line num="570" count="1" type="stmt"/>
        <line num="587" count="0" type="cond" truecount="0" falsecount="2"/>
        <line num="588" count="0" type="stmt"/>
        <line num="589" count="0" type="stmt"/>
        <line num="590" count="0" type="stmt"/>
        <line num="592" count="0" type="stmt"/>
      </file>
    </package>
    <package name="binary-tree">
      <metrics statements="2156" coveredstatements="1961" conditionals="1418" coveredconditionals="1163" methods="409" coveredmethods="365"/>
      <file name="avl-tree-counter.ts" path="/Users/revone/projects/data-structure-typed/src/data-structures/binary-tree/avl-tree-counter.ts">
        <metrics statements="149" coveredstatements="142" conditionals="95" coveredconditionals="72" methods="34" coveredmethods="31"/>
        <line num="20" count="35" type="stmt"/>
        <line num="28" count="35" type="stmt"/>
        <line num="31" count="100191" type="stmt"/>
        <line num="42" count="100191" type="stmt"/>
        <line num="43" count="100191" type="stmt"/>
        <line num="44" count="100191" type="stmt"/>
        <line num="47" count="100191" type="stmt"/>
        <line num="55" count="7180614" type="stmt"/>
        <line num="65" count="100216" type="cond" truecount="1" falsecount="0"/>
        <line num="66" count="100148" type="stmt"/>
        <line num="68" count="100216" type="stmt"/>
        <line num="71" count="100191" type="stmt"/>
        <line num="79" count="11988119" type="stmt"/>
        <line num="89" count="300262" type="cond" truecount="1" falsecount="0"/>
        <line num="90" count="250178" type="stmt"/>
        <line num="92" count="300262" type="stmt"/>
        <line num="95" count="100191" type="stmt"/>
        <line num="104" count="6427525" type="stmt"/>
        <line num="114" count="1869807" type="stmt"/>
        <line num="117" count="100191" type="stmt"/>
        <line num="126" count="0" type="stmt"/>
        <line num="136" count="0" type="stmt"/>
        <line num="139" count="100191" type="stmt"/>
        <line num="148" count="150417" type="stmt"/>
        <line num="158" count="150243" type="stmt"/>
        <line num="168" count="16" type="cond" truecount="0" falsecount="1"/>
        <line num="169" count="0" type="cond" truecount="0" falsecount="4"/>
        <line num="172" count="16" type="cond" truecount="2" falsecount="0"/>
        <line num="173" count="6" type="cond" truecount="3" falsecount="1"/>
        <line num="174" count="10" type="cond" truecount="1" falsecount="0"/>
        <line num="175" count="10" type="cond" truecount="4" falsecount="0"/>
        <line num="178" count="0" type="stmt"/>
        <line num="189" count="35" type="stmt"/>
        <line num="203" count="28" type="stmt"/>
        <line num="204" count="28" type="cond" truecount="1" falsecount="0"/>
        <line num="207" count="28" type="stmt"/>
        <line num="210" count="12" type="stmt"/>
        <line num="219" count="1" type="stmt"/>
        <line num="220" count="3" type="stmt"/>
        <line num="221" count="1" type="stmt"/>
        <line num="225" count="100189" type="cond" truecount="2" falsecount="0"/>
        <line num="236" count="602893" type="stmt"/>
        <line num="252" count="100179" type="stmt"/>
        <line num="253" count="100179" type="cond" truecount="0" falsecount="1"/>
        <line num="255" count="100179" type="cond" truecount="1" falsecount="1"/>
        <line num="256" count="100179" type="stmt"/>
        <line num="257" count="100179" type="cond" truecount="1" falsecount="0"/>
        <line num="258" count="100179" type="stmt"/>
        <line num="260" count="100179" type="stmt"/>
        <line num="274" count="31" type="stmt"/>
        <line num="275" count="31" type="cond" truecount="0" falsecount="1"/>
        <line num="277" count="31" type="cond" truecount="2" falsecount="0"/>
        <line num="278" count="31" type="cond" truecount="1" falsecount="0"/>
        <line num="280" count="29" type="cond" truecount="2" falsecount="0"/>
        <line num="281" count="29" type="stmt"/>
        <line num="282" count="29" type="stmt"/>
        <line num="284" count="29" type="cond" truecount="4" falsecount="0"/>
        <line num="285" count="1" type="stmt"/>
        <line num="286" count="1" type="stmt"/>
        <line num="288" count="28" type="cond" truecount="2" falsecount="0"/>
        <line num="289" count="16" type="cond" truecount="1" falsecount="1"/>
        <line num="290" count="0" type="cond" truecount="0" falsecount="3"/>
        <line num="292" count="16" type="stmt"/>
        <line num="293" count="16" type="cond" truecount="4" falsecount="0"/>
        <line num="294" count="6" type="stmt"/>
        <line num="295" count="10" type="cond" truecount="3" falsecount="0"/>
        <line num="296" count="10" type="stmt"/>
        <line num="298" count="16" type="stmt"/>
        <line num="301" count="12" type="cond" truecount="1" falsecount="1"/>
        <line num="302" count="12" type="cond" truecount="1" falsecount="0"/>
        <line num="303" count="12" type="stmt"/>
        <line num="304" count="12" type="stmt"/>
        <line num="305" count="12" type="cond" truecount="1" falsecount="0"/>
        <line num="306" count="12" type="cond" truecount="2" falsecount="0"/>
        <line num="307" count="4" type="stmt"/>
        <line num="309" count="8" type="stmt"/>
        <line num="311" count="12" type="stmt"/>
        <line num="315" count="28" type="stmt"/>
        <line num="317" count="28" type="cond" truecount="1" falsecount="0"/>
        <line num="320" count="29" type="stmt"/>
        <line num="322" count="29" type="cond" truecount="1" falsecount="0"/>
        <line num="323" count="28" type="stmt"/>
        <line num="326" count="29" type="stmt"/>
        <line num="335" count="3" type="stmt"/>
        <line num="336" count="3" type="stmt"/>
        <line num="346" count="32" type="stmt"/>
        <line num="347" count="2" type="stmt"/>
        <line num="348" count="2" type="cond" truecount="0" falsecount="1"/>
        <line num="350" count="2" type="stmt"/>
        <line num="351" count="32" type="cond" truecount="1" falsecount="1"/>
        <line num="353" count="2" type="stmt"/>
        <line num="355" count="2" type="stmt"/>
        <line num="356" count="66" type="cond" truecount="1" falsecount="0"/>
        <line num="357" count="32" type="stmt"/>
        <line num="358" count="32" type="stmt"/>
        <line num="359" count="32" type="stmt"/>
        <line num="360" count="32" type="stmt"/>
        <line num="361" count="32" type="stmt"/>
        <line num="362" count="32" type="cond" truecount="2" falsecount="0"/>
        <line num="363" count="32" type="cond" truecount="2" falsecount="0"/>
        <line num="364" count="32" type="stmt"/>
        <line num="365" count="32" type="stmt"/>
        <line num="368" count="2" type="stmt"/>
        <line num="369" count="2" type="stmt"/>
        <line num="370" count="2" type="stmt"/>
        <line num="371" count="2" type="stmt"/>
        <line num="372" count="2" type="stmt"/>
        <line num="381" count="2" type="stmt"/>
        <line num="383" count="2" type="cond" truecount="1" falsecount="1"/>
        <line num="384" count="7" type="stmt"/>
        <line num="386" count="0" type="stmt"/>
        <line num="389" count="2" type="cond" truecount="1" falsecount="0"/>
        <line num="391" count="2" type="stmt"/>
        <line num="410" count="1" type="stmt"/>
        <line num="412" count="1" type="stmt"/>
        <line num="413" count="1" type="stmt"/>
        <line num="414" count="3" type="stmt"/>
        <line num="416" count="1" type="stmt"/>
        <line num="431" count="3" type="stmt"/>
        <line num="437" count="3" type="cond" truecount="2" falsecount="0"/>
        <line num="456" count="1" type="stmt"/>
        <line num="462" count="1" type="cond" truecount="2" falsecount="0"/>
        <line num="478" count="200358" type="cond" truecount="2" falsecount="1"/>
        <line num="479" count="200358" type="cond" truecount="1" falsecount="0"/>
        <line num="481" count="100177" type="cond" truecount="1" falsecount="0"/>
        <line num="482" count="156" type="stmt"/>
        <line num="483" count="156" type="cond" truecount="2" falsecount="1"/>
        <line num="484" count="156" type="cond" truecount="2" falsecount="0"/>
        <line num="485" count="156" type="stmt"/>
        <line num="488" count="100021" type="stmt"/>
        <line num="502" count="12" type="stmt"/>
        <line num="503" count="12" type="stmt"/>
        <line num="504" count="12" type="cond" truecount="3" falsecount="0"/>
        <line num="505" count="12" type="stmt"/>
        <line num="506" count="12" type="stmt"/>
        <line num="507" count="12" type="cond" truecount="1" falsecount="0"/>
        <line num="508" count="12" type="stmt"/>
        <line num="510" count="12" type="stmt"/>
        <line num="511" count="12" type="cond" truecount="0" falsecount="1"/>
        <line num="512" count="12" type="stmt"/>
        <line num="513" count="12" type="stmt"/>
        <line num="515" count="12" type="stmt"/>
        <line num="516" count="12" type="cond" truecount="0" falsecount="1"/>
        <line num="517" count="12" type="stmt"/>
        <line num="518" count="12" type="stmt"/>
        <line num="521" count="12" type="stmt"/>
        <line num="523" count="0" type="stmt"/>
        <line num="537" count="11" type="stmt"/>
        <line num="538" count="11" type="stmt"/>
      </file>
      <file name="avl-tree-multi-map.ts" path="/Users/revone/projects/data-structure-typed/src/data-structures/binary-tree/avl-tree-multi-map.ts">
        <metrics statements="100" coveredstatements="86" conditionals="65" coveredconditionals="44" methods="26" coveredmethods="21"/>
        <line num="19" count="35" type="stmt"/>
        <line num="28" count="35" type="stmt"/>
        <line num="31" count="180" type="stmt"/>
        <line num="41" count="180" type="stmt"/>
        <line num="42" count="180" type="stmt"/>
        <line num="45" count="180" type="stmt"/>
        <line num="53" count="4873" type="stmt"/>
        <line num="63" count="151" type="cond" truecount="1" falsecount="0"/>
        <line num="64" count="104" type="stmt"/>
        <line num="66" count="151" type="stmt"/>
        <line num="69" count="180" type="stmt"/>
        <line num="77" count="5171" type="stmt"/>
        <line num="87" count="201" type="cond" truecount="1" falsecount="0"/>
        <line num="88" count="144" type="stmt"/>
        <line num="90" count="201" type="stmt"/>
        <line num="93" count="180" type="stmt"/>
        <line num="102" count="1358" type="stmt"/>
        <line num="112" count="688" type="stmt"/>
        <line num="115" count="180" type="stmt"/>
        <line num="124" count="0" type="stmt"/>
        <line num="134" count="0" type="stmt"/>
        <line num="137" count="180" type="stmt"/>
        <line num="146" count="0" type="stmt"/>
        <line num="156" count="0" type="stmt"/>
        <line num="166" count="17" type="cond" truecount="0" falsecount="1"/>
        <line num="167" count="0" type="cond" truecount="0" falsecount="4"/>
        <line num="170" count="17" type="cond" truecount="2" falsecount="0"/>
        <line num="171" count="7" type="cond" truecount="3" falsecount="1"/>
        <line num="172" count="10" type="cond" truecount="1" falsecount="0"/>
        <line num="173" count="10" type="cond" truecount="4" falsecount="0"/>
        <line num="176" count="0" type="stmt"/>
        <line num="187" count="35" type="stmt"/>
        <line num="201" count="30" type="stmt"/>
        <line num="202" count="30" type="cond" truecount="1" falsecount="0"/>
        <line num="203" count="30" type="stmt"/>
        <line num="208" count="176" type="cond" truecount="1" falsecount="1"/>
        <line num="221" count="4943" type="stmt"/>
        <line num="241" count="180" type="cond" truecount="1" falsecount="0"/>
        <line num="243" count="176" type="stmt"/>
        <line num="244" count="176" type="cond" truecount="3" falsecount="0"/>
        <line num="246" count="171" type="stmt"/>
        <line num="247" count="0" type="stmt"/>
        <line num="248" count="0" type="cond" truecount="0" falsecount="3"/>
        <line num="249" count="0" type="stmt"/>
        <line num="250" count="0" type="stmt"/>
        <line num="252" count="0" type="stmt"/>
        <line num="255" count="171" type="stmt"/>
        <line num="256" count="171" type="stmt"/>
        <line num="257" count="171" type="cond" truecount="2" falsecount="0"/>
        <line num="258" count="14" type="stmt"/>
        <line num="259" count="14" type="cond" truecount="1" falsecount="0"/>
        <line num="260" count="7" type="stmt"/>
        <line num="261" count="7" type="stmt"/>
        <line num="263" count="7" type="cond" truecount="1" falsecount="1"/>
        <line num="264" count="8" type="stmt"/>
        <line num="265" count="7" type="stmt"/>
        <line num="267" count="0" type="stmt"/>
        <line num="270" count="157" type="stmt"/>
        <line num="274" count="171" type="cond" truecount="1" falsecount="0"/>
        <line num="275" count="171" type="cond" truecount="1" falsecount="1"/>
        <line num="277" count="0" type="cond" truecount="0" falsecount="2"/>
        <line num="280" count="176" type="cond" truecount="1" falsecount="0"/>
        <line num="281" count="150" type="stmt"/>
        <line num="282" count="150" type="cond" truecount="1" falsecount="1"/>
        <line num="285" count="26" type="cond" truecount="2" falsecount="0"/>
        <line num="299" count="3" type="stmt"/>
        <line num="300" count="3" type="cond" truecount="1" falsecount="0"/>
        <line num="301" count="3" type="stmt"/>
        <line num="302" count="3" type="cond" truecount="0" falsecount="1"/>
        <line num="303" count="3" type="stmt"/>
        <line num="305" count="3" type="cond" truecount="1" falsecount="0"/>
        <line num="307" count="3" type="stmt"/>
        <line num="309" count="0" type="stmt"/>
        <line num="319" count="32" type="stmt"/>
        <line num="320" count="2" type="stmt"/>
        <line num="321" count="2" type="cond" truecount="0" falsecount="1"/>
        <line num="323" count="2" type="stmt"/>
        <line num="325" count="2" type="stmt"/>
        <line num="326" count="66" type="cond" truecount="1" falsecount="0"/>
        <line num="327" count="32" type="stmt"/>
        <line num="328" count="32" type="stmt"/>
        <line num="329" count="32" type="stmt"/>
        <line num="330" count="32" type="stmt"/>
        <line num="331" count="32" type="stmt"/>
        <line num="332" count="32" type="cond" truecount="2" falsecount="0"/>
        <line num="333" count="32" type="cond" truecount="2" falsecount="0"/>
        <line num="334" count="32" type="stmt"/>
        <line num="335" count="32" type="stmt"/>
        <line num="338" count="2" type="stmt"/>
        <line num="339" count="2" type="stmt"/>
        <line num="340" count="2" type="stmt"/>
        <line num="341" count="2" type="stmt"/>
        <line num="394" count="1" type="stmt"/>
        <line num="395" count="1" type="stmt"/>
        <line num="396" count="3" type="stmt"/>
        <line num="397" count="1" type="stmt"/>
        <line num="410" count="4" type="stmt"/>
        <line num="414" count="4" type="cond" truecount="3" falsecount="1"/>
        <line num="431" count="1" type="stmt"/>
        <line num="435" count="1" type="cond" truecount="3" falsecount="1"/>
      </file>
      <file name="avl-tree.ts" path="/Users/revone/projects/data-structure-typed/src/data-structures/binary-tree/avl-tree.ts">
        <metrics statements="199" coveredstatements="190" conditionals="132" coveredconditionals="119" methods="33" coveredmethods="29"/>
        <line num="9" count="35" type="stmt"/>
        <line num="30" count="35" type="stmt"/>
        <line num="33" count="307" type="stmt"/>
        <line num="43" count="307" type="stmt"/>
        <line num="44" count="307" type="stmt"/>
        <line num="47" count="307" type="stmt"/>
        <line num="56" count="7967" type="stmt"/>
        <line num="66" count="290" type="cond" truecount="1" falsecount="0"/>
        <line num="67" count="211" type="stmt"/>
        <line num="69" count="290" type="stmt"/>
        <line num="72" count="307" type="stmt"/>
        <line num="81" count="8619" type="stmt"/>
        <line num="91" count="338" type="cond" truecount="1" falsecount="0"/>
        <line num="92" count="265" type="stmt"/>
        <line num="94" count="338" type="stmt"/>
        <line num="97" count="307" type="stmt"/>
        <line num="106" count="2721" type="stmt"/>
        <line num="116" count="1278" type="stmt"/>
        <line num="119" count="307" type="stmt"/>
        <line num="128" count="0" type="stmt"/>
        <line num="138" count="0" type="stmt"/>
        <line num="141" count="307" type="stmt"/>
        <line num="150" count="0" type="stmt"/>
        <line num="160" count="0" type="stmt"/>
        <line num="170" count="17" type="cond" truecount="0" falsecount="1"/>
        <line num="171" count="0" type="cond" truecount="0" falsecount="4"/>
        <line num="174" count="17" type="cond" truecount="2" falsecount="0"/>
        <line num="175" count="7" type="cond" truecount="3" falsecount="1"/>
        <line num="176" count="10" type="cond" truecount="1" falsecount="0"/>
        <line num="177" count="10" type="cond" truecount="4" falsecount="0"/>
        <line num="180" count="0" type="stmt"/>
        <line num="359" count="35" type="stmt"/>
        <line num="373" count="97" type="stmt"/>
        <line num="375" count="97" type="cond" truecount="1" falsecount="0"/>
        <line num="387" count="303" type="cond" truecount="2" falsecount="0"/>
        <line num="400" count="6297" type="stmt"/>
        <line num="415" count="100643" type="cond" truecount="1" falsecount="0"/>
        <line num="416" count="100640" type="stmt"/>
        <line num="418" count="100640" type="cond" truecount="1" falsecount="0"/>
        <line num="419" count="100640" type="stmt"/>
        <line num="432" count="67" type="stmt"/>
        <line num="434" count="67" type="stmt"/>
        <line num="435" count="63" type="cond" truecount="1" falsecount="0"/>
        <line num="436" count="62" type="stmt"/>
        <line num="439" count="67" type="stmt"/>
        <line num="451" count="32" type="stmt"/>
        <line num="452" count="2" type="stmt"/>
        <line num="453" count="2" type="cond" truecount="0" falsecount="1"/>
        <line num="455" count="2" type="stmt"/>
        <line num="458" count="2" type="stmt"/>
        <line num="459" count="66" type="cond" truecount="1" falsecount="0"/>
        <line num="460" count="32" type="stmt"/>
        <line num="461" count="32" type="stmt"/>
        <line num="462" count="32" type="stmt"/>
        <line num="463" count="32" type="stmt"/>
        <line num="464" count="32" type="stmt"/>
        <line num="467" count="32" type="cond" truecount="2" falsecount="0"/>
        <line num="468" count="32" type="cond" truecount="2" falsecount="0"/>
        <line num="469" count="32" type="stmt"/>
        <line num="470" count="32" type="stmt"/>
        <line num="473" count="2" type="stmt"/>
        <line num="474" count="2" type="stmt"/>
        <line num="475" count="2" type="stmt"/>
        <line num="476" count="2" type="stmt"/>
        <line num="496" count="1" type="stmt"/>
        <line num="498" count="1" type="stmt"/>
        <line num="500" count="1" type="stmt"/>
        <line num="502" count="3" type="stmt"/>
        <line num="504" count="1" type="stmt"/>
        <line num="516" count="5" type="stmt"/>
        <line num="520" count="5" type="cond" truecount="2" falsecount="0"/>
        <line num="536" count="1" type="stmt"/>
        <line num="540" count="1" type="cond" truecount="2" falsecount="0"/>
        <line num="555" count="28" type="stmt"/>
        <line num="556" count="28" type="stmt"/>
        <line num="558" count="28" type="cond" truecount="3" falsecount="0"/>
        <line num="559" count="28" type="stmt"/>
        <line num="560" count="28" type="stmt"/>
        <line num="562" count="28" type="cond" truecount="1" falsecount="0"/>
        <line num="563" count="28" type="stmt"/>
        <line num="566" count="28" type="stmt"/>
        <line num="567" count="28" type="cond" truecount="0" falsecount="1"/>
        <line num="568" count="28" type="stmt"/>
        <line num="571" count="28" type="stmt"/>
        <line num="572" count="28" type="cond" truecount="0" falsecount="1"/>
        <line num="573" count="28" type="stmt"/>
        <line num="576" count="28" type="stmt"/>
        <line num="578" count="0" type="stmt"/>
        <line num="589" count="1771275" type="cond" truecount="2" falsecount="0"/>
        <line num="590" count="1771275" type="cond" truecount="2" falsecount="0"/>
        <line num="591" count="1771275" type="stmt"/>
        <line num="601" count="1871528" type="cond" truecount="2" falsecount="0"/>
        <line num="602" count="1871528" type="cond" truecount="2" falsecount="0"/>
        <line num="603" count="1871528" type="stmt"/>
        <line num="613" count="25" type="stmt"/>
        <line num="614" count="25" type="stmt"/>
        <line num="615" count="25" type="cond" truecount="1" falsecount="0"/>
        <line num="616" count="25" type="cond" truecount="3" falsecount="0"/>
        <line num="617" count="6" type="stmt"/>
        <line num="619" count="25" type="cond" truecount="1" falsecount="0"/>
        <line num="622" count="25" type="cond" truecount="2" falsecount="0"/>
        <line num="623" count="14" type="cond" truecount="1" falsecount="0"/>
        <line num="625" count="11" type="cond" truecount="1" falsecount="1"/>
        <line num="626" count="0" type="stmt"/>
        <line num="628" count="11" type="cond" truecount="1" falsecount="0"/>
        <line num="633" count="25" type="cond" truecount="1" falsecount="0"/>
        <line num="634" count="25" type="stmt"/>
        <line num="635" count="25" type="stmt"/>
        <line num="637" count="25" type="stmt"/>
        <line num="638" count="25" type="cond" truecount="1" falsecount="0"/>
        <line num="648" count="32" type="stmt"/>
        <line num="649" count="32" type="stmt"/>
        <line num="650" count="32" type="stmt"/>
        <line num="651" count="32" type="cond" truecount="1" falsecount="0"/>
        <line num="652" count="32" type="stmt"/>
        <line num="654" count="32" type="cond" truecount="3" falsecount="0"/>
        <line num="655" count="32" type="cond" truecount="3" falsecount="0"/>
        <line num="657" count="32" type="cond" truecount="1" falsecount="0"/>
        <line num="658" count="32" type="cond" truecount="0" falsecount="1"/>
        <line num="659" count="0" type="cond" truecount="0" falsecount="1"/>
        <line num="661" count="32" type="cond" truecount="1" falsecount="0"/>
        <line num="662" count="7" type="stmt"/>
        <line num="664" count="32" type="stmt"/>
        <line num="668" count="32" type="cond" truecount="2" falsecount="0"/>
        <line num="669" count="22" type="cond" truecount="1" falsecount="0"/>
        <line num="671" count="10" type="cond" truecount="1" falsecount="0"/>
        <line num="672" count="10" type="cond" truecount="2" falsecount="0"/>
        <line num="673" count="1" type="stmt"/>
        <line num="675" count="9" type="stmt"/>
        <line num="681" count="32" type="cond" truecount="1" falsecount="0"/>
        <line num="682" count="32" type="stmt"/>
        <line num="683" count="32" type="cond" truecount="1" falsecount="0"/>
        <line num="684" count="32" type="stmt"/>
        <line num="685" count="32" type="stmt"/>
        <line num="688" count="32" type="stmt"/>
        <line num="689" count="32" type="cond" truecount="1" falsecount="0"/>
        <line num="690" count="32" type="cond" truecount="1" falsecount="0"/>
        <line num="700" count="100096" type="stmt"/>
        <line num="701" count="100096" type="stmt"/>
        <line num="702" count="100096" type="cond" truecount="1" falsecount="0"/>
        <line num="703" count="100096" type="cond" truecount="1" falsecount="0"/>
        <line num="704" count="100096" type="cond" truecount="1" falsecount="0"/>
        <line num="705" count="50027" type="stmt"/>
        <line num="707" count="100096" type="stmt"/>
        <line num="711" count="100096" type="cond" truecount="2" falsecount="0"/>
        <line num="712" count="76" type="cond" truecount="1" falsecount="0"/>
        <line num="714" count="100020" type="cond" truecount="1" falsecount="0"/>
        <line num="715" count="100020" type="cond" truecount="2" falsecount="0"/>
        <line num="716" count="7" type="stmt"/>
        <line num="718" count="100013" type="stmt"/>
        <line num="724" count="100096" type="cond" truecount="1" falsecount="0"/>
        <line num="725" count="100096" type="stmt"/>
        <line num="726" count="100096" type="stmt"/>
        <line num="728" count="100096" type="stmt"/>
        <line num="729" count="100096" type="cond" truecount="1" falsecount="0"/>
        <line num="739" count="34" type="stmt"/>
        <line num="740" count="34" type="stmt"/>
        <line num="741" count="34" type="stmt"/>
        <line num="742" count="34" type="cond" truecount="1" falsecount="0"/>
        <line num="743" count="34" type="stmt"/>
        <line num="746" count="34" type="cond" truecount="1" falsecount="0"/>
        <line num="747" count="34" type="cond" truecount="3" falsecount="0"/>
        <line num="749" count="34" type="cond" truecount="1" falsecount="0"/>
        <line num="750" count="34" type="cond" truecount="1" falsecount="0"/>
        <line num="751" count="21" type="stmt"/>
        <line num="753" count="34" type="cond" truecount="1" falsecount="0"/>
        <line num="754" count="8" type="cond" truecount="1" falsecount="0"/>
        <line num="756" count="34" type="stmt"/>
        <line num="760" count="34" type="cond" truecount="2" falsecount="0"/>
        <line num="761" count="7" type="cond" truecount="1" falsecount="0"/>
        <line num="763" count="27" type="cond" truecount="1" falsecount="0"/>
        <line num="764" count="27" type="cond" truecount="2" falsecount="0"/>
        <line num="765" count="14" type="stmt"/>
        <line num="767" count="13" type="stmt"/>
        <line num="773" count="34" type="cond" truecount="1" falsecount="0"/>
        <line num="774" count="34" type="cond" truecount="3" falsecount="0"/>
        <line num="775" count="34" type="cond" truecount="1" falsecount="0"/>
        <line num="776" count="34" type="cond" truecount="1" falsecount="0"/>
        <line num="778" count="34" type="stmt"/>
        <line num="779" count="34" type="cond" truecount="1" falsecount="0"/>
        <line num="780" count="34" type="cond" truecount="1" falsecount="0"/>
        <line num="791" count="100728" type="stmt"/>
        <line num="792" count="1671088" type="stmt"/>
        <line num="795" count="100728" type="stmt"/>
        <line num="796" count="1671088" type="stmt"/>
        <line num="797" count="1671088" type="cond" truecount="1" falsecount="0"/>
        <line num="798" count="1671088" type="stmt"/>
        <line num="801" count="1671088" type="cond" truecount="2" falsecount="0"/>
        <line num="803" count="57" type="cond" truecount="3" falsecount="0"/>
        <line num="804" count="57" type="cond" truecount="2" falsecount="0"/>
        <line num="806" count="25" type="stmt"/>
        <line num="809" count="32" type="stmt"/>
        <line num="812" count="57" type="stmt"/>
        <line num="814" count="100130" type="cond" truecount="3" falsecount="0"/>
        <line num="815" count="100130" type="cond" truecount="2" falsecount="0"/>
        <line num="817" count="100096" type="stmt"/>
        <line num="820" count="34" type="stmt"/>
        <line num="838" count="29" type="stmt"/>
        <line num="839" count="29" type="stmt"/>
      </file>
      <file name="binary-indexed-tree.ts" path="/Users/revone/projects/data-structure-typed/src/data-structures/binary-tree/binary-indexed-tree.ts">
        <metrics statements="80" coveredstatements="78" conditionals="22" coveredconditionals="19" methods="24" coveredmethods="24"/>
        <line num="8" count="35" type="stmt"/>
        <line num="13" count="35" type="stmt"/>
        <line num="24" count="30" type="stmt"/>
        <line num="25" count="30" type="stmt"/>
        <line num="26" count="30" type="stmt"/>
        <line num="27" count="30" type="stmt"/>
        <line num="28" count="30" type="cond" truecount="1" falsecount="1"/>
        <line num="39" count="2328" type="stmt"/>
        <line num="49" count="46" type="stmt"/>
        <line num="60" count="52" type="stmt"/>
        <line num="68" count="379" type="stmt"/>
        <line num="76" count="1158" type="stmt"/>
        <line num="86" count="68" type="stmt"/>
        <line num="87" count="66" type="stmt"/>
        <line num="99" count="55" type="stmt"/>
        <line num="100" count="53" type="stmt"/>
        <line num="102" count="53" type="stmt"/>
        <line num="103" count="53" type="stmt"/>
        <line num="114" count="126" type="stmt"/>
        <line num="115" count="124" type="stmt"/>
        <line num="126" count="79" type="cond" truecount="0" falsecount="1"/>
        <line num="127" count="0" type="stmt"/>
        <line num="129" count="79" type="stmt"/>
        <line num="139" count="25" type="cond" truecount="1" falsecount="0"/>
        <line num="140" count="1" type="stmt"/>
        <line num="142" count="86" type="stmt"/>
        <line num="153" count="23" type="cond" truecount="1" falsecount="0"/>
        <line num="154" count="1" type="stmt"/>
        <line num="156" count="78" type="stmt"/>
        <line num="167" count="10" type="stmt"/>
        <line num="168" count="10" type="stmt"/>
        <line num="170" count="10" type="stmt"/>
        <line num="171" count="10" type="stmt"/>
        <line num="172" count="13" type="stmt"/>
        <line num="173" count="13" type="stmt"/>
        <line num="176" count="10" type="stmt"/>
        <line num="187" count="1147" type="cond" truecount="1" falsecount="0"/>
        <line num="188" count="770" type="stmt"/>
        <line num="191" count="377" type="stmt"/>
        <line num="202" count="410" type="stmt"/>
        <line num="211" count="259" type="cond" truecount="0" falsecount="1"/>
        <line num="212" count="0" type="stmt"/>
        <line num="214" count="259" type="cond" truecount="3" falsecount="0"/>
        <line num="215" count="6" type="stmt"/>
        <line num="227" count="243" type="stmt"/>
        <line num="228" count="243" type="stmt"/>
        <line num="229" count="243" type="stmt"/>
        <line num="231" count="243" type="stmt"/>
        <line num="233" count="243" type="stmt"/>
        <line num="234" count="183" type="stmt"/>
        <line num="235" count="183" type="stmt"/>
        <line num="238" count="243" type="stmt"/>
        <line num="247" count="177" type="cond" truecount="4" falsecount="0"/>
        <line num="248" count="6" type="stmt"/>
        <line num="249" count="171" type="cond" truecount="3" falsecount="0"/>
        <line num="250" count="7" type="stmt"/>
        <line num="263" count="177" type="stmt"/>
        <line num="265" count="177" type="stmt"/>
        <line num="266" count="410" type="stmt"/>
        <line num="267" count="410" type="stmt"/>
        <line num="280" count="124" type="stmt"/>
        <line num="282" count="124" type="stmt"/>
        <line num="283" count="124" type="stmt"/>
        <line num="294" count="79" type="stmt"/>
        <line num="295" count="79" type="stmt"/>
        <line num="296" count="79" type="stmt"/>
        <line num="297" count="114" type="stmt"/>
        <line num="298" count="114" type="stmt"/>
        <line num="301" count="79" type="stmt"/>
        <line num="314" count="46" type="stmt"/>
        <line num="315" count="46" type="stmt"/>
        <line num="316" count="46" type="stmt"/>
        <line num="318" count="46" type="stmt"/>
        <line num="319" count="184" type="stmt"/>
        <line num="320" count="184" type="stmt"/>
        <line num="322" count="184" type="cond" truecount="4" falsecount="0"/>
        <line num="323" count="45" type="stmt"/>
        <line num="324" count="45" type="stmt"/>
        <line num="326" count="139" type="stmt"/>
        <line num="329" count="46" type="stmt"/>
      </file>
      <file name="binary-tree.ts" path="/Users/revone/projects/data-structure-typed/src/data-structures/binary-tree/binary-tree.ts">
        <metrics statements="674" coveredstatements="664" conditionals="483" coveredconditionals="453" methods="120" coveredmethods="113"/>
        <line num="28" count="35" type="stmt"/>
        <line num="29" count="35" type="stmt"/>
        <line num="30" count="35" type="stmt"/>
        <line num="31" count="35" type="stmt"/>
        <line num="37" count="35" type="stmt"/>
        <line num="40" count="1082" type="stmt"/>
        <line num="50" count="1082" type="stmt"/>
        <line num="51" count="1082" type="stmt"/>
        <line num="54" count="1082" type="stmt"/>
        <line num="63" count="21970" type="stmt"/>
        <line num="73" count="290" type="cond" truecount="1" falsecount="0"/>
        <line num="74" count="245" type="stmt"/>
        <line num="76" count="290" type="stmt"/>
        <line num="79" count="1082" type="stmt"/>
        <line num="88" count="21596" type="stmt"/>
        <line num="98" count="291" type="cond" truecount="1" falsecount="0"/>
        <line num="99" count="222" type="stmt"/>
        <line num="101" count="291" type="stmt"/>
        <line num="104" count="1082" type="stmt"/>
        <line num="113" count="0" type="stmt"/>
        <line num="123" count="0" type="stmt"/>
        <line num="126" count="1082" type="stmt"/>
        <line num="135" count="51506" type="stmt"/>
        <line num="145" count="11137" type="stmt"/>
        <line num="148" count="1082" type="stmt"/>
        <line num="157" count="0" type="stmt"/>
        <line num="167" count="0" type="stmt"/>
        <line num="177" count="18" type="cond" truecount="1" falsecount="0"/>
        <line num="178" count="4" type="cond" truecount="4" falsecount="0"/>
        <line num="181" count="14" type="cond" truecount="2" falsecount="0"/>
        <line num="182" count="5" type="cond" truecount="4" falsecount="0"/>
        <line num="183" count="9" type="cond" truecount="1" falsecount="0"/>
        <line num="184" count="8" type="cond" truecount="4" falsecount="0"/>
        <line num="187" count="1" type="stmt"/>
        <line num="348" count="35" type="stmt"/>
        <line num="352" count="528" type="stmt"/>
        <line num="367" count="528" type="stmt"/>
        <line num="368" count="528" type="cond" truecount="1" falsecount="0"/>
        <line num="369" count="201" type="stmt"/>
        <line num="370" count="201" type="cond" truecount="1" falsecount="0"/>
        <line num="371" count="201" type="cond" truecount="1" falsecount="0"/>
        <line num="372" count="201" type="cond" truecount="1" falsecount="0"/>
        <line num="373" count="201" type="cond" truecount="2" falsecount="0"/>
        <line num="374" count="183" type="cond" truecount="1" falsecount="0"/>
        <line num="377" count="527" type="cond" truecount="1" falsecount="0"/>
        <line num="380" count="528" type="stmt"/>
        <line num="389" count="42" type="stmt"/>
        <line num="392" count="528" type="stmt"/>
        <line num="401" count="41" type="stmt"/>
        <line num="404" count="528" type="stmt"/>
        <line num="413" count="0" type="stmt"/>
        <line num="425" count="57" type="stmt"/>
        <line num="428" count="528" type="stmt"/>
        <line num="437" count="143" type="stmt"/>
        <line num="440" count="528" type="stmt"/>
        <line num="449" count="2486200" type="stmt"/>
        <line num="461" count="41" type="stmt"/>
        <line num="473" count="506" type="cond" truecount="2" falsecount="0"/>
        <line num="484" count="0" type="stmt"/>
        <line num="499" count="280524" type="cond" truecount="1" falsecount="0"/>
        <line num="500" count="280520" type="cond" truecount="1" falsecount="0"/>
        <line num="501" count="280470" type="cond" truecount="1" falsecount="0"/>
        <line num="503" count="280389" type="cond" truecount="1" falsecount="0"/>
        <line num="505" count="563" type="cond" truecount="1" falsecount="0"/>
        <line num="506" count="202" type="stmt"/>
        <line num="507" count="202" type="cond" truecount="1" falsecount="0"/>
        <line num="508" count="201" type="cond" truecount="1" falsecount="0"/>
        <line num="509" count="200" type="stmt"/>
        <line num="512" count="361" type="stmt"/>
        <line num="525" count="3971" type="stmt"/>
        <line num="538" count="68695" type="cond" truecount="2" falsecount="0"/>
        <line num="551" count="1678310" type="cond" truecount="4" falsecount="0"/>
        <line num="552" count="1453905" type="stmt"/>
        <line num="565" count="1767" type="cond" truecount="2" falsecount="0"/>
        <line num="576" count="1092" type="stmt"/>
        <line num="596" count="38398" type="stmt"/>
        <line num="607" count="121" type="stmt"/>
        <line num="608" count="121" type="cond" truecount="1" falsecount="0"/>
        <line num="609" count="119" type="cond" truecount="1" falsecount="0"/>
        <line num="610" count="117" type="cond" truecount="2" falsecount="0"/>
        <line num="623" count="1054403" type="cond" truecount="2" falsecount="0"/>
        <line num="634" count="40" type="cond" truecount="1" falsecount="0"/>
        <line num="635" count="37" type="stmt"/>
        <line num="650" count="568" type="stmt"/>
        <line num="651" count="568" type="cond" truecount="1" falsecount="0"/>
        <line num="653" count="565" type="cond" truecount="1" falsecount="0"/>
        <line num="654" count="93" type="stmt"/>
        <line num="655" count="93" type="cond" truecount="1" falsecount="0"/>
        <line num="656" count="93" type="stmt"/>
        <line num="657" count="93" type="stmt"/>
        <line num="660" count="472" type="stmt"/>
        <line num="662" count="472" type="stmt"/>
        <line num="663" count="6170" type="stmt"/>
        <line num="665" count="6170" type="cond" truecount="0" falsecount="1"/>
        <line num="667" count="6170" type="cond" truecount="1" falsecount="0"/>
        <line num="668" count="6160" type="cond" truecount="3" falsecount="0"/>
        <line num="669" count="29" type="stmt"/>
        <line num="670" count="29" type="cond" truecount="1" falsecount="0"/>
        <line num="671" count="29" type="stmt"/>
        <line num="675" count="6141" type="cond" truecount="4" falsecount="0"/>
        <line num="676" count="444" type="stmt"/>
        <line num="679" count="6141" type="cond" truecount="1" falsecount="0"/>
        <line num="680" count="6030" type="cond" truecount="1" falsecount="0"/>
        <line num="682" count="6141" type="cond" truecount="1" falsecount="0"/>
        <line num="683" count="6043" type="cond" truecount="1" falsecount="0"/>
        <line num="687" count="443" type="cond" truecount="1" falsecount="0"/>
        <line num="688" count="441" type="cond" truecount="2" falsecount="0"/>
        <line num="689" count="234" type="stmt"/>
        <line num="690" count="207" type="cond" truecount="1" falsecount="0"/>
        <line num="691" count="207" type="stmt"/>
        <line num="693" count="441" type="cond" truecount="1" falsecount="0"/>
        <line num="694" count="441" type="stmt"/>
        <line num="695" count="441" type="stmt"/>
        <line num="698" count="2" type="stmt"/>
        <line num="715" count="138" type="stmt"/>
        <line num="718" count="138" type="cond" truecount="1" falsecount="0"/>
        <line num="719" count="4" type="stmt"/>
        <line num="722" count="138" type="stmt"/>
        <line num="723" count="390" type="stmt"/>
        <line num="725" count="390" type="cond" truecount="1" falsecount="0"/>
        <line num="726" count="11" type="stmt"/>
        <line num="727" count="11" type="cond" truecount="1" falsecount="0"/>
        <line num="728" count="7" type="stmt"/>
        <line num="731" count="390" type="cond" truecount="1" falsecount="0"/>
        <line num="732" count="390" type="stmt"/>
        <line num="735" count="138" type="stmt"/>
        <line num="745" count="2" type="stmt"/>
        <line num="761" count="1" type="stmt"/>
        <line num="762" count="1" type="stmt"/>
        <line num="775" count="166" type="stmt"/>
        <line num="776" count="166" type="cond" truecount="1" falsecount="0"/>
        <line num="778" count="164" type="stmt"/>
        <line num="779" count="164" type="cond" truecount="1" falsecount="0"/>
        <line num="781" count="153" type="stmt"/>
        <line num="783" count="153" type="stmt"/>
        <line num="785" count="153" type="cond" truecount="5" falsecount="0"/>
        <line num="787" count="6" type="stmt"/>
        <line num="788" count="147" type="cond" truecount="2" falsecount="0"/>
        <line num="791" count="59" type="stmt"/>
        <line num="792" count="59" type="cond" truecount="1" falsecount="0"/>
        <line num="793" count="59" type="stmt"/>
        <line num="795" count="59" type="stmt"/>
        <line num="797" count="59" type="cond" truecount="1" falsecount="0"/>
        <line num="799" count="59" type="cond" truecount="2" falsecount="0"/>
        <line num="800" count="20" type="stmt"/>
        <line num="801" count="39" type="stmt"/>
        <line num="802" count="59" type="stmt"/>
        <line num="805" count="88" type="cond" truecount="2" falsecount="0"/>
        <line num="808" count="82" type="stmt"/>
        <line num="809" count="82" type="cond" truecount="4" falsecount="0"/>
        <line num="810" count="40" type="stmt"/>
        <line num="811" count="42" type="cond" truecount="3" falsecount="0"/>
        <line num="812" count="42" type="stmt"/>
        <line num="814" count="82" type="stmt"/>
        <line num="818" count="6" type="stmt"/>
        <line num="819" count="6" type="stmt"/>
        <line num="822" count="153" type="stmt"/>
        <line num="824" count="153" type="stmt"/>
        <line num="825" count="153" type="cond" truecount="3" falsecount="0"/>
        <line num="826" count="153" type="stmt"/>
        <line num="854" count="134" type="cond" truecount="1" falsecount="0"/>
        <line num="855" count="130" type="cond" truecount="1" falsecount="0"/>
        <line num="856" count="128" type="stmt"/>
        <line num="857" count="128" type="cond" truecount="1" falsecount="0"/>
        <line num="858" count="127" type="stmt"/>
        <line num="860" count="127" type="stmt"/>
        <line num="862" count="127" type="cond" truecount="2" falsecount="0"/>
        <line num="863" count="29" type="stmt"/>
        <line num="864" count="83" type="cond" truecount="1" falsecount="0"/>
        <line num="865" count="23" type="stmt"/>
        <line num="866" count="23" type="cond" truecount="1" falsecount="0"/>
        <line num="868" count="64" type="cond" truecount="3" falsecount="0"/>
        <line num="869" count="32" type="cond" truecount="1" falsecount="0"/>
        <line num="870" count="32" type="cond" truecount="1" falsecount="0"/>
        <line num="873" count="29" type="stmt"/>
        <line num="875" count="98" type="stmt"/>
        <line num="877" count="98" type="stmt"/>
        <line num="878" count="264" type="stmt"/>
        <line num="879" count="264" type="cond" truecount="1" falsecount="0"/>
        <line num="880" count="264" type="cond" truecount="1" falsecount="0"/>
        <line num="881" count="88" type="stmt"/>
        <line num="882" count="88" type="cond" truecount="1" falsecount="0"/>
        <line num="884" count="179" type="cond" truecount="1" falsecount="0"/>
        <line num="885" count="179" type="cond" truecount="1" falsecount="0"/>
        <line num="890" count="42" type="stmt"/>
        <line num="928" count="38426" type="stmt"/>
        <line num="951" count="98" type="stmt"/>
        <line num="968" count="549" type="cond" truecount="1" falsecount="0"/>
        <line num="969" count="459" type="stmt"/>
        <line num="970" count="459" type="cond" truecount="3" falsecount="0"/>
        <line num="971" count="446" type="stmt"/>
        <line num="973" count="90" type="stmt"/>
        <line num="1008" count="88" type="stmt"/>
        <line num="1016" count="93" type="stmt"/>
        <line num="1017" count="93" type="cond" truecount="1" falsecount="0"/>
        <line num="1027" count="4" type="stmt"/>
        <line num="1040" count="20" type="stmt"/>
        <line num="1055" count="23" type="stmt"/>
        <line num="1056" count="23" type="cond" truecount="1" falsecount="0"/>
        <line num="1058" count="21" type="cond" truecount="2" falsecount="0"/>
        <line num="1059" count="6" type="stmt"/>
        <line num="1060" count="264" type="cond" truecount="1" falsecount="0"/>
        <line num="1061" count="132" type="stmt"/>
        <line num="1062" count="132" type="cond" truecount="3" falsecount="0"/>
        <line num="1063" count="126" type="cond" truecount="2" falsecount="0"/>
        <line num="1066" count="6" type="stmt"/>
        <line num="1067" count="6" type="stmt"/>
        <line num="1068" count="6" type="cond" truecount="1" falsecount="1"/>
        <line num="1071" count="15" type="cond" truecount="0" falsecount="1"/>
        <line num="1072" count="30" type="stmt"/>
        <line num="1073" count="30" type="cond" truecount="2" falsecount="0"/>
        <line num="1074" count="30" type="stmt"/>
        <line num="1075" count="30" type="cond" truecount="2" falsecount="0"/>
        <line num="1076" count="297" type="stmt"/>
        <line num="1077" count="322" type="stmt"/>
        <line num="1078" count="322" type="stmt"/>
        <line num="1080" count="297" type="stmt"/>
        <line num="1081" count="297" type="stmt"/>
        <line num="1082" count="297" type="cond" truecount="6" falsecount="0"/>
        <line num="1083" count="282" type="stmt"/>
        <line num="1084" count="282" type="stmt"/>
        <line num="1086" count="15" type="stmt"/>
        <line num="1088" count="15" type="stmt"/>
        <line num="1089" count="15" type="stmt"/>
        <line num="1090" count="15" type="cond" truecount="2" falsecount="0"/>
        <line num="1106" count="33" type="stmt"/>
        <line num="1107" count="33" type="stmt"/>
        <line num="1108" count="33" type="stmt"/>
        <line num="1109" count="33" type="stmt"/>
        <line num="1110" count="57" type="cond" truecount="1" falsecount="0"/>
        <line num="1111" count="1" type="stmt"/>
        <line num="1113" count="56" type="stmt"/>
        <line num="1114" count="56" type="stmt"/>
        <line num="1116" count="32" type="stmt"/>
        <line num="1131" count="243" type="stmt"/>
        <line num="1132" count="243" type="cond" truecount="1" falsecount="0"/>
        <line num="1134" count="236" type="cond" truecount="2" falsecount="0"/>
        <line num="1135" count="98" type="stmt"/>
        <line num="1136" count="1710" type="cond" truecount="1" falsecount="0"/>
        <line num="1137" count="806" type="stmt"/>
        <line num="1138" count="806" type="stmt"/>
        <line num="1139" count="806" type="stmt"/>
        <line num="1142" count="98" type="stmt"/>
        <line num="1145" count="138" type="stmt"/>
        <line num="1146" count="138" type="stmt"/>
        <line num="1148" count="138" type="stmt"/>
        <line num="1149" count="2343" type="stmt"/>
        <line num="1151" count="2343" type="cond" truecount="1" falsecount="0"/>
        <line num="1152" count="2343" type="cond" truecount="1" falsecount="0"/>
        <line num="1154" count="2343" type="stmt"/>
        <line num="1157" count="138" type="stmt"/>
        <line num="1173" count="26" type="stmt"/>
        <line num="1174" count="26" type="cond" truecount="1" falsecount="0"/>
        <line num="1176" count="23" type="cond" truecount="2" falsecount="0"/>
        <line num="1177" count="10" type="stmt"/>
        <line num="1178" count="132" type="cond" truecount="1" falsecount="0"/>
        <line num="1179" count="121" type="cond" truecount="3" falsecount="0"/>
        <line num="1180" count="61" type="stmt"/>
        <line num="1181" count="61" type="stmt"/>
        <line num="1182" count="61" type="stmt"/>
        <line num="1185" count="10" type="stmt"/>
        <line num="1188" count="13" type="stmt"/>
        <line num="1189" count="13" type="stmt"/>
        <line num="1190" count="13" type="stmt"/>
        <line num="1191" count="13" type="stmt"/>
        <line num="1193" count="13" type="cond" truecount="2" falsecount="0"/>
        <line num="1194" count="826" type="cond" truecount="2" falsecount="0"/>
        <line num="1195" count="331" type="stmt"/>
        <line num="1196" count="331" type="stmt"/>
        <line num="1198" count="495" type="stmt"/>
        <line num="1199" count="495" type="cond" truecount="4" falsecount="0"/>
        <line num="1200" count="331" type="stmt"/>
        <line num="1201" count="331" type="cond" truecount="1" falsecount="0"/>
        <line num="1202" count="331" type="cond" truecount="2" falsecount="0"/>
        <line num="1203" count="331" type="cond" truecount="2" falsecount="0"/>
        <line num="1204" count="331" type="stmt"/>
        <line num="1205" count="331" type="stmt"/>
        <line num="1206" count="331" type="stmt"/>
        <line num="1208" count="164" type="stmt"/>
        <line num="1212" count="13" type="stmt"/>
        <line num="1231" count="100736" type="stmt"/>
        <line num="1232" count="100736" type="stmt"/>
        <line num="1234" count="100736" type="cond" truecount="1" falsecount="0"/>
        <line num="1236" count="100735" type="stmt"/>
        <line num="1237" count="1570376" type="stmt"/>
        <line num="1238" count="1570376" type="stmt"/>
        <line num="1240" count="100735" type="stmt"/>
        <line num="1241" count="100735" type="cond" truecount="1" falsecount="1"/>
        <line num="1259" count="874" type="cond" truecount="1" falsecount="0"/>
        <line num="1260" count="872" type="stmt"/>
        <line num="1262" count="872" type="cond" truecount="1" falsecount="0"/>
        <line num="1263" count="871" type="cond" truecount="2" falsecount="0"/>
        <line num="1264" count="21" type="stmt"/>
        <line num="1265" count="54" type="stmt"/>
        <line num="1266" count="54" type="cond" truecount="1" falsecount="0"/>
        <line num="1267" count="33" type="stmt"/>
        <line num="1270" count="21" type="stmt"/>
        <line num="1273" count="850" type="stmt"/>
        <line num="1274" count="1857" type="stmt"/>
        <line num="1275" count="1857" type="cond" truecount="1" falsecount="0"/>
        <line num="1276" count="1007" type="stmt"/>
        <line num="1279" count="850" type="stmt"/>
        <line num="1298" count="80" type="cond" truecount="1" falsecount="0"/>
        <line num="1299" count="78" type="stmt"/>
        <line num="1300" count="78" type="cond" truecount="1" falsecount="0"/>
        <line num="1302" count="77" type="cond" truecount="2" falsecount="0"/>
        <line num="1303" count="25" type="stmt"/>
        <line num="1304" count="34" type="stmt"/>
        <line num="1305" count="34" type="cond" truecount="1" falsecount="0"/>
        <line num="1306" count="9" type="stmt"/>
        <line num="1309" count="25" type="stmt"/>
        <line num="1311" count="52" type="stmt"/>
        <line num="1312" count="86" type="stmt"/>
        <line num="1313" count="86" type="cond" truecount="1" falsecount="0"/>
        <line num="1314" count="34" type="stmt"/>
        <line num="1317" count="52" type="stmt"/>
        <line num="1329" count="45" type="cond" truecount="2" falsecount="0"/>
        <line num="1330" count="41" type="stmt"/>
        <line num="1331" count="41" type="cond" truecount="3" falsecount="0"/>
        <line num="1332" count="13" type="cond" truecount="1" falsecount="0"/>
        <line num="1333" count="13" type="stmt"/>
        <line num="1336" count="41" type="stmt"/>
        <line num="1338" count="4" type="stmt"/>
        <line num="1350" count="7" type="stmt"/>
        <line num="1351" count="7" type="cond" truecount="0" falsecount="1"/>
        <line num="1353" count="7" type="cond" truecount="1" falsecount="0"/>
        <line num="1354" count="2" type="stmt"/>
        <line num="1357" count="5" type="stmt"/>
        <line num="1358" count="5" type="cond" truecount="2" falsecount="0"/>
        <line num="1359" count="2" type="stmt"/>
        <line num="1360" count="2" type="stmt"/>
        <line num="1362" count="5" type="stmt"/>
        <line num="1403" count="150" type="stmt"/>
        <line num="1404" count="150" type="cond" truecount="1" falsecount="0"/>
        <line num="1405" count="141" type="stmt"/>
        <line num="1439" count="83" type="stmt"/>
        <line num="1440" count="83" type="cond" truecount="1" falsecount="0"/>
        <line num="1442" count="82" type="stmt"/>
        <line num="1444" count="82" type="cond" truecount="2" falsecount="0"/>
        <line num="1446" count="31" type="stmt"/>
        <line num="1450" count="31" type="stmt"/>
        <line num="1451" count="254" type="cond" truecount="1" falsecount="0"/>
        <line num="1453" count="223" type="stmt"/>
        <line num="1454" count="223" type="stmt"/>
        <line num="1456" count="223" type="cond" truecount="2" falsecount="0"/>
        <line num="1457" count="13" type="cond" truecount="3" falsecount="0"/>
        <line num="1458" count="13" type="cond" truecount="3" falsecount="0"/>
        <line num="1460" count="210" type="cond" truecount="1" falsecount="0"/>
        <line num="1461" count="210" type="cond" truecount="1" falsecount="0"/>
        <line num="1464" count="223" type="stmt"/>
        <line num="1467" count="31" type="stmt"/>
        <line num="1470" count="51" type="stmt"/>
        <line num="1471" count="51" type="stmt"/>
        <line num="1472" count="155" type="stmt"/>
        <line num="1473" count="155" type="stmt"/>
        <line num="1474" count="317" type="stmt"/>
        <line num="1475" count="317" type="stmt"/>
        <line num="1477" count="317" type="cond" truecount="2" falsecount="0"/>
        <line num="1478" count="59" type="cond" truecount="3" falsecount="0"/>
        <line num="1479" count="59" type="cond" truecount="3" falsecount="0"/>
        <line num="1481" count="258" type="cond" truecount="1" falsecount="0"/>
        <line num="1482" count="258" type="cond" truecount="1" falsecount="0"/>
        <line num="1487" count="82" type="stmt"/>
        <line num="1505" count="16" type="stmt"/>
        <line num="1506" count="16" type="stmt"/>
        <line num="1508" count="16" type="cond" truecount="1" falsecount="0"/>
        <line num="1510" count="15" type="cond" truecount="2" falsecount="0"/>
        <line num="1512" count="2" type="stmt"/>
        <line num="1513" count="16" type="cond" truecount="1" falsecount="0"/>
        <line num="1514" count="8" type="stmt"/>
        <line num="1516" count="16" type="cond" truecount="3" falsecount="0"/>
        <line num="1517" count="8" type="cond" truecount="1" falsecount="0"/>
        <line num="1518" count="8" type="cond" truecount="1" falsecount="0"/>
        <line num="1521" count="2" type="stmt"/>
        <line num="1524" count="13" type="stmt"/>
        <line num="1526" count="13" type="stmt"/>
        <line num="1527" count="87" type="stmt"/>
        <line num="1528" count="87" type="cond" truecount="1" falsecount="0"/>
        <line num="1529" count="87" type="cond" truecount="1" falsecount="0"/>
        <line num="1530" count="31" type="stmt"/>
        <line num="1532" count="87" type="cond" truecount="1" falsecount="0"/>
        <line num="1533" count="87" type="cond" truecount="1" falsecount="0"/>
        <line num="1538" count="15" type="stmt"/>
        <line num="1572" count="12" type="stmt"/>
        <line num="1573" count="12" type="stmt"/>
        <line num="1575" count="12" type="cond" truecount="1" falsecount="0"/>
        <line num="1577" count="11" type="cond" truecount="2" falsecount="0"/>
        <line num="1579" count="4" type="stmt"/>
        <line num="1580" count="32" type="cond" truecount="1" falsecount="0"/>
        <line num="1581" count="32" type="stmt"/>
        <line num="1582" count="32" type="cond" truecount="2" falsecount="0"/>
        <line num="1583" count="18" type="cond" truecount="3" falsecount="0"/>
        <line num="1584" count="18" type="cond" truecount="3" falsecount="0"/>
        <line num="1586" count="14" type="cond" truecount="3" falsecount="0"/>
        <line num="1587" count="14" type="cond" truecount="3" falsecount="0"/>
        <line num="1591" count="4" type="stmt"/>
        <line num="1594" count="7" type="stmt"/>
        <line num="1596" count="7" type="stmt"/>
        <line num="1597" count="10065" type="stmt"/>
        <line num="1598" count="10065" type="stmt"/>
        <line num="1600" count="10065" type="cond" truecount="1" falsecount="0"/>
        <line num="1601" count="10065" type="stmt"/>
        <line num="1603" count="10065" type="cond" truecount="2" falsecount="0"/>
        <line num="1604" count="13" type="cond" truecount="3" falsecount="0"/>
        <line num="1605" count="13" type="cond" truecount="3" falsecount="0"/>
        <line num="1607" count="10052" type="cond" truecount="3" falsecount="0"/>
        <line num="1608" count="10052" type="cond" truecount="3" falsecount="0"/>
        <line num="1613" count="11" type="stmt"/>
        <line num="1637" count="11" type="stmt"/>
        <line num="1639" count="11" type="cond" truecount="1" falsecount="0"/>
        <line num="1640" count="10" type="stmt"/>
        <line num="1642" count="10" type="stmt"/>
        <line num="1645" count="10" type="stmt"/>
        <line num="1646" count="6" type="stmt"/>
        <line num="1647" count="6" type="stmt"/>
        <line num="1648" count="6" type="stmt"/>
        <line num="1649" count="10" type="stmt"/>
        <line num="1650" count="10" type="stmt"/>
        <line num="1651" count="10" type="stmt"/>
        <line num="1652" count="10" type="stmt"/>
        <line num="1654" count="6" type="stmt"/>
        <line num="1658" count="10" type="stmt"/>
        <line num="1659" count="3" type="stmt"/>
        <line num="1660" count="3" type="stmt"/>
        <line num="1662" count="3" type="stmt"/>
        <line num="1663" count="5" type="stmt"/>
        <line num="1664" count="5" type="stmt"/>
        <line num="1667" count="3" type="stmt"/>
        <line num="1670" count="10" type="cond" truecount="3" falsecount="0"/>
        <line num="1672" count="8" type="stmt"/>
        <line num="1673" count="53" type="cond" truecount="1" falsecount="0"/>
        <line num="1674" count="30" type="stmt"/>
        <line num="1675" count="30" type="cond" truecount="2" falsecount="0"/>
        <line num="1677" count="15" type="stmt"/>
        <line num="1678" count="15" type="stmt"/>
        <line num="1679" count="15" type="stmt"/>
        <line num="1682" count="15" type="stmt"/>
        <line num="1685" count="38" type="stmt"/>
        <line num="1686" count="38" type="stmt"/>
        <line num="1688" count="8" type="stmt"/>
        <line num="1690" count="1" type="stmt"/>
        <line num="1691" count="7" type="cond" truecount="2" falsecount="0"/>
        <line num="1692" count="4" type="stmt"/>
        <line num="1693" count="4" type="cond" truecount="2" falsecount="0"/>
        <line num="1695" count="2" type="stmt"/>
        <line num="1696" count="2" type="stmt"/>
        <line num="1697" count="2" type="stmt"/>
        <line num="1698" count="2" type="stmt"/>
        <line num="1701" count="2" type="stmt"/>
        <line num="1704" count="3" type="stmt"/>
        <line num="1706" count="5" type="stmt"/>
        <line num="1708" count="1" type="stmt"/>
        <line num="1710" count="1" type="stmt"/>
        <line num="1711" count="7" type="cond" truecount="1" falsecount="0"/>
        <line num="1712" count="4" type="stmt"/>
        <line num="1713" count="4" type="cond" truecount="2" falsecount="0"/>
        <line num="1715" count="2" type="stmt"/>
        <line num="1716" count="2" type="stmt"/>
        <line num="1717" count="2" type="stmt"/>
        <line num="1720" count="2" type="stmt"/>
        <line num="1721" count="2" type="stmt"/>
        <line num="1724" count="5" type="stmt"/>
        <line num="1726" count="1" type="stmt"/>
        <line num="1727" count="1" type="stmt"/>
        <line num="1729" count="10" type="stmt"/>
        <line num="1739" count="19" type="stmt"/>
        <line num="1740" count="19" type="stmt"/>
        <line num="1741" count="19" type="stmt"/>
        <line num="1753" count="8" type="stmt"/>
        <line num="1754" count="8" type="stmt"/>
        <line num="1755" count="24" type="cond" truecount="1" falsecount="0"/>
        <line num="1756" count="8" type="stmt"/>
        <line num="1776" count="2" type="stmt"/>
        <line num="1777" count="2" type="stmt"/>
        <line num="1778" count="5" type="stmt"/>
        <line num="1779" count="2" type="stmt"/>
        <line num="1794" count="13" type="stmt"/>
        <line num="1795" count="13" type="stmt"/>
        <line num="1796" count="13" type="stmt"/>
        <line num="1797" count="13" type="cond" truecount="1" falsecount="0"/>
        <line num="1799" count="11" type="cond" truecount="1" falsecount="0"/>
        <line num="1800" count="11" type="cond" truecount="1" falsecount="0"/>
        <line num="1801" count="11" type="cond" truecount="1" falsecount="0"/>
        <line num="1803" count="11" type="stmt"/>
        <line num="1804" count="11" type="stmt"/>
        <line num="1805" count="11" type="stmt"/>
        <line num="1806" count="11" type="stmt"/>
        <line num="1807" count="64" type="stmt"/>
        <line num="1809" count="11" type="stmt"/>
        <line num="1812" count="11" type="stmt"/>
        <line num="1813" count="11" type="stmt"/>
        <line num="1827" count="6" type="stmt"/>
        <line num="1867" count="1321" type="cond" truecount="1" falsecount="0"/>
        <line num="1868" count="1321" type="cond" truecount="1" falsecount="0"/>
        <line num="1870" count="3998" type="cond" truecount="1" falsecount="0"/>
        <line num="1871" count="3710" type="stmt"/>
        <line num="1873" count="1321" type="cond" truecount="1" falsecount="0"/>
        <line num="1875" count="38539" type="stmt"/>
        <line num="1876" count="38539" type="cond" truecount="0" falsecount="1"/>
        <line num="1877" count="38539" type="stmt"/>
        <line num="1879" count="38539" type="cond" truecount="2" falsecount="0"/>
        <line num="1880" count="370" type="stmt"/>
        <line num="1881" count="1838" type="cond" truecount="1" falsecount="0"/>
        <line num="1883" count="1616" type="stmt"/>
        <line num="1884" count="1616" type="cond" truecount="3" falsecount="0"/>
        <line num="1886" count="1616" type="stmt"/>
        <line num="1887" count="1368" type="cond" truecount="3" falsecount="0"/>
        <line num="1890" count="1616" type="cond" truecount="3" falsecount="0"/>
        <line num="1892" count="1468" type="stmt"/>
        <line num="1893" count="1468" type="cond" truecount="1" falsecount="0"/>
        <line num="1894" count="652" type="stmt"/>
        <line num="1895" count="652" type="cond" truecount="1" falsecount="0"/>
        <line num="1897" count="1220" type="stmt"/>
        <line num="1898" count="1220" type="stmt"/>
        <line num="1900" count="103" type="cond" truecount="1" falsecount="0"/>
        <line num="1901" count="103" type="stmt"/>
        <line num="1902" count="103" type="cond" truecount="0" falsecount="1"/>
        <line num="1904" count="103" type="stmt"/>
        <line num="1905" count="103" type="stmt"/>
        <line num="1906" count="103" type="stmt"/>
        <line num="1908" count="45" type="stmt"/>
        <line num="1909" count="45" type="stmt"/>
        <line num="1910" count="45" type="cond" truecount="1" falsecount="0"/>
        <line num="1911" count="45" type="stmt"/>
        <line num="1912" count="45" type="cond" truecount="0" falsecount="1"/>
        <line num="1914" count="45" type="stmt"/>
        <line num="1918" count="370" type="stmt"/>
        <line num="1921" count="38169" type="stmt"/>
        <line num="1923" count="38169" type="stmt"/>
        <line num="1924" count="388374" type="cond" truecount="1" falsecount="0"/>
[...]
        <line num="270" count="738" type="stmt"/>
        <line num="272" count="683" type="stmt"/>
        <line num="282" count="119502" type="cond" truecount="1" falsecount="0"/>
        <line num="283" count="119501" type="stmt"/>
        <line num="284" count="119501" type="stmt"/>
        <line num="285" count="119501" type="cond" truecount="3" falsecount="0"/>
        <line num="286" count="119501" type="stmt"/>
        <line num="297" count="3" type="stmt"/>
        <line num="298" count="9" type="cond" truecount="1" falsecount="0"/>
        <line num="299" count="3" type="stmt"/>
        <line num="300" count="3" type="stmt"/>
        <line num="303" count="0" type="stmt"/>
        <line num="314" count="123" type="cond" truecount="3" falsecount="0"/>
        <line num="315" count="121" type="stmt"/>
        <line num="326" count="2" type="cond" truecount="2" falsecount="1"/>
        <line num="327" count="2" type="stmt"/>
        <line num="328" count="2" type="stmt"/>
        <line num="329" count="2" type="stmt"/>
        <line num="341" count="1" type="cond" truecount="2" falsecount="1"/>
        <line num="342" count="1" type="stmt"/>
        <line num="343" count="1" type="stmt"/>
        <line num="355" count="8" type="cond" truecount="2" falsecount="1"/>
        <line num="356" count="8" type="stmt"/>
        <line num="357" count="8" type="stmt"/>
        <line num="367" count="2" type="stmt"/>
        <line num="368" count="2" type="stmt"/>
        <line num="369" count="2" type="stmt"/>
        <line num="379" count="3" type="stmt"/>
        <line num="380" count="3" type="stmt"/>
        <line num="390" count="1937" type="stmt"/>
        <line num="391" count="1937" type="stmt"/>
        <line num="392" count="1937" type="stmt"/>
        <line num="405" count="2" type="stmt"/>
        <line num="406" count="2" type="stmt"/>
        <line num="408" count="2" type="stmt"/>
        <line num="409" count="2" type="stmt"/>
        <line num="411" count="2" type="cond" truecount="2" falsecount="1"/>
        <line num="413" count="2" type="stmt"/>
        <line num="414" count="2" type="stmt"/>
        <line num="415" count="2" type="stmt"/>
        <line num="417" count="2" type="stmt"/>
        <line num="427" count="5" type="stmt"/>
        <line num="428" count="5" type="stmt"/>
        <line num="429" count="14" type="stmt"/>
        <line num="430" count="5" type="stmt"/>
        <line num="442" count="4" type="stmt"/>
        <line num="443" count="4" type="stmt"/>
        <line num="444" count="4" type="stmt"/>
        <line num="445" count="4" type="stmt"/>
        <line num="446" count="14" type="cond" truecount="1" falsecount="0"/>
        <line num="447" count="14" type="stmt"/>
        <line num="449" count="4" type="stmt"/>
        <line num="464" count="5" type="stmt"/>
        <line num="472" count="5" type="stmt"/>
        <line num="473" count="5" type="stmt"/>
        <line num="474" count="20" type="cond" truecount="1" falsecount="1"/>
        <line num="475" count="5" type="stmt"/>
        <line num="487" count="0" type="stmt"/>
        <line num="491" count="0" type="stmt"/>
        <line num="496" count="0" type="stmt"/>
        <line num="497" count="0" type="stmt"/>
        <line num="498" count="0" type="stmt"/>
        <line num="499" count="0" type="cond" truecount="0" falsecount="2"/>
        <line num="500" count="0" type="stmt"/>
        <line num="502" count="0" type="stmt"/>
        <line num="513" count="11" type="stmt"/>
        <line num="523" count="176" type="stmt"/>
        <line num="533" count="0" type="stmt"/>
        <line num="534" count="0" type="stmt"/>
        <line num="535" count="0" type="cond" truecount="0" falsecount="1"/>
        <line num="547" count="12" type="stmt"/>
        <line num="548" count="12" type="stmt"/>
        <line num="565" count="0" type="stmt"/>
        <line num="569" count="0" type="stmt"/>
        <line num="580" count="35" type="stmt"/>
        <line num="588" count="1" type="stmt"/>
        <line num="589" count="2" type="stmt"/>
        <line num="590" count="1" type="stmt"/>
      </file>
    </package>
    <package name="stack">
      <metrics statements="60" coveredstatements="46" conditionals="20" coveredconditionals="14" methods="22" coveredmethods="19"/>
      <file name="stack.ts" path="/Users/revone/projects/data-structure-typed/src/data-structures/stack/stack.ts">
        <metrics statements="60" coveredstatements="46" conditionals="20" coveredconditionals="14" methods="22" coveredmethods="19"/>
        <line num="10" count="35" type="stmt"/>
        <line num="163" count="35" type="stmt"/>
        <line num="164" count="44" type="stmt"/>
        <line num="175" count="45" type="stmt"/>
        <line num="176" count="44" type="stmt"/>
        <line num="179" count="44" type="stmt"/>
        <line num="188" count="599" type="stmt"/>
        <line num="198" count="25" type="stmt"/>
        <line num="217" count="1" type="stmt"/>
        <line num="227" count="127" type="stmt"/>
        <line num="237" count="25" type="cond" truecount="2" falsecount="0"/>
        <line num="248" count="150" type="stmt"/>
        <line num="249" count="150" type="stmt"/>
        <line num="259" count="52" type="cond" truecount="2" falsecount="0"/>
        <line num="270" count="44" type="stmt"/>
        <line num="271" count="44" type="stmt"/>
        <line num="272" count="35" type="cond" truecount="2" falsecount="0"/>
        <line num="273" count="27" type="stmt"/>
        <line num="275" count="44" type="stmt"/>
        <line num="286" count="2" type="stmt"/>
        <line num="287" count="2" type="stmt"/>
        <line num="298" count="2" type="cond" truecount="2" falsecount="1"/>
        <line num="299" count="2" type="stmt"/>
        <line num="300" count="2" type="stmt"/>
        <line num="311" count="0" type="stmt"/>
        <line num="312" count="0" type="cond" truecount="0" falsecount="1"/>
        <line num="313" count="0" type="stmt"/>
        <line num="314" count="0" type="stmt"/>
        <line num="317" count="0" type="stmt"/>
        <line num="327" count="1" type="stmt"/>
        <line num="337" count="2" type="stmt"/>
        <line num="338" count="7" type="stmt"/>
        <line num="339" count="2" type="stmt"/>
        <line num="351" count="1" type="stmt"/>
        <line num="352" count="1" type="stmt"/>
        <line num="353" count="1" type="stmt"/>
        <line num="354" count="3" type="cond" truecount="1" falsecount="0"/>
        <line num="355" count="3" type="stmt"/>
        <line num="357" count="1" type="stmt"/>
        <line num="369" count="0" type="stmt"/>
        <line num="370" count="0" type="stmt"/>
        <line num="371" count="0" type="stmt"/>
        <line num="372" count="0" type="cond" truecount="0" falsecount="2"/>
        <line num="373" count="0" type="stmt"/>
        <line num="375" count="0" type="stmt"/>
        <line num="394" count="1" type="cond" truecount="2" falsecount="0"/>
        <line num="395" count="1" type="stmt"/>
        <line num="396" count="1" type="stmt"/>
        <line num="397" count="3" type="cond" truecount="1" falsecount="1"/>
        <line num="398" count="3" type="stmt"/>
        <line num="400" count="1" type="stmt"/>
        <line num="411" count="0" type="stmt"/>
        <line num="412" count="0" type="stmt"/>
        <line num="423" count="7" type="cond" truecount="1" falsecount="0"/>
        <line num="424" count="0" type="stmt"/>
        <line num="435" count="3" type="stmt"/>
        <line num="436" count="3" type="stmt"/>
        <line num="453" count="1" type="stmt"/>
        <line num="457" count="1" type="stmt"/>
        <line num="467" count="79" type="stmt"/>
      </file>
    </package>
    <package name="tree">
      <metrics statements="26" coveredstatements="26" conditionals="9" coveredconditionals="8" methods="10" coveredmethods="10"/>
      <file name="tree.ts" path="/Users/revone/projects/data-structure-typed/src/data-structures/tree/tree.ts">
        <metrics statements="26" coveredstatements="26" conditionals="9" coveredconditionals="8" methods="10" coveredmethods="10"/>
        <line num="1" count="35" type="stmt"/>
        <line num="13" count="11" type="stmt"/>
        <line num="14" count="11" type="cond" truecount="2" falsecount="0"/>
        <line num="15" count="11" type="cond" truecount="0" falsecount="1"/>
        <line num="25" count="5" type="stmt"/>
        <line num="34" count="1" type="stmt"/>
        <line num="44" count="3" type="stmt"/>
        <line num="53" count="1" type="stmt"/>
        <line num="64" count="9" type="stmt"/>
        <line num="73" count="1" type="stmt"/>
        <line num="82" count="5" type="cond" truecount="1" falsecount="0"/>
        <line num="83" count="4" type="stmt"/>
        <line num="85" count="5" type="cond" truecount="2" falsecount="0"/>
        <line num="86" count="4" type="stmt"/>
        <line num="88" count="1" type="stmt"/>
        <line num="98" count="1" type="stmt"/>
        <line num="99" count="1" type="cond" truecount="1" falsecount="0"/>
        <line num="100" count="1" type="stmt"/>
        <line num="101" count="4" type="cond" truecount="1" falsecount="0"/>
        <line num="102" count="2" type="stmt"/>
        <line num="104" count="4" type="stmt"/>
        <line num="105" count="4" type="cond" truecount="1" falsecount="0"/>
        <line num="106" count="2" type="stmt"/>
        <line num="107" count="3" type="stmt"/>
        <line num="111" count="1" type="stmt"/>
        <line num="113" count="1" type="stmt"/>
      </file>
    </package>
    <package name="trie">
      <metrics statements="181" coveredstatements="171" conditionals="60" coveredconditionals="54" methods="39" coveredmethods="36"/>
      <file name="trie.ts" path="/Users/revone/projects/data-structure-typed/src/data-structures/trie/trie.ts">
        <metrics statements="181" coveredstatements="171" conditionals="60" coveredconditionals="54" methods="39" coveredmethods="36"/>
        <line num="10" count="35" type="stmt"/>
        <line num="16" count="35" type="stmt"/>
        <line num="24" count="5631" type="stmt"/>
        <line num="25" count="5631" type="stmt"/>
        <line num="26" count="5631" type="stmt"/>
        <line num="38" count="43" type="stmt"/>
        <line num="49" count="1" type="stmt"/>
        <line num="61" count="15009" type="stmt"/>
        <line num="72" count="1" type="stmt"/>
        <line num="84" count="1225" type="stmt"/>
        <line num="95" count="827" type="stmt"/>
        <line num="258" count="35" type="stmt"/>
        <line num="268" count="46" type="stmt"/>
        <line num="269" count="46" type="cond" truecount="1" falsecount="0"/>
        <line num="270" count="5" type="stmt"/>
        <line num="271" count="5" type="cond" truecount="1" falsecount="0"/>
        <line num="273" count="46" type="cond" truecount="1" falsecount="0"/>
        <line num="274" count="46" type="stmt"/>
        <line num="278" count="46" type="stmt"/>
        <line num="287" count="11" type="stmt"/>
        <line num="290" count="46" type="stmt"/>
        <line num="299" count="2" type="stmt"/>
        <line num="302" count="46" type="stmt"/>
        <line num="311" count="944" type="stmt"/>
        <line num="321" count="0" type="stmt"/>
        <line num="332" count="822" type="stmt"/>
        <line num="333" count="822" type="stmt"/>
        <line num="334" count="822" type="stmt"/>
        <line num="335" count="822" type="stmt"/>
        <line num="336" count="8466" type="stmt"/>
        <line num="337" count="8466" type="cond" truecount="1" falsecount="0"/>
        <line num="338" count="5577" type="stmt"/>
        <line num="339" count="5577" type="stmt"/>
        <line num="341" count="8466" type="stmt"/>
        <line num="343" count="822" type="cond" truecount="1" falsecount="0"/>
        <line num="344" count="822" type="stmt"/>
        <line num="345" count="822" type="stmt"/>
        <line num="346" count="822" type="stmt"/>
        <line num="348" count="822" type="stmt"/>
        <line num="359" count="46" type="stmt"/>
        <line num="360" count="46" type="stmt"/>
        <line num="361" count="95" type="cond" truecount="2" falsecount="0"/>
        <line num="362" count="3" type="stmt"/>
        <line num="364" count="92" type="stmt"/>
        <line num="367" count="46" type="stmt"/>
        <line num="378" count="38" type="stmt"/>
        <line num="379" count="38" type="stmt"/>
        <line num="380" count="38" type="stmt"/>
        <line num="381" count="165" type="stmt"/>
        <line num="382" count="165" type="cond" truecount="1" falsecount="0"/>
        <line num="383" count="155" type="stmt"/>
        <line num="385" count="28" type="stmt"/>
        <line num="395" count="1" type="stmt"/>
        <line num="405" count="1" type="stmt"/>
        <line num="406" count="1" type="stmt"/>
        <line num="417" count="9" type="stmt"/>
        <line num="418" count="9" type="stmt"/>
        <line num="419" count="9" type="stmt"/>
        <line num="420" count="27" type="stmt"/>
        <line num="421" count="27" type="stmt"/>
        <line num="422" count="27" type="cond" truecount="1" falsecount="0"/>
        <line num="423" count="25" type="cond" truecount="1" falsecount="0"/>
        <line num="424" count="7" type="cond" truecount="1" falsecount="0"/>
        <line num="425" count="7" type="cond" truecount="2" falsecount="0"/>
        <line num="426" count="2" type="stmt"/>
        <line num="428" count="5" type="stmt"/>
        <line num="430" count="7" type="stmt"/>
        <line num="431" count="7" type="stmt"/>
        <line num="433" count="0" type="stmt"/>
        <line num="435" count="18" type="stmt"/>
        <line num="436" count="18" type="cond" truecount="4" falsecount="0"/>
        <line num="437" count="4" type="stmt"/>
        <line num="438" count="4" type="stmt"/>
        <line num="440" count="14" type="stmt"/>
        <line num="442" count="2" type="stmt"/>
        <line num="445" count="9" type="stmt"/>
        <line num="446" count="9" type="cond" truecount="1" falsecount="0"/>
        <line num="447" count="7" type="stmt"/>
        <line num="449" count="9" type="stmt"/>
        <line num="459" count="2" type="stmt"/>
        <line num="460" count="2" type="stmt"/>
        <line num="461" count="2" type="cond" truecount="1" falsecount="0"/>
        <line num="462" count="2" type="stmt"/>
        <line num="463" count="57" type="cond" truecount="1" falsecount="0"/>
        <line num="464" count="16" type="stmt"/>
        <line num="466" count="57" type="stmt"/>
        <line num="467" count="57" type="cond" truecount="1" falsecount="0"/>
        <line num="468" count="57" type="stmt"/>
        <line num="469" count="55" type="stmt"/>
        <line num="473" count="2" type="stmt"/>
        <line num="475" count="2" type="stmt"/>
        <line num="486" count="6" type="stmt"/>
        <line num="487" count="6" type="stmt"/>
        <line num="488" count="6" type="stmt"/>
        <line num="489" count="26" type="stmt"/>
        <line num="490" count="26" type="cond" truecount="1" falsecount="0"/>
        <line num="491" count="25" type="stmt"/>
        <line num="493" count="5" type="stmt"/>
        <line num="504" count="12" type="stmt"/>
        <line num="505" count="12" type="stmt"/>
        <line num="506" count="12" type="stmt"/>
        <line num="507" count="44" type="stmt"/>
        <line num="508" count="44" type="cond" truecount="1" falsecount="0"/>
        <line num="509" count="40" type="stmt"/>
        <line num="511" count="8" type="stmt"/>
        <line num="522" count="6" type="stmt"/>
        <line num="523" count="6" type="stmt"/>
        <line num="524" count="6" type="stmt"/>
        <line num="525" count="20" type="stmt"/>
        <line num="526" count="20" type="cond" truecount="1" falsecount="0"/>
        <line num="527" count="17" type="cond" truecount="1" falsecount="0"/>
        <line num="528" count="16" type="cond" truecount="5" falsecount="0"/>
        <line num="529" count="2" type="stmt"/>
        <line num="531" count="6" type="stmt"/>
        <line num="532" count="6" type="stmt"/>
        <line num="542" count="3" type="stmt"/>
        <line num="543" count="3" type="stmt"/>
        <line num="544" count="20" type="stmt"/>
        <line num="545" count="20" type="cond" truecount="1" falsecount="0"/>
        <line num="546" count="19" type="cond" truecount="5" falsecount="0"/>
        <line num="547" count="2" type="stmt"/>
        <line num="549" count="3" type="stmt"/>
        <line num="550" count="3" type="stmt"/>
        <line num="563" count="17" type="stmt"/>
        <line num="564" count="17" type="stmt"/>
        <line num="565" count="17" type="stmt"/>
        <line num="568" count="153" type="stmt"/>
        <line num="569" count="140" type="stmt"/>
        <line num="570" count="140" type="cond" truecount="1" falsecount="0"/>
        <line num="571" count="140" type="stmt"/>
        <line num="574" count="153" type="cond" truecount="1" falsecount="0"/>
        <line num="575" count="37" type="cond" truecount="1" falsecount="0"/>
        <line num="576" count="33" type="stmt"/>
        <line num="577" count="33" type="stmt"/>
        <line num="581" count="17" type="stmt"/>
        <line num="583" count="17" type="cond" truecount="1" falsecount="0"/>
        <line num="584" count="17" type="stmt"/>
        <line num="585" count="61" type="stmt"/>
        <line num="586" count="61" type="cond" truecount="2" falsecount="0"/>
        <line num="587" count="57" type="stmt"/>
        <line num="589" count="4" type="stmt"/>
        <line num="594" count="13" type="cond" truecount="3" falsecount="0"/>
        <line num="596" count="13" type="stmt"/>
        <line num="606" count="1" type="stmt"/>
        <line num="607" count="5" type="stmt"/>
        <line num="608" count="1" type="stmt"/>
        <line num="620" count="1" type="stmt"/>
        <line num="621" count="1" type="stmt"/>
        <line num="622" count="1" type="stmt"/>
        <line num="623" count="5" type="cond" truecount="1" falsecount="0"/>
        <line num="624" count="3" type="stmt"/>
        <line num="626" count="5" type="stmt"/>
        <line num="628" count="1" type="stmt"/>
        <line num="651" count="1" type="stmt"/>
        <line num="652" count="1" type="stmt"/>
        <line num="653" count="1" type="stmt"/>
        <line num="654" count="5" type="cond" truecount="1" falsecount="1"/>
        <line num="655" count="5" type="cond" truecount="0" falsecount="1"/>
        <line num="656" count="0" type="stmt"/>
        <line num="658" count="5" type="stmt"/>
        <line num="660" count="1" type="stmt"/>
        <line num="672" count="0" type="stmt"/>
        <line num="673" count="0" type="stmt"/>
        <line num="674" count="0" type="stmt"/>
        <line num="675" count="0" type="cond" truecount="0" falsecount="2"/>
        <line num="676" count="0" type="stmt"/>
        <line num="678" count="0" type="stmt"/>
        <line num="689" count="2" type="stmt"/>
        <line num="690" count="2" type="stmt"/>
        <line num="695" count="2" type="stmt"/>
        <line num="708" count="1" type="stmt"/>
        <line num="709" count="1" type="stmt"/>
        <line num="721" count="0" type="stmt"/>
        <line num="732" count="163" type="cond" truecount="1" falsecount="0"/>
        <line num="733" count="72" type="stmt"/>
        <line num="735" count="163" type="stmt"/>
        <line num="736" count="149" type="stmt"/>
        <line num="740" count="14" type="stmt"/>
        <line num="751" count="910" type="cond" truecount="1" falsecount="0"/>
        <line num="752" count="13" type="stmt"/>
        <line num="754" count="910" type="stmt"/>
      </file>
    </package>
  </project>
</coverage>
