<?xml version="1.0" encoding="UTF-8"?>
<coverage generated="1767663022731" clover="3.2.0">
  <project timestamp="1767663022731" name="All files">
    <metrics statements="5133" coveredstatements="4624" conditionals="2576" coveredconditionals="2101" methods="1020" coveredmethods="911" elements="8729" coveredelements="7636" complexity="0" loc="5133" ncloc="5133" packages="12" files="34" classes="34"/>
    <package name="base">
      <metrics statements="252" coveredstatements="206" conditionals="97" coveredconditionals="59" methods="52" coveredmethods="45"/>
      <file name="iterable-element-base.ts" path="/Users/revone/projects/data-structure-typed/src/data-structures/base/iterable-element-base.ts">
        <metrics statements="51" coveredstatements="38" conditionals="22" coveredconditionals="13" methods="13" coveredmethods="12"/>
        <line num="14" count="35" type="stmt"/>
        <line num="25" count="1239" type="cond" truecount="1" falsecount="0"/>
        <line num="26" count="180" type="stmt"/>
        <line num="27" count="180" type="cond" truecount="2" falsecount="0"/>
        <line num="28" count="162" type="cond" truecount="1" falsecount="0"/>
        <line num="48" count="1615" type="stmt"/>
        <line num="61" count="391" type="stmt"/>
        <line num="72" count="2" type="stmt"/>
        <line num="87" count="4" type="stmt"/>
        <line num="88" count="4" type="stmt"/>
        <line num="89" count="8" type="cond" truecount="1" falsecount="1"/>
        <line num="90" count="8" type="cond" truecount="1" falsecount="0"/>
        <line num="92" count="0" type="stmt"/>
        <line num="93" count="0" type="cond" truecount="0" falsecount="1"/>
        <line num="96" count="2" type="stmt"/>
        <line num="110" count="4" type="stmt"/>
        <line num="111" count="4" type="stmt"/>
        <line num="112" count="9" type="cond" truecount="1" falsecount="1"/>
        <line num="113" count="9" type="cond" truecount="1" falsecount="0"/>
        <line num="115" count="0" type="stmt"/>
        <line num="116" count="0" type="cond" truecount="0" falsecount="1"/>
        <line num="119" count="1" type="stmt"/>
        <line num="133" count="8" type="stmt"/>
        <line num="134" count="8" type="stmt"/>
        <line num="135" count="32" type="cond" truecount="1" falsecount="1"/>
        <line num="136" count="32" type="stmt"/>
        <line num="138" count="0" type="stmt"/>
        <line num="139" count="0" type="stmt"/>
        <line num="167" count="8" type="stmt"/>
        <line num="168" count="8" type="stmt"/>
        <line num="169" count="23" type="cond" truecount="1" falsecount="1"/>
        <line num="170" count="23" type="cond" truecount="1" falsecount="0"/>
        <line num="172" count="0" type="stmt"/>
        <line num="173" count="0" type="cond" truecount="0" falsecount="1"/>
        <line num="176" count="2" type="stmt"/>
        <line num="189" count="27" type="cond" truecount="1" falsecount="0"/>
        <line num="190" count="6" type="stmt"/>
        <line num="219" count="10" type="stmt"/>
        <line num="220" count="10" type="stmt"/>
        <line num="223" count="10" type="cond" truecount="1" falsecount="1"/>
        <line num="224" count="10" type="stmt"/>
        <line num="226" count="0" type="stmt"/>
        <line num="227" count="0" type="cond" truecount="0" falsecount="1"/>
        <line num="228" count="0" type="stmt"/>
        <line num="229" count="0" type="stmt"/>
        <line num="232" count="10" type="stmt"/>
        <line num="233" count="39" type="stmt"/>
        <line num="235" count="10" type="stmt"/>
        <line num="246" count="128" type="stmt"/>
        <line num="258" count="2" type="stmt"/>
        <line num="269" count="0" type="stmt"/>
      </file>
      <file name="iterable-entry-base.ts" path="/Users/revone/projects/data-structure-typed/src/data-structures/base/iterable-entry-base.ts">
        <metrics statements="46" coveredstatements="43" conditionals="6" coveredconditionals="6" methods="14" coveredmethods="13"/>
        <line num="9" count="35" type="stmt"/>
        <line num="23" count="168" type="stmt"/>
        <line num="32" count="3" type="stmt"/>
        <line num="33" count="12" type="stmt"/>
        <line num="43" count="20" type="stmt"/>
        <line num="44" count="467" type="stmt"/>
        <line num="54" count="14" type="stmt"/>
        <line num="55" count="48" type="stmt"/>
        <line num="67" count="5" type="stmt"/>
        <line num="68" count="5" type="stmt"/>
        <line num="69" count="11" type="cond" truecount="1" falsecount="0"/>
        <line num="70" count="2" type="stmt"/>
        <line num="73" count="3" type="stmt"/>
        <line num="84" count="5" type="stmt"/>
        <line num="85" count="5" type="stmt"/>
        <line num="86" count="10" type="cond" truecount="1" falsecount="0"/>
        <line num="87" count="4" type="stmt"/>
        <line num="90" count="1" type="stmt"/>
        <line num="100" count="12" type="stmt"/>
        <line num="101" count="12" type="stmt"/>
        <line num="102" count="37" type="stmt"/>
        <line num="103" count="37" type="stmt"/>
        <line num="115" count="2" type="stmt"/>
        <line num="116" count="2" type="stmt"/>
        <line num="117" count="4" type="stmt"/>
        <line num="118" count="4" type="cond" truecount="1" falsecount="0"/>
        <line num="120" count="1" type="stmt"/>
        <line num="130" count="1" type="stmt"/>
        <line num="131" count="1" type="stmt"/>
        <line num="132" count="1" type="cond" truecount="1" falsecount="0"/>
        <line num="134" count="0" type="stmt"/>
        <line num="144" count="4" type="stmt"/>
        <line num="145" count="9" type="cond" truecount="1" falsecount="0"/>
        <line num="147" count="2" type="stmt"/>
        <line num="157" count="1" type="stmt"/>
        <line num="158" count="1" type="stmt"/>
        <line num="159" count="1" type="cond" truecount="1" falsecount="0"/>
        <line num="161" count="0" type="stmt"/>
        <line num="172" count="11" type="stmt"/>
        <line num="173" count="11" type="stmt"/>
        <line num="174" count="11" type="stmt"/>
        <line num="175" count="34" type="stmt"/>
        <line num="176" count="34" type="stmt"/>
        <line num="178" count="11" type="stmt"/>
        <line num="187" count="1" type="stmt"/>
        <line num="195" count="0" type="stmt"/>
      </file>
      <file name="linear-base.ts" path="/Users/revone/projects/data-structure-typed/src/data-structures/base/linear-base.ts">
        <metrics statements="155" coveredstatements="125" conditionals="69" coveredconditionals="40" methods="25" coveredmethods="20"/>
        <line num="2" count="35" type="stmt"/>
        <line num="9" count="35" type="stmt"/>
        <line num="16" count="3668" type="stmt"/>
        <line num="17" count="3668" type="stmt"/>
        <line num="28" count="3910" type="stmt"/>
        <line num="37" count="16" type="stmt"/>
        <line num="48" count="0" type="stmt"/>
        <line num="57" count="0" type="stmt"/>
        <line num="68" count="35" type="stmt"/>
        <line num="79" count="1024" type="stmt"/>
        <line num="80" count="1024" type="cond" truecount="1" falsecount="0"/>
        <line num="81" count="67" type="stmt"/>
        <line num="82" count="67" type="cond" truecount="4" falsecount="0"/>
        <line num="93" count="1024" type="stmt"/>
        <line num="101" count="6" type="stmt"/>
        <line num="112" count="6" type="cond" truecount="0" falsecount="1"/>
        <line num="113" count="6" type="cond" truecount="0" falsecount="1"/>
        <line num="114" count="6" type="cond" truecount="0" falsecount="1"/>
        <line num="116" count="6" type="stmt"/>
        <line num="117" count="19" type="stmt"/>
        <line num="118" count="19" type="cond" truecount="1" falsecount="0"/>
        <line num="121" count="3" type="stmt"/>
        <line num="132" count="4" type="cond" truecount="0" falsecount="1"/>
        <line num="133" count="4" type="cond" truecount="0" falsecount="1"/>
        <line num="134" count="4" type="cond" truecount="0" falsecount="1"/>
        <line num="136" count="4" type="stmt"/>
        <line num="137" count="14" type="stmt"/>
        <line num="138" count="14" type="cond" truecount="1" falsecount="0"/>
        <line num="141" count="2" type="stmt"/>
        <line num="152" count="8" type="stmt"/>
        <line num="153" count="28" type="stmt"/>
        <line num="154" count="28" type="cond" truecount="3" falsecount="0"/>
        <line num="156" count="4" type="stmt"/>
        <line num="174" count="2" type="stmt"/>
        <line num="176" count="2" type="stmt"/>
        <line num="177" count="4" type="cond" truecount="1" falsecount="1"/>
        <line num="178" count="4" type="stmt"/>
        <line num="180" count="0" type="stmt"/>
        <line num="184" count="2" type="stmt"/>
        <line num="194" count="5" type="stmt"/>
        <line num="195" count="5" type="stmt"/>
        <line num="196" count="5" type="stmt"/>
        <line num="197" count="23" type="stmt"/>
        <line num="198" count="5" type="stmt"/>
        <line num="210" count="0" type="stmt"/>
        <line num="212" count="0" type="cond" truecount="0" falsecount="2"/>
        <line num="213" count="0" type="stmt"/>
        <line num="214" count="0" type="stmt"/>
        <line num="216" count="0" type="stmt"/>
        <line num="217" count="0" type="stmt"/>
        <line num="218" count="0" type="cond" truecount="0" falsecount="1"/>
        <line num="219" count="0" type="stmt"/>
        <line num="223" count="0" type="stmt"/>
        <line num="224" count="0" type="stmt"/>
        <line num="227" count="0" type="stmt"/>
        <line num="237" count="8" type="stmt"/>
        <line num="246" count="2" type="stmt"/>
        <line num="247" count="2" type="stmt"/>
        <line num="248" count="6" type="stmt"/>
        <line num="250" count="2" type="stmt"/>
        <line num="267" count="0" type="cond" truecount="0" falsecount="2"/>
        <line num="268" count="0" type="stmt"/>
        <line num="269" count="0" type="stmt"/>
        <line num="271" count="0" type="stmt"/>
        <line num="282" count="2" type="cond" truecount="1" falsecount="1"/>
        <line num="283" count="2" type="cond" truecount="1" falsecount="1"/>
        <line num="285" count="2" type="stmt"/>
        <line num="286" count="2" type="stmt"/>
        <line num="287" count="6" type="stmt"/>
        <line num="289" count="2" type="stmt"/>
        <line num="301" count="16" type="cond" truecount="2" falsecount="0"/>
        <line num="302" count="16" type="cond" truecount="2" falsecount="0"/>
        <line num="304" count="16" type="cond" truecount="0" falsecount="1"/>
        <line num="305" count="16" type="cond" truecount="0" falsecount="1"/>
        <line num="306" count="16" type="cond" truecount="1" falsecount="0"/>
        <line num="308" count="12" type="stmt"/>
        <line num="309" count="28" type="stmt"/>
        <line num="312" count="12" type="stmt"/>
        <line num="410" count="35" type="stmt"/>
        <line num="416" count="254" type="stmt"/>
        <line num="417" count="254" type="cond" truecount="1" falsecount="0"/>
        <line num="418" count="17" type="stmt"/>
        <line num="419" count="17" type="cond" truecount="4" falsecount="0"/>
        <line num="431" count="8" type="stmt"/>
        <line num="432" count="8" type="stmt"/>
        <line num="434" count="8" type="stmt"/>
        <line num="435" count="8" type="stmt"/>
        <line num="436" count="0" type="stmt"/>
        <line num="437" count="0" type="stmt"/>
        <line num="440" count="8" type="stmt"/>
        <line num="441" count="26" type="cond" truecount="1" falsecount="0"/>
        <line num="442" count="22" type="stmt"/>
        <line num="443" count="22" type="stmt"/>
        <line num="446" count="4" type="stmt"/>
        <line num="457" count="4" type="stmt"/>
        <line num="458" count="4" type="stmt"/>
        <line num="460" count="4" type="stmt"/>
        <line num="461" count="4" type="stmt"/>
        <line num="462" count="0" type="stmt"/>
        <line num="463" count="0" type="stmt"/>
        <line num="466" count="4" type="stmt"/>
        <line num="467" count="14" type="cond" truecount="1" falsecount="0"/>
        <line num="468" count="12" type="stmt"/>
        <line num="469" count="12" type="stmt"/>
        <line num="472" count="2" type="stmt"/>
        <line num="484" count="2" type="stmt"/>
        <line num="486" count="2" type="stmt"/>
        <line num="487" count="4" type="cond" truecount="1" falsecount="1"/>
        <line num="488" count="4" type="stmt"/>
        <line num="490" count="0" type="stmt"/>
        <line num="494" count="2" type="stmt"/>
        <line num="505" count="2" type="cond" truecount="1" falsecount="1"/>
        <line num="506" count="2" type="cond" truecount="1" falsecount="1"/>
        <line num="508" count="2" type="stmt"/>
        <line num="509" count="2" type="stmt"/>
        <line num="510" count="2" type="stmt"/>
        <line num="511" count="2" type="stmt"/>
        <line num="512" count="2" type="stmt"/>
        <line num="513" count="2" type="stmt"/>
        <line num="514" count="2" type="stmt"/>
        <line num="516" count="2" type="stmt"/>
        <line num="517" count="6" type="stmt"/>
        <line num="518" count="6" type="stmt"/>
        <line num="521" count="2" type="stmt"/>
        <line num="533" count="1" type="stmt"/>
        <line num="535" count="1" type="cond" truecount="1" falsecount="1"/>
        <line num="536" count="1" type="stmt"/>
        <line num="537" count="1" type="stmt"/>
        <line num="539" count="1" type="stmt"/>
        <line num="540" count="1" type="stmt"/>
        <line num="541" count="1" type="stmt"/>
        <line num="543" count="1" type="stmt"/>
        <line num="544" count="1" type="stmt"/>
        <line num="545" count="3" type="cond" truecount="1" falsecount="0"/>
        <line num="546" count="1" type="stmt"/>
        <line num="547" count="1" type="stmt"/>
        <line num="549" count="2" type="stmt"/>
        <line num="550" count="2" type="stmt"/>
        <line num="553" count="1" type="cond" truecount="2" falsecount="0"/>
        <line num="554" count="2" type="stmt"/>
        <line num="555" count="2" type="stmt"/>
        <line num="556" count="2" type="stmt"/>
        <line num="557" count="2" type="stmt"/>
        <line num="560" count="1" type="stmt"/>
        <line num="561" count="2" type="cond" truecount="1" falsecount="1"/>
        <line num="562" count="2" type="stmt"/>
        <line num="563" count="2" type="stmt"/>
        <line num="565" count="0" type="stmt"/>
        <line num="566" count="0" type="stmt"/>
        <line num="570" count="1" type="stmt"/>
        <line num="587" count="0" type="cond" truecount="0" falsecount="2"/>
        <line num="588" count="0" type="stmt"/>
        <line num="589" count="0" type="stmt"/>
        <line num="590" count="0" type="stmt"/>
        <line num="592" count="0" type="stmt"/>
      </file>
    </package>
    <package name="binary-tree">
      <metrics statements="2158" coveredstatements="1961" conditionals="1418" coveredconditionals="1163" methods="411" coveredmethods="365"/>
      <file name="avl-tree-counter.ts" path="/Users/revone/projects/data-structure-typed/src/data-structures/binary-tree/avl-tree-counter.ts">
        <metrics statements="149" coveredstatements="142" conditionals="95" coveredconditionals="72" methods="34" coveredmethods="31"/>
        <line num="20" count="35" type="stmt"/>
        <line num="28" count="35" type="stmt"/>
        <line num="31" count="100191" type="stmt"/>
        <line num="42" count="100191" type="stmt"/>
        <line num="43" count="100191" type="stmt"/>
        <line num="44" count="100191" type="stmt"/>
        <line num="47" count="100191" type="stmt"/>
        <line num="55" count="7180614" type="stmt"/>
        <line num="65" count="100216" type="cond" truecount="1" falsecount="0"/>
        <line num="66" count="100148" type="stmt"/>
        <line num="68" count="100216" type="stmt"/>
        <line num="71" count="100191" type="stmt"/>
        <line num="79" count="11988119" type="stmt"/>
        <line num="89" count="300262" type="cond" truecount="1" falsecount="0"/>
        <line num="90" count="250178" type="stmt"/>
        <line num="92" count="300262" type="stmt"/>
        <line num="95" count="100191" type="stmt"/>
        <line num="104" count="6427525" type="stmt"/>
        <line num="114" count="1869807" type="stmt"/>
        <line num="117" count="100191" type="stmt"/>
        <line num="126" count="0" type="stmt"/>
        <line num="136" count="0" type="stmt"/>
        <line num="139" count="100191" type="stmt"/>
        <line num="148" count="150417" type="stmt"/>
        <line num="158" count="150243" type="stmt"/>
        <line num="168" count="16" type="cond" truecount="0" falsecount="1"/>
        <line num="169" count="0" type="cond" truecount="0" falsecount="4"/>
        <line num="172" count="16" type="cond" truecount="2" falsecount="0"/>
        <line num="173" count="6" type="cond" truecount="3" falsecount="1"/>
        <line num="174" count="10" type="cond" truecount="1" falsecount="0"/>
        <line num="175" count="10" type="cond" truecount="4" falsecount="0"/>
        <line num="178" count="0" type="stmt"/>
        <line num="189" count="35" type="stmt"/>
        <line num="203" count="28" type="stmt"/>
        <line num="204" count="28" type="cond" truecount="1" falsecount="0"/>
        <line num="207" count="28" type="stmt"/>
        <line num="210" count="12" type="stmt"/>
        <line num="219" count="1" type="stmt"/>
        <line num="220" count="3" type="stmt"/>
        <line num="221" count="1" type="stmt"/>
        <line num="225" count="100189" type="cond" truecount="2" falsecount="0"/>
        <line num="236" count="602893" type="stmt"/>
        <line num="252" count="100179" type="stmt"/>
        <line num="253" count="100179" type="cond" truecount="0" falsecount="1"/>
        <line num="255" count="100179" type="cond" truecount="1" falsecount="1"/>
        <line num="256" count="100179" type="stmt"/>
        <line num="257" count="100179" type="cond" truecount="1" falsecount="0"/>
        <line num="258" count="100179" type="stmt"/>
        <line num="260" count="100179" type="stmt"/>
        <line num="274" count="31" type="stmt"/>
        <line num="275" count="31" type="cond" truecount="0" falsecount="1"/>
        <line num="277" count="31" type="cond" truecount="2" falsecount="0"/>
        <line num="278" count="31" type="cond" truecount="1" falsecount="0"/>
        <line num="280" count="29" type="cond" truecount="2" falsecount="0"/>
        <line num="281" count="29" type="stmt"/>
        <line num="282" count="29" type="stmt"/>
        <line num="284" count="29" type="cond" truecount="4" falsecount="0"/>
        <line num="285" count="1" type="stmt"/>
        <line num="286" count="1" type="stmt"/>
        <line num="288" count="28" type="cond" truecount="2" falsecount="0"/>
        <line num="289" count="16" type="cond" truecount="1" falsecount="1"/>
        <line num="290" count="0" type="cond" truecount="0" falsecount="3"/>
        <line num="292" count="16" type="stmt"/>
        <line num="293" count="16" type="cond" truecount="4" falsecount="0"/>
        <line num="294" count="6" type="stmt"/>
        <line num="295" count="10" type="cond" truecount="3" falsecount="0"/>
        <line num="296" count="10" type="stmt"/>
        <line num="298" count="16" type="stmt"/>
        <line num="301" count="12" type="cond" truecount="1" falsecount="1"/>
        <line num="302" count="12" type="cond" truecount="1" falsecount="0"/>
        <line num="303" count="12" type="stmt"/>
        <line num="304" count="12" type="stmt"/>
        <line num="305" count="12" type="cond" truecount="1" falsecount="0"/>
        <line num="306" count="12" type="cond" truecount="2" falsecount="0"/>
        <line num="307" count="4" type="stmt"/>
        <line num="309" count="8" type="stmt"/>
        <line num="311" count="12" type="stmt"/>
        <line num="315" count="28" type="stmt"/>
        <line num="317" count="28" type="cond" truecount="1" falsecount="0"/>
        <line num="320" count="29" type="stmt"/>
        <line num="322" count="29" type="cond" truecount="1" falsecount="0"/>
        <line num="323" count="28" type="stmt"/>
        <line num="326" count="29" type="stmt"/>
        <line num="335" count="3" type="stmt"/>
        <line num="336" count="3" type="stmt"/>
        <line num="346" count="32" type="stmt"/>
        <line num="347" count="2" type="stmt"/>
        <line num="348" count="2" type="cond" truecount="0" falsecount="1"/>
        <line num="350" count="2" type="stmt"/>
        <line num="351" count="32" type="cond" truecount="1" falsecount="1"/>
        <line num="353" count="2" type="stmt"/>
        <line num="355" count="2" type="stmt"/>
        <line num="356" count="66" type="cond" truecount="1" falsecount="0"/>
        <line num="357" count="32" type="stmt"/>
        <line num="358" count="32" type="stmt"/>
        <line num="359" count="32" type="stmt"/>
        <line num="360" count="32" type="stmt"/>
        <line num="361" count="32" type="stmt"/>
        <line num="362" count="32" type="cond" truecount="2" falsecount="0"/>
        <line num="363" count="32" type="cond" truecount="2" falsecount="0"/>
        <line num="364" count="32" type="stmt"/>
        <line num="365" count="32" type="stmt"/>
        <line num="368" count="2" type="stmt"/>
        <line num="369" count="2" type="stmt"/>
        <line num="370" count="2" type="stmt"/>
        <line num="371" count="2" type="stmt"/>
        <line num="372" count="2" type="stmt"/>
        <line num="381" count="2" type="stmt"/>
        <line num="383" count="2" type="cond" truecount="1" falsecount="1"/>
        <line num="384" count="7" type="stmt"/>
        <line num="386" count="0" type="stmt"/>
        <line num="389" count="2" type="cond" truecount="1" falsecount="0"/>
        <line num="391" count="2" type="stmt"/>
        <line num="410" count="1" type="stmt"/>
        <line num="412" count="1" type="stmt"/>
        <line num="413" count="1" type="stmt"/>
        <line num="414" count="3" type="stmt"/>
        <line num="416" count="1" type="stmt"/>
        <line num="431" count="3" type="stmt"/>
        <line num="437" count="3" type="cond" truecount="2" falsecount="0"/>
        <line num="456" count="1" type="stmt"/>
        <line num="462" count="1" type="cond" truecount="2" falsecount="0"/>
        <line num="478" count="200358" type="cond" truecount="2" falsecount="1"/>
        <line num="479" count="200358" type="cond" truecount="1" falsecount="0"/>
        <line num="481" count="100177" type="cond" truecount="1" falsecount="0"/>
        <line num="482" count="156" type="stmt"/>
        <line num="483" count="156" type="cond" truecount="2" falsecount="1"/>
        <line num="484" count="156" type="cond" truecount="2" falsecount="0"/>
        <line num="485" count="156" type="stmt"/>
        <line num="488" count="100021" type="stmt"/>
        <line num="502" count="12" type="stmt"/>
        <line num="503" count="12" type="stmt"/>
        <line num="504" count="12" type="cond" truecount="3" falsecount="0"/>
        <line num="505" count="12" type="stmt"/>
        <line num="506" count="12" type="stmt"/>
        <line num="507" count="12" type="cond" truecount="1" falsecount="0"/>
        <line num="508" count="12" type="stmt"/>
        <line num="510" count="12" type="stmt"/>
        <line num="511" count="12" type="cond" truecount="0" falsecount="1"/>
        <line num="512" count="12" type="stmt"/>
        <line num="513" count="12" type="stmt"/>
        <line num="515" count="12" type="stmt"/>
        <line num="516" count="12" type="cond" truecount="0" falsecount="1"/>
        <line num="517" count="12" type="stmt"/>
        <line num="518" count="12" type="stmt"/>
        <line num="521" count="12" type="stmt"/>
        <line num="523" count="0" type="stmt"/>
        <line num="537" count="11" type="stmt"/>
        <line num="538" count="11" type="stmt"/>
      </file>
      <file name="avl-tree-multi-map.ts" path="/Users/revone/projects/data-structure-typed/src/data-structures/binary-tree/avl-tree-multi-map.ts">
        <metrics statements="100" coveredstatements="86" conditionals="65" coveredconditionals="44" methods="26" coveredmethods="21"/>
        <line num="19" count="35" type="stmt"/>
        <line num="28" count="35" type="stmt"/>
        <line num="31" count="180" type="stmt"/>
        <line num="41" count="180" type="stmt"/>
        <line num="42" count="180" type="stmt"/>
        <line num="45" count="180" type="stmt"/>
        <line num="53" count="4873" type="stmt"/>
        <line num="63" count="151" type="cond" truecount="1" falsecount="0"/>
        <line num="64" count="104" type="stmt"/>
        <line num="66" count="151" type="stmt"/>
        <line num="69" count="180" type="stmt"/>
        <line num="77" count="5171" type="stmt"/>
        <line num="87" count="201" type="cond" truecount="1" falsecount="0"/>
        <line num="88" count="144" type="stmt"/>
        <line num="90" count="201" type="stmt"/>
        <line num="93" count="180" type="stmt"/>
        <line num="102" count="1358" type="stmt"/>
        <line num="112" count="688" type="stmt"/>
        <line num="115" count="180" type="stmt"/>
        <line num="124" count="0" type="stmt"/>
        <line num="134" count="0" type="stmt"/>
        <line num="137" count="180" type="stmt"/>
        <line num="146" count="0" type="stmt"/>
        <line num="156" count="0" type="stmt"/>
        <line num="166" count="17" type="cond" truecount="0" falsecount="1"/>
        <line num="167" count="0" type="cond" truecount="0" falsecount="4"/>
        <line num="170" count="17" type="cond" truecount="2" falsecount="0"/>
        <line num="171" count="7" type="cond" truecount="3" falsecount="1"/>
        <line num="172" count="10" type="cond" truecount="1" falsecount="0"/>
        <line num="173" count="10" type="cond" truecount="4" falsecount="0"/>
        <line num="176" count="0" type="stmt"/>
        <line num="187" count="35" type="stmt"/>
        <line num="201" count="30" type="stmt"/>
        <line num="202" count="30" type="cond" truecount="1" falsecount="0"/>
        <line num="203" count="30" type="stmt"/>
        <line num="208" count="176" type="cond" truecount="1" falsecount="1"/>
        <line num="221" count="4943" type="stmt"/>
        <line num="241" count="180" type="cond" truecount="1" falsecount="0"/>
        <line num="243" count="176" type="stmt"/>
        <line num="244" count="176" type="cond" truecount="3" falsecount="0"/>
        <line num="246" count="171" type="stmt"/>
        <line num="247" count="0" type="stmt"/>
        <line num="248" count="0" type="cond" truecount="0" falsecount="3"/>
        <line num="249" count="0" type="stmt"/>
        <line num="250" count="0" type="stmt"/>
        <line num="252" count="0" type="stmt"/>
        <line num="255" count="171" type="stmt"/>
        <line num="256" count="171" type="stmt"/>
        <line num="257" count="171" type="cond" truecount="2" falsecount="0"/>
        <line num="258" count="14" type="stmt"/>
        <line num="259" count="14" type="cond" truecount="1" falsecount="0"/>
        <line num="260" count="7" type="stmt"/>
        <line num="261" count="7" type="stmt"/>
        <line num="263" count="7" type="cond" truecount="1" falsecount="1"/>
        <line num="264" count="8" type="stmt"/>
        <line num="265" count="7" type="stmt"/>
        <line num="267" count="0" type="stmt"/>
        <line num="270" count="157" type="stmt"/>
        <line num="274" count="171" type="cond" truecount="1" falsecount="0"/>
        <line num="275" count="171" type="cond" truecount="1" falsecount="1"/>
        <line num="277" count="0" type="cond" truecount="0" falsecount="2"/>
        <line num="280" count="176" type="cond" truecount="1" falsecount="0"/>
        <line num="281" count="150" type="stmt"/>
        <line num="282" count="150" type="cond" truecount="1" falsecount="1"/>
        <line num="285" count="26" type="cond" truecount="2" falsecount="0"/>
        <line num="299" count="3" type="stmt"/>
        <line num="300" count="3" type="cond" truecount="1" falsecount="0"/>
        <line num="301" count="3" type="stmt"/>
        <line num="302" count="3" type="cond" truecount="0" falsecount="1"/>
        <line num="303" count="3" type="stmt"/>
        <line num="305" count="3" type="cond" truecount="1" falsecount="0"/>
        <line num="307" count="3" type="stmt"/>
        <line num="309" count="0" type="stmt"/>
        <line num="319" count="32" type="stmt"/>
        <line num="320" count="2" type="stmt"/>
        <line num="321" count="2" type="cond" truecount="0" falsecount="1"/>
        <line num="323" count="2" type="stmt"/>
        <line num="325" count="2" type="stmt"/>
        <line num="326" count="66" type="cond" truecount="1" falsecount="0"/>
        <line num="327" count="32" type="stmt"/>
        <line num="328" count="32" type="stmt"/>
        <line num="329" count="32" type="stmt"/>
        <line num="330" count="32" type="stmt"/>
        <line num="331" count="32" type="stmt"/>
        <line num="332" count="32" type="cond" truecount="2" falsecount="0"/>
        <line num="333" count="32" type="cond" truecount="2" falsecount="0"/>
        <line num="334" count="32" type="stmt"/>
        <line num="335" count="32" type="stmt"/>
        <line num="338" count="2" type="stmt"/>
        <line num="339" count="2" type="stmt"/>
        <line num="340" count="2" type="stmt"/>
        <line num="341" count="2" type="stmt"/>
        <line num="394" count="1" type="stmt"/>
        <line num="395" count="1" type="stmt"/>
        <line num="396" count="3" type="stmt"/>
        <line num="397" count="1" type="stmt"/>
        <line num="410" count="4" type="stmt"/>
        <line num="414" count="4" type="cond" truecount="3" falsecount="1"/>
        <line num="431" count="1" type="stmt"/>
        <line num="435" count="1" type="cond" truecount="3" falsecount="1"/>
      </file>
      <file name="avl-tree.ts" path="/Users/revone/projects/data-structure-typed/src/data-structures/binary-tree/avl-tree.ts">
        <metrics statements="199" coveredstatements="190" conditionals="132" coveredconditionals="119" methods="33" coveredmethods="29"/>
        <line num="9" count="35" type="stmt"/>
        <line num="30" count="35" type="stmt"/>
        <line num="33" count="307" type="stmt"/>
        <line num="43" count="307" type="stmt"/>
        <line num="44" count="307" type="stmt"/>
        <line num="47" count="307" type="stmt"/>
        <line num="56" count="7967" type="stmt"/>
        <line num="66" count="290" type="cond" truecount="1" falsecount="0"/>
        <line num="67" count="211" type="stmt"/>
        <line num="69" count="290" type="stmt"/>
        <line num="72" count="307" type="stmt"/>
        <line num="81" count="8619" type="stmt"/>
        <line num="91" count="338" type="cond" truecount="1" falsecount="0"/>
        <line num="92" count="265" type="stmt"/>
        <line num="94" count="338" type="stmt"/>
        <line num="97" count="307" type="stmt"/>
        <line num="106" count="2721" type="stmt"/>
        <line num="116" count="1278" type="stmt"/>
        <line num="119" count="307" type="stmt"/>
        <line num="128" count="0" type="stmt"/>
        <line num="138" count="0" type="stmt"/>
        <line num="141" count="307" type="stmt"/>
        <line num="150" count="0" type="stmt"/>
        <line num="160" count="0" type="stmt"/>
        <line num="170" count="17" type="cond" truecount="0" falsecount="1"/>
        <line num="171" count="0" type="cond" truecount="0" falsecount="4"/>
        <line num="174" count="17" type="cond" truecount="2" falsecount="0"/>
        <line num="175" count="7" type="cond" truecount="3" falsecount="1"/>
        <line num="176" count="10" type="cond" truecount="1" falsecount="0"/>
        <line num="177" count="10" type="cond" truecount="4" falsecount="0"/>
        <line num="180" count="0" type="stmt"/>
        <line num="359" count="35" type="stmt"/>
        <line num="373" count="97" type="stmt"/>
        <line num="375" count="97" type="cond" truecount="1" falsecount="0"/>
        <line num="387" count="303" type="cond" truecount="2" falsecount="0"/>
        <line num="400" count="6297" type="stmt"/>
        <line num="415" count="100643" type="cond" truecount="1" falsecount="0"/>
        <line num="416" count="100640" type="stmt"/>
        <line num="418" count="100640" type="cond" truecount="1" falsecount="0"/>
        <line num="419" count="100640" type="stmt"/>
        <line num="432" count="67" type="stmt"/>
        <line num="434" count="67" type="stmt"/>
        <line num="435" count="63" type="cond" truecount="1" falsecount="0"/>
        <line num="436" count="62" type="stmt"/>
        <line num="439" count="67" type="stmt"/>
        <line num="451" count="32" type="stmt"/>
        <line num="452" count="2" type="stmt"/>
        <line num="453" count="2" type="cond" truecount="0" falsecount="1"/>
        <line num="455" count="2" type="stmt"/>
        <line num="458" count="2" type="stmt"/>
        <line num="459" count="66" type="cond" truecount="1" falsecount="0"/>
        <line num="460" count="32" type="stmt"/>
        <line num="461" count="32" type="stmt"/>
        <line num="462" count="32" type="stmt"/>
        <line num="463" count="32" type="stmt"/>
        <line num="464" count="32" type="stmt"/>
        <line num="467" count="32" type="cond" truecount="2" falsecount="0"/>
        <line num="468" count="32" type="cond" truecount="2" falsecount="0"/>
        <line num="469" count="32" type="stmt"/>
        <line num="470" count="32" type="stmt"/>
        <line num="473" count="2" type="stmt"/>
        <line num="474" count="2" type="stmt"/>
        <line num="475" count="2" type="stmt"/>
        <line num="476" count="2" type="stmt"/>
        <line num="496" count="1" type="stmt"/>
        <line num="498" count="1" type="stmt"/>
        <line num="500" count="1" type="stmt"/>
        <line num="502" count="3" type="stmt"/>
        <line num="504" count="1" type="stmt"/>
        <line num="516" count="5" type="stmt"/>
        <line num="520" count="5" type="cond" truecount="2" falsecount="0"/>
        <line num="536" count="1" type="stmt"/>
        <line num="540" count="1" type="cond" truecount="2" falsecount="0"/>
        <line num="555" count="28" type="stmt"/>
        <line num="556" count="28" type="stmt"/>
        <line num="558" count="28" type="cond" truecount="3" falsecount="0"/>
        <line num="559" count="28" type="stmt"/>
        <line num="560" count="28" type="stmt"/>
        <line num="562" count="28" type="cond" truecount="1" falsecount="0"/>
        <line num="563" count="28" type="stmt"/>
        <line num="566" count="28" type="stmt"/>
        <line num="567" count="28" type="cond" truecount="0" falsecount="1"/>
        <line num="568" count="28" type="stmt"/>
        <line num="571" count="28" type="stmt"/>
        <line num="572" count="28" type="cond" truecount="0" falsecount="1"/>
        <line num="573" count="28" type="stmt"/>
        <line num="576" count="28" type="stmt"/>
        <line num="578" count="0" type="stmt"/>
        <line num="589" count="1771275" type="cond" truecount="2" falsecount="0"/>
        <line num="590" count="1771275" type="cond" truecount="2" falsecount="0"/>
        <line num="591" count="1771275" type="stmt"/>
        <line num="601" count="1871528" type="cond" truecount="2" falsecount="0"/>
        <line num="602" count="1871528" type="cond" truecount="2" falsecount="0"/>
        <line num="603" count="1871528" type="stmt"/>
        <line num="613" count="25" type="stmt"/>
        <line num="614" count="25" type="stmt"/>
        <line num="615" count="25" type="cond" truecount="1" falsecount="0"/>
        <line num="616" count="25" type="cond" truecount="3" falsecount="0"/>
        <line num="617" count="6" type="stmt"/>
        <line num="619" count="25" type="cond" truecount="1" falsecount="0"/>
        <line num="622" count="25" type="cond" truecount="2" falsecount="0"/>
        <line num="623" count="14" type="cond" truecount="1" falsecount="0"/>
        <line num="625" count="11" type="cond" truecount="1" falsecount="1"/>
        <line num="626" count="0" type="stmt"/>
        <line num="628" count="11" type="cond" truecount="1" falsecount="0"/>
        <line num="633" count="25" type="cond" truecount="1" falsecount="0"/>
        <line num="634" count="25" type="stmt"/>
        <line num="635" count="25" type="stmt"/>
        <line num="637" count="25" type="stmt"/>
        <line num="638" count="25" type="cond" truecount="1" falsecount="0"/>
        <line num="648" count="32" type="stmt"/>
        <line num="649" count="32" type="stmt"/>
        <line num="650" count="32" type="stmt"/>
        <line num="651" count="32" type="cond" truecount="1" falsecount="0"/>
        <line num="652" count="32" type="stmt"/>
        <line num="654" count="32" type="cond" truecount="3" falsecount="0"/>
        <line num="655" count="32" type="cond" truecount="3" falsecount="0"/>
        <line num="657" count="32" type="cond" truecount="1" falsecount="0"/>
        <line num="658" count="32" type="cond" truecount="0" falsecount="1"/>
        <line num="659" count="0" type="cond" truecount="0" falsecount="1"/>
        <line num="661" count="32" type="cond" truecount="1" falsecount="0"/>
        <line num="662" count="7" type="stmt"/>
        <line num="664" count="32" type="stmt"/>
        <line num="668" count="32" type="cond" truecount="2" falsecount="0"/>
        <line num="669" count="22" type="cond" truecount="1" falsecount="0"/>
        <line num="671" count="10" type="cond" truecount="1" falsecount="0"/>
        <line num="672" count="10" type="cond" truecount="2" falsecount="0"/>
        <line num="673" count="1" type="stmt"/>
        <line num="675" count="9" type="stmt"/>
        <line num="681" count="32" type="cond" truecount="1" falsecount="0"/>
        <line num="682" count="32" type="stmt"/>
        <line num="683" count="32" type="cond" truecount="1" falsecount="0"/>
        <line num="684" count="32" type="stmt"/>
        <line num="685" count="32" type="stmt"/>
        <line num="688" count="32" type="stmt"/>
        <line num="689" count="32" type="cond" truecount="1" falsecount="0"/>
        <line num="690" count="32" type="cond" truecount="1" falsecount="0"/>
        <line num="700" count="100096" type="stmt"/>
        <line num="701" count="100096" type="stmt"/>
        <line num="702" count="100096" type="cond" truecount="1" falsecount="0"/>
        <line num="703" count="100096" type="cond" truecount="1" falsecount="0"/>
        <line num="704" count="100096" type="cond" truecount="1" falsecount="0"/>
        <line num="705" count="50027" type="stmt"/>
        <line num="707" count="100096" type="stmt"/>
        <line num="711" count="100096" type="cond" truecount="2" falsecount="0"/>
        <line num="712" count="76" type="cond" truecount="1" falsecount="0"/>
        <line num="714" count="100020" type="cond" truecount="1" falsecount="0"/>
        <line num="715" count="100020" type="cond" truecount="2" falsecount="0"/>
        <line num="716" count="7" type="stmt"/>
        <line num="718" count="100013" type="stmt"/>
        <line num="724" count="100096" type="cond" truecount="1" falsecount="0"/>
        <line num="725" count="100096" type="stmt"/>
        <line num="726" count="100096" type="stmt"/>
        <line num="728" count="100096" type="stmt"/>
        <line num="729" count="100096" type="cond" truecount="1" falsecount="0"/>
        <line num="739" count="34" type="stmt"/>
        <line num="740" count="34" type="stmt"/>
        <line num="741" count="34" type="stmt"/>
        <line num="742" count="34" type="cond" truecount="1" falsecount="0"/>
        <line num="743" count="34" type="stmt"/>
        <line num="746" count="34" type="cond" truecount="1" falsecount="0"/>
        <line num="747" count="34" type="cond" truecount="3" falsecount="0"/>
        <line num="749" count="34" type="cond" truecount="1" falsecount="0"/>
        <line num="750" count="34" type="cond" truecount="1" falsecount="0"/>
        <line num="751" count="21" type="stmt"/>
        <line num="753" count="34" type="cond" truecount="1" falsecount="0"/>
        <line num="754" count="8" type="cond" truecount="1" falsecount="0"/>
        <line num="756" count="34" type="stmt"/>
        <line num="760" count="34" type="cond" truecount="2" falsecount="0"/>
        <line num="761" count="7" type="cond" truecount="1" falsecount="0"/>
        <line num="763" count="27" type="cond" truecount="1" falsecount="0"/>
        <line num="764" count="27" type="cond" truecount="2" falsecount="0"/>
        <line num="765" count="14" type="stmt"/>
        <line num="767" count="13" type="stmt"/>
        <line num="773" count="34" type="cond" truecount="1" falsecount="0"/>
        <line num="774" count="34" type="cond" truecount="3" falsecount="0"/>
        <line num="775" count="34" type="cond" truecount="1" falsecount="0"/>
        <line num="776" count="34" type="cond" truecount="1" falsecount="0"/>
        <line num="778" count="34" type="stmt"/>
        <line num="779" count="34" type="cond" truecount="1" falsecount="0"/>
        <line num="780" count="34" type="cond" truecount="1" falsecount="0"/>
        <line num="791" count="100728" type="stmt"/>
        <line num="792" count="1671088" type="stmt"/>
        <line num="795" count="100728" type="stmt"/>
        <line num="796" count="1671088" type="stmt"/>
        <line num="797" count="1671088" type="cond" truecount="1" falsecount="0"/>
        <line num="798" count="1671088" type="stmt"/>
        <line num="801" count="1671088" type="cond" truecount="2" falsecount="0"/>
        <line num="803" count="57" type="cond" truecount="3" falsecount="0"/>
        <line num="804" count="57" type="cond" truecount="2" falsecount="0"/>
        <line num="806" count="25" type="stmt"/>
        <line num="809" count="32" type="stmt"/>
        <line num="812" count="57" type="stmt"/>
        <line num="814" count="100130" type="cond" truecount="3" falsecount="0"/>
        <line num="815" count="100130" type="cond" truecount="2" falsecount="0"/>
        <line num="817" count="100096" type="stmt"/>
        <line num="820" count="34" type="stmt"/>
        <line num="838" count="29" type="stmt"/>
        <line num="839" count="29" type="stmt"/>
      </file>
      <file name="binary-indexed-tree.ts" path="/Users/revone/projects/data-structure-typed/src/data-structures/binary-tree/binary-indexed-tree.ts">
        <metrics statements="80" coveredstatements="78" conditionals="22" coveredconditionals="19" methods="24" coveredmethods="24"/>
        <line num="8" count="35" type="stmt"/>
        <line num="13" count="35" type="stmt"/>
        <line num="24" count="30" type="stmt"/>
        <line num="25" count="30" type="stmt"/>
        <line num="26" count="30" type="stmt"/>
        <line num="27" count="30" type="stmt"/>
        <line num="28" count="30" type="cond" truecount="1" falsecount="1"/>
        <line num="39" count="2328" type="stmt"/>
        <line num="49" count="46" type="stmt"/>
        <line num="60" count="52" type="stmt"/>
        <line num="68" count="379" type="stmt"/>
        <line num="76" count="1158" type="stmt"/>
        <line num="86" count="68" type="stmt"/>
        <line num="87" count="66" type="stmt"/>
        <line num="99" count="55" type="stmt"/>
        <line num="100" count="53" type="stmt"/>
        <line num="102" count="53" type="stmt"/>
        <line num="103" count="53" type="stmt"/>
        <line num="114" count="126" type="stmt"/>
        <line num="115" count="124" type="stmt"/>
        <line num="126" count="79" type="cond" truecount="0" falsecount="1"/>
        <line num="127" count="0" type="stmt"/>
        <line num="129" count="79" type="stmt"/>
        <line num="139" count="25" type="cond" truecount="1" falsecount="0"/>
        <line num="140" count="1" type="stmt"/>
        <line num="142" count="86" type="stmt"/>
        <line num="153" count="23" type="cond" truecount="1" falsecount="0"/>
        <line num="154" count="1" type="stmt"/>
        <line num="156" count="78" type="stmt"/>
        <line num="167" count="10" type="stmt"/>
        <line num="168" count="10" type="stmt"/>
        <line num="170" count="10" type="stmt"/>
        <line num="171" count="10" type="stmt"/>
        <line num="172" count="13" type="stmt"/>
        <line num="173" count="13" type="stmt"/>
        <line num="176" count="10" type="stmt"/>
        <line num="187" count="1147" type="cond" truecount="1" falsecount="0"/>
        <line num="188" count="770" type="stmt"/>
        <line num="191" count="377" type="stmt"/>
        <line num="202" count="410" type="stmt"/>
        <line num="211" count="259" type="cond" truecount="0" falsecount="1"/>
        <line num="212" count="0" type="stmt"/>
        <line num="214" count="259" type="cond" truecount="3" falsecount="0"/>
        <line num="215" count="6" type="stmt"/>
        <line num="227" count="243" type="stmt"/>
        <line num="228" count="243" type="stmt"/>
        <line num="229" count="243" type="stmt"/>
        <line num="231" count="243" type="stmt"/>
        <line num="233" count="243" type="stmt"/>
        <line num="234" count="183" type="stmt"/>
        <line num="235" count="183" type="stmt"/>
        <line num="238" count="243" type="stmt"/>
        <line num="247" count="177" type="cond" truecount="4" falsecount="0"/>
        <line num="248" count="6" type="stmt"/>
        <line num="249" count="171" type="cond" truecount="3" falsecount="0"/>
        <line num="250" count="7" type="stmt"/>
        <line num="263" count="177" type="stmt"/>
        <line num="265" count="177" type="stmt"/>
        <line num="266" count="410" type="stmt"/>
        <line num="267" count="410" type="stmt"/>
        <line num="280" count="124" type="stmt"/>
        <line num="282" count="124" type="stmt"/>
        <line num="283" count="124" type="stmt"/>
        <line num="294" count="79" type="stmt"/>
        <line num="295" count="79" type="stmt"/>
        <line num="296" count="79" type="stmt"/>
        <line num="297" count="114" type="stmt"/>
        <line num="298" count="114" type="stmt"/>
        <line num="301" count="79" type="stmt"/>
        <line num="314" count="46" type="stmt"/>
        <line num="315" count="46" type="stmt"/>
        <line num="316" count="46" type="stmt"/>
        <line num="318" count="46" type="stmt"/>
        <line num="319" count="184" type="stmt"/>
        <line num="320" count="184" type="stmt"/>
        <line num="322" count="184" type="cond" truecount="4" falsecount="0"/>
        <line num="323" count="45" type="stmt"/>
        <line num="324" count="45" type="stmt"/>
        <line num="326" count="139" type="stmt"/>
        <line num="329" count="46" type="stmt"/>
      </file>
      <file name="binary-tree.ts" path="/Users/revone/projects/data-structure-typed/src/data-structures/binary-tree/binary-tree.ts">
        <metrics statements="676" coveredstatements="664" conditionals="483" coveredconditionals="453" methods="122" coveredmethods="113"/>
        <line num="28" count="35" type="stmt"/>
        <line num="29" count="35" type="stmt"/>
        <line num="30" count="35" type="stmt"/>
        <line num="31" count="35" type="stmt"/>
        <line num="37" count="35" type="stmt"/>
        <line num="40" count="1082" type="stmt"/>
        <line num="50" count="1082" type="stmt"/>
        <line num="51" count="1082" type="stmt"/>
        <line num="54" count="1082" type="stmt"/>
        <line num="63" count="22125" type="stmt"/>
        <line num="73" count="291" type="cond" truecount="1" falsecount="0"/>
        <line num="74" count="245" type="stmt"/>
        <line num="76" count="291" type="stmt"/>
        <line num="79" count="1082" type="stmt"/>
        <line num="88" count="21749" type="stmt"/>
        <line num="98" count="290" type="cond" truecount="1" falsecount="0"/>
        <line num="99" count="220" type="stmt"/>
        <line num="101" count="290" type="stmt"/>
        <line num="104" count="1082" type="stmt"/>
        <line num="113" count="0" type="stmt"/>
        <line num="123" count="0" type="stmt"/>
        <line num="126" count="1082" type="stmt"/>
        <line num="135" count="51342" type="stmt"/>
        <line num="145" count="11170" type="stmt"/>
        <line num="148" count="1082" type="stmt"/>
        <line num="157" count="0" type="stmt"/>
        <line num="167" count="0" type="stmt"/>
        <line num="177" count="18" type="cond" truecount="1" falsecount="0"/>
        <line num="178" count="4" type="cond" truecount="4" falsecount="0"/>
        <line num="181" count="14" type="cond" truecount="2" falsecount="0"/>
        <line num="182" count="5" type="cond" truecount="4" falsecount="0"/>
        <line num="183" count="9" type="cond" truecount="1" falsecount="0"/>
        <line num="184" count="8" type="cond" truecount="4" falsecount="0"/>
        <line num="187" count="1" type="stmt"/>
        <line num="348" count="35" type="stmt"/>
        <line num="352" count="528" type="stmt"/>
        <line num="367" count="528" type="stmt"/>
        <line num="368" count="528" type="cond" truecount="1" falsecount="0"/>
        <line num="369" count="201" type="stmt"/>
        <line num="370" count="201" type="cond" truecount="1" falsecount="0"/>
        <line num="371" count="201" type="cond" truecount="1" falsecount="0"/>
        <line num="372" count="201" type="cond" truecount="1" falsecount="0"/>
        <line num="373" count="201" type="cond" truecount="2" falsecount="0"/>
        <line num="374" count="183" type="cond" truecount="1" falsecount="0"/>
        <line num="377" count="527" type="cond" truecount="1" falsecount="0"/>
        <line num="380" count="528" type="stmt"/>
        <line num="389" count="42" type="stmt"/>
        <line num="392" count="528" type="stmt"/>
        <line num="401" count="41" type="stmt"/>
        <line num="404" count="528" type="stmt"/>
        <line num="413" count="0" type="stmt"/>
        <line num="425" count="57" type="stmt"/>
        <line num="428" count="528" type="stmt"/>
        <line num="437" count="143" type="stmt"/>
        <line num="440" count="528" type="stmt"/>
        <line num="449" count="2485745" type="stmt"/>
        <line num="461" count="41" type="stmt"/>
        <line num="473" count="506" type="cond" truecount="2" falsecount="0"/>
        <line num="484" count="0" type="stmt"/>
        <line num="499" count="280503" type="cond" truecount="1" falsecount="0"/>
        <line num="500" count="280499" type="cond" truecount="1" falsecount="0"/>
        <line num="501" count="280449" type="cond" truecount="1" falsecount="0"/>
        <line num="503" count="280369" type="cond" truecount="1" falsecount="0"/>
        <line num="505" count="563" type="cond" truecount="1" falsecount="0"/>
        <line num="506" count="202" type="stmt"/>
        <line num="507" count="202" type="cond" truecount="1" falsecount="0"/>
        <line num="508" count="201" type="cond" truecount="1" falsecount="0"/>
        <line num="509" count="200" type="stmt"/>
        <line num="512" count="361" type="stmt"/>
        <line num="525" count="3971" type="stmt"/>
        <line num="538" count="68695" type="cond" truecount="2" falsecount="0"/>
        <line num="551" count="1678722" type="cond" truecount="4" falsecount="0"/>
        <line num="552" count="1454237" type="stmt"/>
        <line num="565" count="1767" type="cond" truecount="2" falsecount="0"/>
        <line num="576" count="1076" type="stmt"/>
        <line num="596" count="38396" type="stmt"/>
        <line num="607" count="121" type="stmt"/>
        <line num="608" count="121" type="cond" truecount="1" falsecount="0"/>
        <line num="609" count="119" type="cond" truecount="1" falsecount="0"/>
        <line num="610" count="117" type="cond" truecount="2" falsecount="0"/>
        <line num="623" count="1054772" type="cond" truecount="2" falsecount="0"/>
        <line num="634" count="40" type="cond" truecount="1" falsecount="0"/>
        <line num="635" count="37" type="stmt"/>
        <line num="650" count="568" type="stmt"/>
        <line num="651" count="568" type="cond" truecount="1" falsecount="0"/>
        <line num="653" count="565" type="cond" truecount="1" falsecount="0"/>
        <line num="654" count="93" type="stmt"/>
        <line num="655" count="93" type="cond" truecount="1" falsecount="0"/>
        <line num="656" count="93" type="stmt"/>
        <line num="657" count="93" type="stmt"/>
        <line num="660" count="472" type="stmt"/>
        <line num="662" count="472" type="stmt"/>
        <line num="663" count="6225" type="stmt"/>
        <line num="665" count="6225" type="cond" truecount="0" falsecount="1"/>
        <line num="667" count="6225" type="cond" truecount="1" falsecount="0"/>
        <line num="668" count="6215" type="cond" truecount="3" falsecount="0"/>
        <line num="669" count="29" type="stmt"/>
        <line num="670" count="29" type="cond" truecount="1" falsecount="0"/>
        <line num="671" count="29" type="stmt"/>
        <line num="675" count="6196" type="cond" truecount="4" falsecount="0"/>
        <line num="676" count="445" type="stmt"/>
        <line num="679" count="6196" type="cond" truecount="1" falsecount="0"/>
        <line num="680" count="6085" type="cond" truecount="1" falsecount="0"/>
        <line num="682" count="6196" type="cond" truecount="1" falsecount="0"/>
        <line num="683" count="6098" type="cond" truecount="1" falsecount="0"/>
        <line num="687" count="443" type="cond" truecount="1" falsecount="0"/>
        <line num="688" count="441" type="cond" truecount="2" falsecount="0"/>
        <line num="689" count="234" type="stmt"/>
        <line num="690" count="207" type="cond" truecount="1" falsecount="0"/>
        <line num="691" count="207" type="stmt"/>
        <line num="693" count="441" type="cond" truecount="1" falsecount="0"/>
        <line num="694" count="441" type="stmt"/>
        <line num="695" count="441" type="stmt"/>
        <line num="698" count="2" type="stmt"/>
        <line num="713" count="0" type="stmt"/>
        <line num="730" count="138" type="stmt"/>
        <line num="733" count="138" type="cond" truecount="1" falsecount="0"/>
        <line num="734" count="4" type="stmt"/>
        <line num="737" count="138" type="stmt"/>
        <line num="738" count="390" type="stmt"/>
        <line num="740" count="390" type="cond" truecount="1" falsecount="0"/>
        <line num="741" count="11" type="stmt"/>
        <line num="742" count="11" type="cond" truecount="1" falsecount="0"/>
        <line num="743" count="7" type="stmt"/>
        <line num="746" count="390" type="cond" truecount="1" falsecount="0"/>
        <line num="747" count="390" type="stmt"/>
        <line num="750" count="138" type="stmt"/>
        <line num="767" count="0" type="stmt"/>
        <line num="777" count="2" type="stmt"/>
        <line num="793" count="1" type="stmt"/>
        <line num="794" count="1" type="stmt"/>
        <line num="807" count="166" type="stmt"/>
        <line num="808" count="166" type="cond" truecount="1" falsecount="0"/>
        <line num="810" count="164" type="stmt"/>
        <line num="811" count="164" type="cond" truecount="1" falsecount="0"/>
        <line num="813" count="153" type="stmt"/>
        <line num="815" count="153" type="stmt"/>
        <line num="817" count="153" type="cond" truecount="5" falsecount="0"/>
        <line num="819" count="6" type="stmt"/>
        <line num="820" count="147" type="cond" truecount="2" falsecount="0"/>
        <line num="823" count="59" type="stmt"/>
        <line num="824" count="59" type="cond" truecount="1" falsecount="0"/>
        <line num="825" count="59" type="stmt"/>
        <line num="827" count="59" type="stmt"/>
        <line num="829" count="59" type="cond" truecount="1" falsecount="0"/>
        <line num="831" count="59" type="cond" truecount="2" falsecount="0"/>
        <line num="832" count="20" type="stmt"/>
        <line num="833" count="39" type="stmt"/>
        <line num="834" count="59" type="stmt"/>
        <line num="837" count="88" type="cond" truecount="2" falsecount="0"/>
        <line num="840" count="82" type="stmt"/>
        <line num="841" count="82" type="cond" truecount="4" falsecount="0"/>
        <line num="842" count="40" type="stmt"/>
        <line num="843" count="42" type="cond" truecount="3" falsecount="0"/>
        <line num="844" count="42" type="stmt"/>
        <line num="846" count="82" type="stmt"/>
        <line num="850" count="6" type="stmt"/>
        <line num="851" count="6" type="stmt"/>
        <line num="854" count="153" type="stmt"/>
        <line num="856" count="153" type="stmt"/>
        <line num="857" count="153" type="cond" truecount="3" falsecount="0"/>
        <line num="858" count="153" type="stmt"/>
        <line num="886" count="134" type="cond" truecount="1" falsecount="0"/>
        <line num="887" count="130" type="cond" truecount="1" falsecount="0"/>
        <line num="888" count="128" type="stmt"/>
        <line num="889" count="128" type="cond" truecount="1" falsecount="0"/>
        <line num="890" count="127" type="stmt"/>
        <line num="892" count="127" type="stmt"/>
        <line num="894" count="127" type="cond" truecount="2" falsecount="0"/>
        <line num="895" count="29" type="stmt"/>
        <line num="896" count="83" type="cond" truecount="1" falsecount="0"/>
        <line num="897" count="23" type="stmt"/>
        <line num="898" count="23" type="cond" truecount="1" falsecount="0"/>
        <line num="900" count="64" type="cond" truecount="3" falsecount="0"/>
        <line num="901" count="32" type="cond" truecount="1" falsecount="0"/>
        <line num="902" count="32" type="cond" truecount="1" falsecount="0"/>
        <line num="905" count="29" type="stmt"/>
        <line num="907" count="98" type="stmt"/>
        <line num="909" count="98" type="stmt"/>
        <line num="910" count="264" type="stmt"/>
        <line num="911" count="264" type="cond" truecount="1" falsecount="0"/>
        <line num="912" count="264" type="cond" truecount="1" falsecount="0"/>
        <line num="913" count="88" type="stmt"/>
        <line num="914" count="88" type="cond" truecount="1" falsecount="0"/>
        <line num="916" count="179" type="cond" truecount="1" falsecount="0"/>
        <line num="917" count="179" type="cond" truecount="1" falsecount="0"/>
        <line num="922" count="42" type="stmt"/>
        <line num="960" count="38423" type="stmt"/>
        <line num="983" count="98" type="stmt"/>
        <line num="1000" count="542" type="cond" truecount="1" falsecount="0"/>
        <line num="1001" count="452" type="stmt"/>
        <line num="1002" count="452" type="cond" truecount="3" falsecount="0"/>
        <line num="1003" count="439" type="stmt"/>
        <line num="1005" count="90" type="stmt"/>
        <line num="1040" count="88" type="stmt"/>
        <line num="1048" count="93" type="stmt"/>
        <line num="1049" count="93" type="cond" truecount="1" falsecount="0"/>
        <line num="1059" count="4" type="stmt"/>
        <line num="1072" count="20" type="stmt"/>
        <line num="1087" count="23" type="stmt"/>
        <line num="1088" count="23" type="cond" truecount="1" falsecount="0"/>
        <line num="1090" count="21" type="cond" truecount="2" falsecount="0"/>
        <line num="1091" count="6" type="stmt"/>
        <line num="1092" count="264" type="cond" truecount="1" falsecount="0"/>
        <line num="1093" count="132" type="stmt"/>
        <line num="1094" count="132" type="cond" truecount="3" falsecount="0"/>
        <line num="1095" count="126" type="cond" truecount="2" falsecount="0"/>
        <line num="1098" count="6" type="stmt"/>
        <line num="1099" count="6" type="stmt"/>
        <line num="1100" count="6" type="cond" truecount="1" falsecount="1"/>
        <line num="1103" count="15" type="cond" truecount="0" falsecount="1"/>
        <line num="1104" count="30" type="stmt"/>
        <line num="1105" count="30" type="cond" truecount="2" falsecount="0"/>
        <line num="1106" count="30" type="stmt"/>
        <line num="1107" count="30" type="cond" truecount="2" falsecount="0"/>
        <line num="1108" count="297" type="stmt"/>
        <line num="1109" count="322" type="stmt"/>
        <line num="1110" count="322" type="stmt"/>
        <line num="1112" count="297" type="stmt"/>
        <line num="1113" count="297" type="stmt"/>
        <line num="1114" count="297" type="cond" truecount="6" falsecount="0"/>
        <line num="1115" count="282" type="stmt"/>
        <line num="1116" count="282" type="stmt"/>
        <line num="1118" count="15" type="stmt"/>
        <line num="1120" count="15" type="stmt"/>
        <line num="1121" count="15" type="stmt"/>
        <line num="1122" count="15" type="cond" truecount="2" falsecount="0"/>
        <line num="1138" count="33" type="stmt"/>
        <line num="1139" count="33" type="stmt"/>
        <line num="1140" count="33" type="stmt"/>
        <line num="1141" count="33" type="stmt"/>
        <line num="1142" count="57" type="cond" truecount="1" falsecount="0"/>
        <line num="1143" count="1" type="stmt"/>
        <line num="1145" count="56" type="stmt"/>
        <line num="1146" count="56" type="stmt"/>
        <line num="1148" count="32" type="stmt"/>
        <line num="1163" count="243" type="stmt"/>
        <line num="1164" count="243" type="cond" truecount="1" falsecount="0"/>
        <line num="1166" count="236" type="cond" truecount="2" falsecount="0"/>
        <line num="1167" count="98" type="stmt"/>
        <line num="1168" count="1710" type="cond" truecount="1" falsecount="0"/>
        <line num="1169" count="806" type="stmt"/>
        <line num="1170" count="806" type="stmt"/>
        <line num="1171" count="806" type="stmt"/>
        <line num="1174" count="98" type="stmt"/>
        <line num="1177" count="138" type="stmt"/>
        <line num="1178" count="138" type="stmt"/>
        <line num="1180" count="138" type="stmt"/>
        <line num="1181" count="2342" type="stmt"/>
        <line num="1183" count="2342" type="cond" truecount="1" falsecount="0"/>
        <line num="1184" count="2342" type="cond" truecount="1" falsecount="0"/>
        <line num="1186" count="2342" type="stmt"/>
        <line num="1189" count="138" type="stmt"/>
        <line num="1205" count="26" type="stmt"/>
        <line num="1206" count="26" type="cond" truecount="1" falsecount="0"/>
        <line num="1208" count="23" type="cond" truecount="2" falsecount="0"/>
        <line num="1209" count="10" type="stmt"/>
        <line num="1210" count="132" type="cond" truecount="1" falsecount="0"/>
        <line num="1211" count="121" type="cond" truecount="3" falsecount="0"/>
        <line num="1212" count="61" type="stmt"/>
        <line num="1213" count="61" type="stmt"/>
        <line num="1214" count="61" type="stmt"/>
        <line num="1217" count="10" type="stmt"/>
        <line num="1220" count="13" type="stmt"/>
        <line num="1221" count="13" type="stmt"/>
        <line num="1222" count="13" type="stmt"/>
        <line num="1223" count="13" type="stmt"/>
        <line num="1225" count="13" type="cond" truecount="2" falsecount="0"/>
        <line num="1226" count="826" type="cond" truecount="2" falsecount="0"/>
        <line num="1227" count="331" type="stmt"/>
        <line num="1228" count="331" type="stmt"/>
        <line num="1230" count="495" type="stmt"/>
        <line num="1231" count="495" type="cond" truecount="4" falsecount="0"/>
        <line num="1232" count="331" type="stmt"/>
        <line num="1233" count="331" type="cond" truecount="1" falsecount="0"/>
        <line num="1234" count="331" type="cond" truecount="2" falsecount="0"/>
        <line num="1235" count="331" type="cond" truecount="2" falsecount="0"/>
        <line num="1236" count="331" type="stmt"/>
        <line num="1237" count="331" type="stmt"/>
        <line num="1238" count="331" type="stmt"/>
        <line num="1240" count="164" type="stmt"/>
        <line num="1244" count="13" type="stmt"/>
        <line num="1263" count="100736" type="stmt"/>
        <line num="1264" count="100736" type="stmt"/>
        <line num="1266" count="100736" type="cond" truecount="1" falsecount="0"/>
        <line num="1268" count="100735" type="stmt"/>
        <line num="1269" count="1570376" type="stmt"/>
        <line num="1270" count="1570376" type="stmt"/>
        <line num="1272" count="100735" type="stmt"/>
        <line num="1273" count="100735" type="cond" truecount="1" falsecount="1"/>
        <line num="1291" count="858" type="cond" truecount="1" falsecount="0"/>
        <line num="1292" count="856" type="stmt"/>
        <line num="1294" count="856" type="cond" truecount="1" falsecount="0"/>
        <line num="1295" count="855" type="cond" truecount="2" falsecount="0"/>
        <line num="1296" count="21" type="stmt"/>
        <line num="1297" count="54" type="stmt"/>
        <line num="1298" count="54" type="cond" truecount="1" falsecount="0"/>
        <line num="1299" count="33" type="stmt"/>
        <line num="1302" count="21" type="stmt"/>
        <line num="1305" count="834" type="stmt"/>
        <line num="1306" count="1899" type="stmt"/>
        <line num="1307" count="1899" type="cond" truecount="1" falsecount="0"/>
        <line num="1308" count="1065" type="stmt"/>
        <line num="1311" count="834" type="stmt"/>
        <line num="1330" count="80" type="cond" truecount="1" falsecount="0"/>
        <line num="1331" count="78" type="stmt"/>
        <line num="1332" count="78" type="cond" truecount="1" falsecount="0"/>
        <line num="1334" count="77" type="cond" truecount="2" falsecount="0"/>
        <line num="1335" count="25" type="stmt"/>
        <line num="1336" count="34" type="stmt"/>
        <line num="1337" count="34" type="cond" truecount="1" falsecount="0"/>
        <line num="1338" count="9" type="stmt"/>
        <line num="1341" count="25" type="stmt"/>
        <line num="1343" count="52" type="stmt"/>
        <line num="1344" count="86" type="stmt"/>
        <line num="1345" count="86" type="cond" truecount="1" falsecount="0"/>
        <line num="1346" count="34" type="stmt"/>
        <line num="1349" count="52" type="stmt"/>
        <line num="1361" count="45" type="cond" truecount="2" falsecount="0"/>
        <line num="1362" count="41" type="stmt"/>
        <line num="1363" count="41" type="cond" truecount="3" falsecount="0"/>
        <line num="1364" count="13" type="cond" truecount="1" falsecount="0"/>
        <line num="1365" count="13" type="stmt"/>
        <line num="1368" count="41" type="stmt"/>
        <line num="1370" count="4" type="stmt"/>
        <line num="1382" count="7" type="stmt"/>
        <line num="1383" count="7" type="cond" truecount="0" falsecount="1"/>
        <line num="1385" count="7" type="cond" truecount="1" falsecount="0"/>
        <line num="1386" count="2" type="stmt"/>
        <line num="1389" count="5" type="stmt"/>
        <line num="1390" count="5" type="cond" truecount="2" falsecount="0"/>
        <line num="1391" count="2" type="stmt"/>
        <line num="1392" count="2" type="stmt"/>
        <line num="1394" count="5" type="stmt"/>
        <line num="1435" count="150" type="stmt"/>
        <line num="1436" count="150" type="cond" truecount="1" falsecount="0"/>
        <line num="1437" count="141" type="stmt"/>
        <line num="1471" count="83" type="stmt"/>
        <line num="1472" count="83" type="cond" truecount="1" falsecount="0"/>
        <line num="1474" count="82" type="stmt"/>
        <line num="1476" count="82" type="cond" truecount="2" falsecount="0"/>
        <line num="1478" count="31" type="stmt"/>
        <line num="1482" count="31" type="stmt"/>
        <line num="1483" count="254" type="cond" truecount="1" falsecount="0"/>
        <line num="1485" count="223" type="stmt"/>
        <line num="1486" count="223" type="stmt"/>
        <line num="1488" count="223" type="cond" truecount="2" falsecount="0"/>
        <line num="1489" count="13" type="cond" truecount="3" falsecount="0"/>
        <line num="1490" count="13" type="cond" truecount="3" falsecount="0"/>
        <line num="1492" count="210" type="cond" truecount="1" falsecount="0"/>
        <line num="1493" count="210" type="cond" truecount="1" falsecount="0"/>
        <line num="1496" count="223" type="stmt"/>
        <line num="1499" count="31" type="stmt"/>
        <line num="1502" count="51" type="stmt"/>
        <line num="1503" count="51" type="stmt"/>
        <line num="1504" count="155" type="stmt"/>
        <line num="1505" count="155" type="stmt"/>
        <line num="1506" count="317" type="stmt"/>
        <line num="1507" count="317" type="stmt"/>
        <line num="1509" count="317" type="cond" truecount="2" falsecount="0"/>
        <line num="1510" count="59" type="cond" truecount="3" falsecount="0"/>
        <line num="1511" count="59" type="cond" truecount="3" falsecount="0"/>
        <line num="1513" count="258" type="cond" truecount="1" falsecount="0"/>
        <line num="1514" count="258" type="cond" truecount="1" falsecount="0"/>
        <line num="1519" count="82" type="stmt"/>
        <line num="1537" count="16" type="stmt"/>
        <line num="1538" count="16" type="stmt"/>
        <line num="1540" count="16" type="cond" truecount="1" falsecount="0"/>
        <line num="1542" count="15" type="cond" truecount="2" falsecount="0"/>
        <line num="1544" count="2" type="stmt"/>
        <line num="1545" count="16" type="cond" truecount="1" falsecount="0"/>
        <line num="1546" count="8" type="stmt"/>
        <line num="1548" count="16" type="cond" truecount="3" falsecount="0"/>
        <line num="1549" count="8" type="cond" truecount="1" falsecount="0"/>
        <line num="1550" count="8" type="cond" truecount="1" falsecount="0"/>
        <line num="1553" count="2" type="stmt"/>
        <line num="1556" count="13" type="stmt"/>
        <line num="1558" count="13" type="stmt"/>
        <line num="1559" count="87" type="stmt"/>
        <line num="1560" count="87" type="cond" truecount="1" falsecount="0"/>
        <line num="1561" count="87" type="cond" truecount="1" falsecount="0"/>
        <line num="1562" count="31" type="stmt"/>
        <line num="1564" count="87" type="cond" truecount="1" falsecount="0"/>
        <line num="1565" count="87" type="cond" truecount="1" falsecount="0"/>
        <line num="1570" count="15" type="stmt"/>
        <line num="1604" count="12" type="stmt"/>
        <line num="1605" count="12" type="stmt"/>
        <line num="1607" count="12" type="cond" truecount="1" falsecount="0"/>
        <line num="1609" count="11" type="cond" truecount="2" falsecount="0"/>
        <line num="1611" count="4" type="stmt"/>
        <line num="1612" count="32" type="cond" truecount="1" falsecount="0"/>
        <line num="1613" count="32" type="stmt"/>
        <line num="1614" count="32" type="cond" truecount="2" falsecount="0"/>
        <line num="1615" count="18" type="cond" truecount="3" falsecount="0"/>
        <line num="1616" count="18" type="cond" truecount="3" falsecount="0"/>
        <line num="1618" count="14" type="cond" truecount="3" falsecount="0"/>
        <line num="1619" count="14" type="cond" truecount="3" falsecount="0"/>
        <line num="1623" count="4" type="stmt"/>
        <line num="1626" count="7" type="stmt"/>
        <line num="1628" count="7" type="stmt"/>
        <line num="1629" count="10065" type="stmt"/>
        <line num="1630" count="10065" type="stmt"/>
        <line num="1632" count="10065" type="cond" truecount="1" falsecount="0"/>
        <line num="1633" count="10065" type="stmt"/>
        <line num="1635" count="10065" type="cond" truecount="2" falsecount="0"/>
        <line num="1636" count="13" type="cond" truecount="3" falsecount="0"/>
        <line num="1637" count="13" type="cond" truecount="3" falsecount="0"/>
        <line num="1639" count="10052" type="cond" truecount="3" falsecount="0"/>
        <line num="1640" count="10052" type="cond" truecount="3" falsecount="0"/>
        <line num="1645" count="11" type="stmt"/>
        <line num="1669" count="11" type="stmt"/>
        <line num="1671" count="11" type="cond" truecount="1" falsecount="0"/>
        <line num="1672" count="10" type="stmt"/>
        <line num="1674" count="10" type="stmt"/>
        <line num="1677" count="10" type="stmt"/>
        <line num="1678" count="6" type="stmt"/>
        <line num="1679" count="6" type="stmt"/>
        <line num="1680" count="6" type="stmt"/>
        <line num="1681" count="10" type="stmt"/>
        <line num="1682" count="10" type="stmt"/>
        <line num="1683" count="10" type="stmt"/>
        <line num="1684" count="10" type="stmt"/>
        <line num="1686" count="6" type="stmt"/>
        <line num="1690" count="10" type="stmt"/>
        <line num="1691" count="3" type="stmt"/>
        <line num="1692" count="3" type="stmt"/>
        <line num="1694" count="3" type="stmt"/>
        <line num="1695" count="5" type="stmt"/>
        <line num="1696" count="5" type="stmt"/>
        <line num="1699" count="3" type="stmt"/>
        <line num="1702" count="10" type="cond" truecount="3" falsecount="0"/>
        <line num="1704" count="8" type="stmt"/>
        <line num="1705" count="53" type="cond" truecount="1" falsecount="0"/>
        <line num="1706" count="30" type="stmt"/>
        <line num="1707" count="30" type="cond" truecount="2" falsecount="0"/>
        <line num="1709" count="15" type="stmt"/>
        <line num="1710" count="15" type="stmt"/>
        <line num="1711" count="15" type="stmt"/>
        <line num="1714" count="15" type="stmt"/>
        <line num="1717" count="38" type="stmt"/>
        <line num="1718" count="38" type="stmt"/>
        <line num="1720" count="8" type="stmt"/>
        <line num="1722" count="1" type="stmt"/>
        <line num="1723" count="7" type="cond" truecount="2" falsecount="0"/>
        <line num="1724" count="4" type="stmt"/>
        <line num="1725" count="4" type="cond" truecount="2" falsecount="0"/>
        <line num="1727" count="2" type="stmt"/>
        <line num="1728" count="2" type="stmt"/>
        <line num="1729" count="2" type="stmt"/>
        <line num="1730" count="2" type="stmt"/>
        <line num="1733" count="2" type="stmt"/>
        <line num="1736" count="3" type="stmt"/>
        <line num="1738" count="5" type="stmt"/>
        <line num="1740" count="1" type="stmt"/>
        <line num="1742" count="1" type="stmt"/>
        <line num="1743" count="7" type="cond" truecount="1" falsecount="0"/>
        <line num="1744" count="4" type="stmt"/>
        <line num="1745" count="4" type="cond" truecount="2" falsecount="0"/>
        <line num="1747" count="2" type="stmt"/>
        <line num="1748" count="2" type="stmt"/>
        <line num="1749" count="2" type="stmt"/>
        <line num="1752" count="2" type="stmt"/>
        <line num="1753" count="2" type="stmt"/>
        <line num="1756" count="5" type="stmt"/>
        <line num="1758" count="1" type="stmt"/>
        <line num="1759" count="1" type="stmt"/>
        <line num="1761" count="10" type="stmt"/>
        <line num="1771" count="19" type="stmt"/>
        <line num="1772" count="19" type="stmt"/>
        <line num="1773" count="19" type="stmt"/>
        <line num="1785" count="8" type="stmt"/>
        <line num="1786" count="8" type="stmt"/>
        <line num="1787" count="24" type="cond" truecount="1" falsecount="0"/>
        <line num="1788" count="8" type="stmt"/>
        <line num="1808" count="2" type="stmt"/>
        <line num="1809" count="2" type="stmt"/>
        <line num="1810" count="5" type="stmt"/>
        <line num="1811" count="2" type="stmt"/>
        <line num="1826" count="13" type="stmt"/>
        <line num="1827" count="13" type="stmt"/>
        <line num="1828" count="13" type="stmt"/>
        <line num="1829" count="13" type="cond" truecount="1" falsecount="0"/>
        <line num="1831" count="11" type="cond" truecount="1" falsecount="0"/>
        <line num="1832" count="11" type="cond" truecount="1" falsecount="0"/>
        <line num="1833" count="11" type="cond" truecount="1" falsecount="0"/>
        <line num="1835" count="11" type="stmt"/>
        <line num="1836" count="11" type="stmt"/>
        <line num="1837" count="11" type="stmt"/>
        <line num="1838" count="11" type="stmt"/>
        <line num="1839" count="64" type="stmt"/>
        <line num="1841" count="11" type="stmt"/>
        <line num="1844" count="11" type="stmt"/>
        <line num="1845" count="11" type="stmt"/>
        <line num="1859" count="6" type="stmt"/>
        <line num="1899" count="1321" type="cond" truecount="1" falsecount="0"/>
        <line num="1900" count="1321" type="cond" truecount="1" falsecount="0"/>
        <line num="1902" count="3998" type="cond" truecount="1" falsecount="0"/>
        <line num="1903" count="3710" type="stmt"/>
        <line num="1905" count="1321" type="cond" truecount="1" falsecount="0"/>
        <line num="1907" count="38537" type="stmt"/>
        <line num="1908" count="38537" type="cond" truecount="0" falsecount="1"/>
        <line num="1909" count="38537" type="stmt"/>
        <line num="1911" count="38537" type="cond" truecount="2" falsecount="0"/>
        <line num="1912" count="370" type="stmt"/>
        <line num="1913" count="1838" type="cond" truecount="1" falsecount="0"/>
        <line num="1915" count="1616" type="stmt"/>
        <line num="1916" count="1616" type="cond" truecount="3" falsecount="0"/>
        <line num="1918" count="1616" type="stmt"/>
        <line num="1919" count="1368" type="cond" truecount="3" falsecount="0"/>
        <line num="1922" count="1616" type="cond" truecount="3" falsecount="0"/>
        <line num="1924" count="1468" type="stmt"/>
        <line num="1925" count="1468" type="cond" truecount="1" falsecount="0"/>
        <line num="1926" count="652" type="stmt"/>
        <line num="1927" count="652" type="cond" truecount="1" falsecount="0"/>
        <line num="1929" count="1220" type="stmt"/>
        <line num="1930" count="1220" type="stmt"/>
        <line num="1932" count="103" type="cond" truecount="1" falsecount="0"/>
        <line num="1933" count="103" type="stmt"/>
        <line num="1934" count="103" type="cond" truecount="0" falsecount="1"/>
        <line num="1936" count="103" type="stmt"/>
        <line num="1937" count="103" type="stmt"/>
        <line num="1938" count="103" type="stmt"/>
        <line num="1940" count="45" type="stmt"/>
        <line num="1941" count="45" type="stmt"/>
        <line num="1942" count="45" type="cond" truecount="1" falsecount="0"/>
        <line num="1943" count="45" type="stmt"/>
        <line num="1944" count="45" type="cond" truecount="0" falsecount="1"/>
        <line num="1946" count="45" type="stmt"/>
        <line num="1950" count="370" type="stmt"/>
        <line num="1953" count="38167" type="stmt"/>
[...]
        <line num="270" count="738" type="stmt"/>
        <line num="272" count="683" type="stmt"/>
        <line num="282" count="119557" type="cond" truecount="1" falsecount="0"/>
        <line num="283" count="119556" type="stmt"/>
        <line num="284" count="119556" type="stmt"/>
        <line num="285" count="119556" type="cond" truecount="3" falsecount="0"/>
        <line num="286" count="119556" type="stmt"/>
        <line num="297" count="3" type="stmt"/>
        <line num="298" count="9" type="cond" truecount="1" falsecount="0"/>
        <line num="299" count="3" type="stmt"/>
        <line num="300" count="3" type="stmt"/>
        <line num="303" count="0" type="stmt"/>
        <line num="314" count="123" type="cond" truecount="3" falsecount="0"/>
        <line num="315" count="121" type="stmt"/>
        <line num="326" count="2" type="cond" truecount="2" falsecount="1"/>
        <line num="327" count="2" type="stmt"/>
        <line num="328" count="2" type="stmt"/>
        <line num="329" count="2" type="stmt"/>
        <line num="341" count="1" type="cond" truecount="2" falsecount="1"/>
        <line num="342" count="1" type="stmt"/>
        <line num="343" count="1" type="stmt"/>
        <line num="355" count="8" type="cond" truecount="2" falsecount="1"/>
        <line num="356" count="8" type="stmt"/>
        <line num="357" count="8" type="stmt"/>
        <line num="367" count="2" type="stmt"/>
        <line num="368" count="2" type="stmt"/>
        <line num="369" count="2" type="stmt"/>
        <line num="379" count="3" type="stmt"/>
        <line num="380" count="3" type="stmt"/>
        <line num="390" count="1939" type="stmt"/>
        <line num="391" count="1939" type="stmt"/>
        <line num="392" count="1939" type="stmt"/>
        <line num="405" count="2" type="stmt"/>
        <line num="406" count="2" type="stmt"/>
        <line num="408" count="2" type="stmt"/>
        <line num="409" count="2" type="stmt"/>
        <line num="411" count="2" type="cond" truecount="2" falsecount="1"/>
        <line num="413" count="2" type="stmt"/>
        <line num="414" count="2" type="stmt"/>
        <line num="415" count="2" type="stmt"/>
        <line num="417" count="2" type="stmt"/>
        <line num="427" count="5" type="stmt"/>
        <line num="428" count="5" type="stmt"/>
        <line num="429" count="14" type="stmt"/>
        <line num="430" count="5" type="stmt"/>
        <line num="442" count="4" type="stmt"/>
        <line num="443" count="4" type="stmt"/>
        <line num="444" count="4" type="stmt"/>
        <line num="445" count="4" type="stmt"/>
        <line num="446" count="14" type="cond" truecount="1" falsecount="0"/>
        <line num="447" count="14" type="stmt"/>
        <line num="449" count="4" type="stmt"/>
        <line num="464" count="5" type="stmt"/>
        <line num="472" count="5" type="stmt"/>
        <line num="473" count="5" type="stmt"/>
        <line num="474" count="20" type="cond" truecount="1" falsecount="1"/>
        <line num="475" count="5" type="stmt"/>
        <line num="487" count="0" type="stmt"/>
        <line num="491" count="0" type="stmt"/>
        <line num="496" count="0" type="stmt"/>
        <line num="497" count="0" type="stmt"/>
        <line num="498" count="0" type="stmt"/>
        <line num="499" count="0" type="cond" truecount="0" falsecount="2"/>
        <line num="500" count="0" type="stmt"/>
        <line num="502" count="0" type="stmt"/>
        <line num="513" count="11" type="stmt"/>
        <line num="523" count="176" type="stmt"/>
        <line num="533" count="0" type="stmt"/>
        <line num="534" count="0" type="stmt"/>
        <line num="535" count="0" type="cond" truecount="0" falsecount="1"/>
        <line num="547" count="12" type="stmt"/>
        <line num="548" count="12" type="stmt"/>
        <line num="565" count="0" type="stmt"/>
        <line num="569" count="0" type="stmt"/>
        <line num="580" count="35" type="stmt"/>
        <line num="588" count="1" type="stmt"/>
        <line num="589" count="2" type="stmt"/>
        <line num="590" count="1" type="stmt"/>
      </file>
    </package>
    <package name="stack">
      <metrics statements="60" coveredstatements="46" conditionals="20" coveredconditionals="14" methods="22" coveredmethods="19"/>
      <file name="stack.ts" path="/Users/revone/projects/data-structure-typed/src/data-structures/stack/stack.ts">
        <metrics statements="60" coveredstatements="46" conditionals="20" coveredconditionals="14" methods="22" coveredmethods="19"/>
        <line num="10" count="35" type="stmt"/>
        <line num="163" count="35" type="stmt"/>
        <line num="164" count="44" type="stmt"/>
        <line num="175" count="45" type="stmt"/>
        <line num="176" count="44" type="stmt"/>
        <line num="179" count="44" type="stmt"/>
        <line num="188" count="599" type="stmt"/>
        <line num="198" count="25" type="stmt"/>
        <line num="217" count="1" type="stmt"/>
        <line num="227" count="127" type="stmt"/>
        <line num="237" count="25" type="cond" truecount="2" falsecount="0"/>
        <line num="248" count="150" type="stmt"/>
        <line num="249" count="150" type="stmt"/>
        <line num="259" count="52" type="cond" truecount="2" falsecount="0"/>
        <line num="270" count="44" type="stmt"/>
        <line num="271" count="44" type="stmt"/>
        <line num="272" count="35" type="cond" truecount="2" falsecount="0"/>
        <line num="273" count="27" type="stmt"/>
        <line num="275" count="44" type="stmt"/>
        <line num="286" count="2" type="stmt"/>
        <line num="287" count="2" type="stmt"/>
        <line num="298" count="2" type="cond" truecount="2" falsecount="1"/>
        <line num="299" count="2" type="stmt"/>
        <line num="300" count="2" type="stmt"/>
        <line num="311" count="0" type="stmt"/>
        <line num="312" count="0" type="cond" truecount="0" falsecount="1"/>
        <line num="313" count="0" type="stmt"/>
        <line num="314" count="0" type="stmt"/>
        <line num="317" count="0" type="stmt"/>
        <line num="327" count="1" type="stmt"/>
        <line num="337" count="2" type="stmt"/>
        <line num="338" count="7" type="stmt"/>
        <line num="339" count="2" type="stmt"/>
        <line num="351" count="1" type="stmt"/>
        <line num="352" count="1" type="stmt"/>
        <line num="353" count="1" type="stmt"/>
        <line num="354" count="3" type="cond" truecount="1" falsecount="0"/>
        <line num="355" count="3" type="stmt"/>
        <line num="357" count="1" type="stmt"/>
        <line num="369" count="0" type="stmt"/>
        <line num="370" count="0" type="stmt"/>
        <line num="371" count="0" type="stmt"/>
        <line num="372" count="0" type="cond" truecount="0" falsecount="2"/>
        <line num="373" count="0" type="stmt"/>
        <line num="375" count="0" type="stmt"/>
        <line num="394" count="1" type="cond" truecount="2" falsecount="0"/>
        <line num="395" count="1" type="stmt"/>
        <line num="396" count="1" type="stmt"/>
        <line num="397" count="3" type="cond" truecount="1" falsecount="1"/>
        <line num="398" count="3" type="stmt"/>
        <line num="400" count="1" type="stmt"/>
        <line num="411" count="0" type="stmt"/>
        <line num="412" count="0" type="stmt"/>
        <line num="423" count="7" type="cond" truecount="1" falsecount="0"/>
        <line num="424" count="0" type="stmt"/>
        <line num="435" count="3" type="stmt"/>
        <line num="436" count="3" type="stmt"/>
        <line num="453" count="1" type="stmt"/>
        <line num="457" count="1" type="stmt"/>
        <line num="467" count="79" type="stmt"/>
      </file>
    </package>
    <package name="tree">
      <metrics statements="26" coveredstatements="26" conditionals="9" coveredconditionals="8" methods="10" coveredmethods="10"/>
      <file name="tree.ts" path="/Users/revone/projects/data-structure-typed/src/data-structures/tree/tree.ts">
        <metrics statements="26" coveredstatements="26" conditionals="9" coveredconditionals="8" methods="10" coveredmethods="10"/>
        <line num="1" count="35" type="stmt"/>
        <line num="13" count="11" type="stmt"/>
        <line num="14" count="11" type="cond" truecount="2" falsecount="0"/>
        <line num="15" count="11" type="cond" truecount="0" falsecount="1"/>
        <line num="25" count="5" type="stmt"/>
        <line num="34" count="1" type="stmt"/>
        <line num="44" count="3" type="stmt"/>
        <line num="53" count="1" type="stmt"/>
        <line num="64" count="9" type="stmt"/>
        <line num="73" count="1" type="stmt"/>
        <line num="82" count="5" type="cond" truecount="1" falsecount="0"/>
        <line num="83" count="4" type="stmt"/>
        <line num="85" count="5" type="cond" truecount="2" falsecount="0"/>
        <line num="86" count="4" type="stmt"/>
        <line num="88" count="1" type="stmt"/>
        <line num="98" count="1" type="stmt"/>
        <line num="99" count="1" type="cond" truecount="1" falsecount="0"/>
        <line num="100" count="1" type="stmt"/>
        <line num="101" count="4" type="cond" truecount="1" falsecount="0"/>
        <line num="102" count="2" type="stmt"/>
        <line num="104" count="4" type="stmt"/>
        <line num="105" count="4" type="cond" truecount="1" falsecount="0"/>
        <line num="106" count="2" type="stmt"/>
        <line num="107" count="3" type="stmt"/>
        <line num="111" count="1" type="stmt"/>
        <line num="113" count="1" type="stmt"/>
      </file>
    </package>
    <package name="trie">
      <metrics statements="181" coveredstatements="171" conditionals="60" coveredconditionals="54" methods="39" coveredmethods="36"/>
      <file name="trie.ts" path="/Users/revone/projects/data-structure-typed/src/data-structures/trie/trie.ts">
        <metrics statements="181" coveredstatements="171" conditionals="60" coveredconditionals="54" methods="39" coveredmethods="36"/>
        <line num="10" count="35" type="stmt"/>
        <line num="16" count="35" type="stmt"/>
        <line num="24" count="5631" type="stmt"/>
        <line num="25" count="5631" type="stmt"/>
        <line num="26" count="5631" type="stmt"/>
        <line num="38" count="43" type="stmt"/>
        <line num="49" count="1" type="stmt"/>
        <line num="61" count="15009" type="stmt"/>
        <line num="72" count="1" type="stmt"/>
        <line num="84" count="1225" type="stmt"/>
        <line num="95" count="827" type="stmt"/>
        <line num="258" count="35" type="stmt"/>
        <line num="268" count="46" type="stmt"/>
        <line num="269" count="46" type="cond" truecount="1" falsecount="0"/>
        <line num="270" count="5" type="stmt"/>
        <line num="271" count="5" type="cond" truecount="1" falsecount="0"/>
        <line num="273" count="46" type="cond" truecount="1" falsecount="0"/>
        <line num="274" count="46" type="stmt"/>
        <line num="278" count="46" type="stmt"/>
        <line num="287" count="11" type="stmt"/>
        <line num="290" count="46" type="stmt"/>
        <line num="299" count="2" type="stmt"/>
        <line num="302" count="46" type="stmt"/>
        <line num="311" count="944" type="stmt"/>
        <line num="321" count="0" type="stmt"/>
        <line num="332" count="822" type="stmt"/>
        <line num="333" count="822" type="stmt"/>
        <line num="334" count="822" type="stmt"/>
        <line num="335" count="822" type="stmt"/>
        <line num="336" count="8466" type="stmt"/>
        <line num="337" count="8466" type="cond" truecount="1" falsecount="0"/>
        <line num="338" count="5577" type="stmt"/>
        <line num="339" count="5577" type="stmt"/>
        <line num="341" count="8466" type="stmt"/>
        <line num="343" count="822" type="cond" truecount="1" falsecount="0"/>
        <line num="344" count="822" type="stmt"/>
        <line num="345" count="822" type="stmt"/>
        <line num="346" count="822" type="stmt"/>
        <line num="348" count="822" type="stmt"/>
        <line num="359" count="46" type="stmt"/>
        <line num="360" count="46" type="stmt"/>
        <line num="361" count="95" type="cond" truecount="2" falsecount="0"/>
        <line num="362" count="3" type="stmt"/>
        <line num="364" count="92" type="stmt"/>
        <line num="367" count="46" type="stmt"/>
        <line num="378" count="38" type="stmt"/>
        <line num="379" count="38" type="stmt"/>
        <line num="380" count="38" type="stmt"/>
        <line num="381" count="165" type="stmt"/>
        <line num="382" count="165" type="cond" truecount="1" falsecount="0"/>
        <line num="383" count="155" type="stmt"/>
        <line num="385" count="28" type="stmt"/>
        <line num="395" count="1" type="stmt"/>
        <line num="405" count="1" type="stmt"/>
        <line num="406" count="1" type="stmt"/>
        <line num="417" count="9" type="stmt"/>
        <line num="418" count="9" type="stmt"/>
        <line num="419" count="9" type="stmt"/>
        <line num="420" count="27" type="stmt"/>
        <line num="421" count="27" type="stmt"/>
        <line num="422" count="27" type="cond" truecount="1" falsecount="0"/>
        <line num="423" count="25" type="cond" truecount="1" falsecount="0"/>
        <line num="424" count="7" type="cond" truecount="1" falsecount="0"/>
        <line num="425" count="7" type="cond" truecount="2" falsecount="0"/>
        <line num="426" count="2" type="stmt"/>
        <line num="428" count="5" type="stmt"/>
        <line num="430" count="7" type="stmt"/>
        <line num="431" count="7" type="stmt"/>
        <line num="433" count="0" type="stmt"/>
        <line num="435" count="18" type="stmt"/>
        <line num="436" count="18" type="cond" truecount="4" falsecount="0"/>
        <line num="437" count="4" type="stmt"/>
        <line num="438" count="4" type="stmt"/>
        <line num="440" count="14" type="stmt"/>
        <line num="442" count="2" type="stmt"/>
        <line num="445" count="9" type="stmt"/>
        <line num="446" count="9" type="cond" truecount="1" falsecount="0"/>
        <line num="447" count="7" type="stmt"/>
        <line num="449" count="9" type="stmt"/>
        <line num="459" count="2" type="stmt"/>
        <line num="460" count="2" type="stmt"/>
        <line num="461" count="2" type="cond" truecount="1" falsecount="0"/>
        <line num="462" count="2" type="stmt"/>
        <line num="463" count="57" type="cond" truecount="1" falsecount="0"/>
        <line num="464" count="16" type="stmt"/>
        <line num="466" count="57" type="stmt"/>
        <line num="467" count="57" type="cond" truecount="1" falsecount="0"/>
        <line num="468" count="57" type="stmt"/>
        <line num="469" count="55" type="stmt"/>
        <line num="473" count="2" type="stmt"/>
        <line num="475" count="2" type="stmt"/>
        <line num="486" count="6" type="stmt"/>
        <line num="487" count="6" type="stmt"/>
        <line num="488" count="6" type="stmt"/>
        <line num="489" count="26" type="stmt"/>
        <line num="490" count="26" type="cond" truecount="1" falsecount="0"/>
        <line num="491" count="25" type="stmt"/>
        <line num="493" count="5" type="stmt"/>
        <line num="504" count="12" type="stmt"/>
        <line num="505" count="12" type="stmt"/>
        <line num="506" count="12" type="stmt"/>
        <line num="507" count="44" type="stmt"/>
        <line num="508" count="44" type="cond" truecount="1" falsecount="0"/>
        <line num="509" count="40" type="stmt"/>
        <line num="511" count="8" type="stmt"/>
        <line num="522" count="6" type="stmt"/>
        <line num="523" count="6" type="stmt"/>
        <line num="524" count="6" type="stmt"/>
        <line num="525" count="20" type="stmt"/>
        <line num="526" count="20" type="cond" truecount="1" falsecount="0"/>
        <line num="527" count="17" type="cond" truecount="1" falsecount="0"/>
        <line num="528" count="16" type="cond" truecount="5" falsecount="0"/>
        <line num="529" count="2" type="stmt"/>
        <line num="531" count="6" type="stmt"/>
        <line num="532" count="6" type="stmt"/>
        <line num="542" count="3" type="stmt"/>
        <line num="543" count="3" type="stmt"/>
        <line num="544" count="20" type="stmt"/>
        <line num="545" count="20" type="cond" truecount="1" falsecount="0"/>
        <line num="546" count="19" type="cond" truecount="5" falsecount="0"/>
        <line num="547" count="2" type="stmt"/>
        <line num="549" count="3" type="stmt"/>
        <line num="550" count="3" type="stmt"/>
        <line num="563" count="17" type="stmt"/>
        <line num="564" count="17" type="stmt"/>
        <line num="565" count="17" type="stmt"/>
        <line num="568" count="153" type="stmt"/>
        <line num="569" count="140" type="stmt"/>
        <line num="570" count="140" type="cond" truecount="1" falsecount="0"/>
        <line num="571" count="140" type="stmt"/>
        <line num="574" count="153" type="cond" truecount="1" falsecount="0"/>
        <line num="575" count="37" type="cond" truecount="1" falsecount="0"/>
        <line num="576" count="33" type="stmt"/>
        <line num="577" count="33" type="stmt"/>
        <line num="581" count="17" type="stmt"/>
        <line num="583" count="17" type="cond" truecount="1" falsecount="0"/>
        <line num="584" count="17" type="stmt"/>
        <line num="585" count="61" type="stmt"/>
        <line num="586" count="61" type="cond" truecount="2" falsecount="0"/>
        <line num="587" count="57" type="stmt"/>
        <line num="589" count="4" type="stmt"/>
        <line num="594" count="13" type="cond" truecount="3" falsecount="0"/>
        <line num="596" count="13" type="stmt"/>
        <line num="606" count="1" type="stmt"/>
        <line num="607" count="5" type="stmt"/>
        <line num="608" count="1" type="stmt"/>
        <line num="620" count="1" type="stmt"/>
        <line num="621" count="1" type="stmt"/>
        <line num="622" count="1" type="stmt"/>
        <line num="623" count="5" type="cond" truecount="1" falsecount="0"/>
        <line num="624" count="3" type="stmt"/>
        <line num="626" count="5" type="stmt"/>
        <line num="628" count="1" type="stmt"/>
        <line num="651" count="1" type="stmt"/>
        <line num="652" count="1" type="stmt"/>
        <line num="653" count="1" type="stmt"/>
        <line num="654" count="5" type="cond" truecount="1" falsecount="1"/>
        <line num="655" count="5" type="cond" truecount="0" falsecount="1"/>
        <line num="656" count="0" type="stmt"/>
        <line num="658" count="5" type="stmt"/>
        <line num="660" count="1" type="stmt"/>
        <line num="672" count="0" type="stmt"/>
        <line num="673" count="0" type="stmt"/>
        <line num="674" count="0" type="stmt"/>
        <line num="675" count="0" type="cond" truecount="0" falsecount="2"/>
        <line num="676" count="0" type="stmt"/>
        <line num="678" count="0" type="stmt"/>
        <line num="689" count="2" type="stmt"/>
        <line num="690" count="2" type="stmt"/>
        <line num="695" count="2" type="stmt"/>
        <line num="708" count="1" type="stmt"/>
        <line num="709" count="1" type="stmt"/>
        <line num="721" count="0" type="stmt"/>
        <line num="732" count="163" type="cond" truecount="1" falsecount="0"/>
        <line num="733" count="72" type="stmt"/>
        <line num="735" count="163" type="stmt"/>
        <line num="736" count="149" type="stmt"/>
        <line num="740" count="14" type="stmt"/>
        <line num="751" count="910" type="cond" truecount="1" falsecount="0"/>
        <line num="752" count="13" type="stmt"/>
        <line num="754" count="910" type="stmt"/>
      </file>
    </package>
  </project>
</coverage>
