{"total": {"lines":{"total":5133,"covered":4624,"skipped":0,"pct":90.08},"statements":{"total":5878,"covered":5211,"skipped":0,"pct":88.65},"functions":{"total":1020,"covered":911,"skipped":0,"pct":89.31},"branches":{"total":2576,"covered":2101,"skipped":0,"pct":81.56},"branchesTrue":{"total":0,"covered":0,"skipped":0,"pct":100}}
,"/Users/revone/projects/data-structure-typed/src/data-structures/base/iterable-element-base.ts": {"lines":{"total":51,"covered":38,"skipped":0,"pct":74.5},"functions":{"total":13,"covered":12,"skipped":0,"pct":92.3},"statements":{"total":63,"covered":46,"skipped":0,"pct":73.01},"branches":{"total":22,"covered":13,"skipped":0,"pct":59.09}}
,"/Users/revone/projects/data-structure-typed/src/data-structures/base/iterable-entry-base.ts": {"lines":{"total":46,"covered":43,"skipped":0,"pct":93.47},"functions":{"total":14,"covered":13,"skipped":0,"pct":92.85},"statements":{"total":50,"covered":47,"skipped":0,"pct":94},"branches":{"total":6,"covered":6,"skipped":0,"pct":100}}
,"/Users/revone/projects/data-structure-typed/src/data-structures/base/linear-base.ts": {"lines":{"total":155,"covered":125,"skipped":0,"pct":80.64},"functions":{"total":25,"covered":20,"skipped":0,"pct":80},"statements":{"total":184,"covered":143,"skipped":0,"pct":77.71},"branches":{"total":69,"covered":40,"skipped":0,"pct":57.97}}
,"/Users/revone/projects/data-structure-typed/src/data-structures/binary-tree/avl-tree-counter.ts": {"lines":{"total":149,"covered":142,"skipped":0,"pct":95.3},"functions":{"total":34,"covered":31,"skipped":0,"pct":91.17},"statements":{"total":169,"covered":153,"skipped":0,"pct":90.53},"branches":{"total":95,"covered":72,"skipped":0,"pct":75.78}}
,"/Users/revone/projects/data-structure-typed/src/data-structures/binary-tree/avl-tree-multi-map.ts": {"lines":{"total":100,"covered":86,"skipped":0,"pct":86},"functions":{"total":26,"covered":21,"skipped":0,"pct":80.76},"statements":{"total":110,"covered":93,"skipped":0,"pct":84.54},"branches":{"total":65,"covered":44,"skipped":0,"pct":67.69}}
,"/Users/revone/projects/data-structure-typed/src/data-structures/binary-tree/avl-tree.ts": {"lines":{"total":199,"covered":190,"skipped":0,"pct":95.47},"functions":{"total":33,"covered":29,"skipped":0,"pct":87.87},"statements":{"total":234,"covered":221,"skipped":0,"pct":94.44},"branches":{"total":132,"covered":119,"skipped":0,"pct":90.15}}
,"/Users/revone/projects/data-structure-typed/src/data-structures/binary-tree/binary-indexed-tree.ts": {"lines":{"total":80,"covered":78,"skipped":0,"pct":97.5},"functions":{"total":24,"covered":24,"skipped":0,"pct":100},"statements":{"total":82,"covered":80,"skipped":0,"pct":97.56},"branches":{"total":22,"covered":19,"skipped":0,"pct":86.36}}
,"/Users/revone/projects/data-structure-typed/src/data-structures/binary-tree/binary-tree.ts": {"lines":{"total":676,"covered":664,"skipped":0,"pct":98.22},"functions":{"total":122,"covered":113,"skipped":0,"pct":92.62},"statements":{"total":821,"covered":796,"skipped":0,"pct":96.95},"branches":{"total":483,"covered":453,"skipped":0,"pct":93.78}}
,"/Users/revone/projects/data-structure-typed/src/data-structures/binary-tree/bst.ts": {"lines":{"total":376,"covered":313,"skipped":0,"pct":83.24},"functions":{"total":63,"covered":52,"skipped":0,"pct":82.53},"statements":{"total":442,"covered":361,"skipped":0,"pct":81.67},"branches":{"total":274,"covered":224,"skipped":0,"pct":81.75}}
,"/Users/revone/projects/data-structure-typed/src/data-structures/binary-tree/red-black-tree.ts": {"lines":{"total":232,"covered":185,"skipped":0,"pct":79.74},"functions":{"total":31,"covered":26,"skipped":0,"pct":83.87},"statements":{"total":250,"covered":191,"skipped":0,"pct":76.4},"branches":{"total":147,"covered":96,"skipped":0,"pct":65.3}}
,"/Users/revone/projects/data-structure-typed/src/data-structures/binary-tree/segment-tree.ts": {"lines":{"total":91,"covered":88,"skipped":0,"pct":96.7},"functions":{"total":23,"covered":23,"skipped":0,"pct":100},"statements":{"total":93,"covered":90,"skipped":0,"pct":96.77},"branches":{"total":44,"covered":41,"skipped":0,"pct":93.18}}
,"/Users/revone/projects/data-structure-typed/src/data-structures/binary-tree/tree-counter.ts": {"lines":{"total":173,"covered":146,"skipped":0,"pct":84.39},"functions":{"total":32,"covered":28,"skipped":0,"pct":87.5},"statements":{"total":189,"covered":155,"skipped":0,"pct":82.01},"branches":{"total":97,"covered":62,"skipped":0,"pct":63.91}}
,"/Users/revone/projects/data-structure-typed/src/data-structures/binary-tree/tree-multi-map.ts": {"lines":{"total":82,"covered":69,"skipped":0,"pct":84.14},"functions":{"total":23,"covered":18,"skipped":0,"pct":78.26},"statements":{"total":89,"covered":73,"skipped":0,"pct":82.02},"branches":{"total":59,"covered":33,"skipped":0,"pct":55.93}}
,"/Users/revone/projects/data-structure-typed/src/data-structures/graph/abstract-graph.ts": {"lines":{"total":418,"covered":392,"skipped":0,"pct":93.77},"functions":{"total":47,"covered":45,"skipped":0,"pct":95.74},"statements":{"total":461,"covered":424,"skipped":0,"pct":91.97},"branches":{"total":172,"covered":136,"skipped":0,"pct":79.06}}
,"/Users/revone/projects/data-structure-typed/src/data-structures/graph/directed-graph.ts": {"lines":{"total":200,"covered":186,"skipped":0,"pct":93},"functions":{"total":47,"covered":44,"skipped":0,"pct":93.61},"statements":{"total":212,"covered":195,"skipped":0,"pct":91.98},"branches":{"total":88,"covered":78,"skipped":0,"pct":88.63}}
,"/Users/revone/projects/data-structure-typed/src/data-structures/graph/map-graph.ts": {"lines":{"total":22,"covered":22,"skipped":0,"pct":100},"functions":{"total":10,"covered":10,"skipped":0,"pct":100},"statements":{"total":22,"covered":22,"skipped":0,"pct":100},"branches":{"total":8,"covered":6,"skipped":0,"pct":75}}
,"/Users/revone/projects/data-structure-typed/src/data-structures/graph/undirected-graph.ts": {"lines":{"total":141,"covered":129,"skipped":0,"pct":91.48},"functions":{"total":37,"covered":33,"skipped":0,"pct":89.18},"statements":{"total":148,"covered":133,"skipped":0,"pct":89.86},"branches":{"total":65,"covered":57,"skipped":0,"pct":87.69}}
,"/Users/revone/projects/data-structure-typed/src/data-structures/hash/hash-map.ts": {"lines":{"total":228,"covered":198,"skipped":0,"pct":86.84},"functions":{"total":57,"covered":50,"skipped":0,"pct":87.71},"statements":{"total":264,"covered":231,"skipped":0,"pct":87.5},"branches":{"total":86,"covered":75,"skipped":0,"pct":87.2}}
,"/Users/revone/projects/data-structure-typed/src/data-structures/heap/heap.ts": {"lines":{"total":268,"covered":236,"skipped":0,"pct":88.05},"functions":{"total":55,"covered":47,"skipped":0,"pct":85.45},"statements":{"total":302,"covered":264,"skipped":0,"pct":87.41},"branches":{"total":99,"covered":78,"skipped":0,"pct":78.78}}
,"/Users/revone/projects/data-structure-typed/src/data-structures/heap/max-heap.ts": {"lines":{"total":8,"covered":6,"skipped":0,"pct":75},"functions":{"total":2,"covered":2,"skipped":0,"pct":100},"statements":{"total":10,"covered":8,"skipped":0,"pct":80},"branches":{"total":6,"covered":4,"skipped":0,"pct":66.66}}
,"/Users/revone/projects/data-structure-typed/src/data-structures/heap/min-heap.ts": {"lines":{"total":3,"covered":3,"skipped":0,"pct":100},"functions":{"total":1,"covered":1,"skipped":0,"pct":100},"statements":{"total":3,"covered":3,"skipped":0,"pct":100},"branches":{"total":1,"covered":1,"skipped":0,"pct":100}}
,"/Users/revone/projects/data-structure-typed/src/data-structures/linked-list/doubly-linked-list.ts": {"lines":{"total":226,"covered":203,"skipped":0,"pct":89.82},"functions":{"total":49,"covered":43,"skipped":0,"pct":87.75},"statements":{"total":268,"covered":239,"skipped":0,"pct":89.17},"branches":{"total":73,"covered":63,"skipped":0,"pct":86.3}}
,"/Users/revone/projects/data-structure-typed/src/data-structures/linked-list/singly-linked-list.ts": {"lines":{"total":256,"covered":211,"skipped":0,"pct":82.42},"functions":{"total":54,"covered":44,"skipped":0,"pct":81.48},"statements":{"total":314,"covered":251,"skipped":0,"pct":79.93},"branches":{"total":97,"covered":68,"skipped":0,"pct":70.1}}
,"/Users/revone/projects/data-structure-typed/src/data-structures/linked-list/skip-linked-list.ts": {"lines":{"total":81,"covered":75,"skipped":0,"pct":92.59},"functions":{"total":15,"covered":14,"skipped":0,"pct":93.33},"statements":{"total":92,"covered":83,"skipped":0,"pct":90.21},"branches":{"total":34,"covered":30,"skipped":0,"pct":88.23}}
,"/Users/revone/projects/data-structure-typed/src/data-structures/matrix/matrix.ts": {"lines":{"total":145,"covered":142,"skipped":0,"pct":97.93},"functions":{"total":25,"covered":25,"skipped":0,"pct":100},"statements":{"total":179,"covered":172,"skipped":0,"pct":96.08},"branches":{"total":66,"covered":59,"skipped":0,"pct":89.39}}
,"/Users/revone/projects/data-structure-typed/src/data-structures/matrix/navigator.ts": {"lines":{"total":45,"covered":45,"skipped":0,"pct":100},"functions":{"total":6,"covered":6,"skipped":0,"pct":100},"statements":{"total":50,"covered":50,"skipped":0,"pct":100},"branches":{"total":19,"covered":19,"skipped":0,"pct":100}}
,"/Users/revone/projects/data-structure-typed/src/data-structures/priority-queue/max-priority-queue.ts": {"lines":{"total":8,"covered":7,"skipped":0,"pct":87.5},"functions":{"total":2,"covered":2,"skipped":0,"pct":100},"statements":{"total":10,"covered":9,"skipped":0,"pct":90},"branches":{"total":6,"covered":5,"skipped":0,"pct":83.33}}
,"/Users/revone/projects/data-structure-typed/src/data-structures/priority-queue/min-priority-queue.ts": {"lines":{"total":3,"covered":3,"skipped":0,"pct":100},"functions":{"total":1,"covered":1,"skipped":0,"pct":100},"statements":{"total":3,"covered":3,"skipped":0,"pct":100},"branches":{"total":1,"covered":1,"skipped":0,"pct":100}}
,"/Users/revone/projects/data-structure-typed/src/data-structures/priority-queue/priority-queue.ts": {"lines":{"total":3,"covered":3,"skipped":0,"pct":100},"functions":{"total":1,"covered":1,"skipped":0,"pct":100},"statements":{"total":3,"covered":3,"skipped":0,"pct":100},"branches":{"total":1,"covered":0,"skipped":0,"pct":0}}
,"/Users/revone/projects/data-structure-typed/src/data-structures/queue/deque.ts": {"lines":{"total":297,"covered":263,"skipped":0,"pct":88.55},"functions":{"total":45,"covered":39,"skipped":0,"pct":86.66},"statements":{"total":347,"covered":305,"skipped":0,"pct":87.89},"branches":{"total":106,"covered":89,"skipped":0,"pct":83.96}}
,"/Users/revone/projects/data-structure-typed/src/data-structures/queue/queue.ts": {"lines":{"total":104,"covered":90,"skipped":0,"pct":86.53},"functions":{"total":32,"covered":29,"skipped":0,"pct":90.62},"statements":{"total":122,"covered":102,"skipped":0,"pct":83.6},"branches":{"total":44,"covered":34,"skipped":0,"pct":77.27}}
,"/Users/revone/projects/data-structure-typed/src/data-structures/stack/stack.ts": {"lines":{"total":60,"covered":46,"skipped":0,"pct":76.66},"functions":{"total":22,"covered":19,"skipped":0,"pct":86.36},"statements":{"total":70,"covered":54,"skipped":0,"pct":77.14},"branches":{"total":20,"covered":14,"skipped":0,"pct":70}}
,"/Users/revone/projects/data-structure-typed/src/data-structures/tree/tree.ts": {"lines":{"total":26,"covered":26,"skipped":0,"pct":100},"functions":{"total":10,"covered":10,"skipped":0,"pct":100},"statements":{"total":29,"covered":28,"skipped":0,"pct":96.55},"branches":{"total":9,"covered":8,"skipped":0,"pct":88.88}}
,"/Users/revone/projects/data-structure-typed/src/data-structures/trie/trie.ts": {"lines":{"total":181,"covered":171,"skipped":0,"pct":94.47},"functions":{"total":39,"covered":36,"skipped":0,"pct":92.3},"statements":{"total":193,"covered":183,"skipped":0,"pct":94.81},"branches":{"total":60,"covered":54,"skipped":0,"pct":90}}
}
