TN:
SF:src/data-structures/base/iterable-element-base.ts
FN:24,(anonymous_0)
FN:47,(anonymous_1)
FN:60,(anonymous_2)
FN:71,(anonymous_3)
FN:86,(anonymous_4)
FN:109,(anonymous_5)
FN:132,(anonymous_6)
FN:166,(anonymous_7)
FN:188,(anonymous_8)
FN:218,(anonymous_9)
FN:245,(anonymous_10)
FN:257,(anonymous_11)
FN:268,(anonymous_12)
FNF:13
FNH:12
FNDA:1239,(anonymous_0)
FNDA:1615,(anonymous_1)
FNDA:391,(anonymous_2)
FNDA:1,(anonymous_3)
FNDA:4,(anonymous_4)
FNDA:4,(anonymous_5)
FNDA:8,(anonymous_6)
FNDA:8,(anonymous_7)
FNDA:14,(anonymous_8)
FNDA:10,(anonymous_9)
FNDA:128,(anonymous_10)
FNDA:2,(anonymous_11)
FNDA:0,(anonymous_12)
DA:14,35
DA:25,1239
DA:26,180
DA:27,180
DA:28,162
DA:48,1615
DA:61,391
DA:72,2
DA:87,4
DA:88,4
DA:89,8
DA:90,8
DA:92,0
DA:93,0
DA:96,2
DA:110,4
DA:111,4
DA:112,9
DA:113,9
DA:115,0
DA:116,0
DA:119,1
DA:133,8
DA:134,8
DA:135,32
DA:136,32
DA:138,0
DA:139,0
DA:167,8
DA:168,8
DA:169,23
DA:170,23
DA:172,0
DA:173,0
DA:176,2
DA:189,27
DA:190,6
DA:219,10
DA:220,10
DA:223,10
DA:224,10
DA:226,0
DA:227,0
DA:228,0
DA:229,0
DA:232,10
DA:233,39
DA:235,10
DA:246,128
DA:258,2
DA:269,0
LF:51
LH:38
BRDA:25,0,0,180
BRDA:27,1,0,18
BRDA:27,1,1,162
BRDA:28,2,0,1
BRDA:89,3,0,8
BRDA:89,3,1,0
BRDA:90,4,0,2
BRDA:93,5,0,0
BRDA:112,6,0,9
BRDA:112,6,1,0
BRDA:113,7,0,3
BRDA:116,8,0,0
BRDA:135,9,0,32
BRDA:135,9,1,0
BRDA:169,10,0,23
BRDA:169,10,1,0
BRDA:170,11,0,6
BRDA:173,12,0,0
BRDA:189,13,0,8
BRDA:223,14,0,10
BRDA:223,14,1,0
BRDA:227,15,0,0
BRF:22
BRH:13
end_of_record
TN:
SF:src/data-structures/base/iterable-entry-base.ts
FN:22,(anonymous_0)
FN:31,(anonymous_1)
FN:42,(anonymous_2)
FN:53,(anonymous_3)
FN:66,(anonymous_4)
FN:83,(anonymous_5)
FN:99,(anonymous_6)
FN:114,(anonymous_7)
FN:129,(anonymous_8)
FN:143,(anonymous_9)
FN:156,(anonymous_10)
FN:171,(anonymous_11)
FN:186,(anonymous_12)
FN:194,(anonymous_13)
FNF:14
FNH:13
FNDA:169,(anonymous_0)
FNDA:3,(anonymous_1)
FNDA:21,(anonymous_2)
FNDA:14,(anonymous_3)
FNDA:5,(anonymous_4)
FNDA:5,(anonymous_5)
FNDA:12,(anonymous_6)
FNDA:2,(anonymous_7)
FNDA:1,(anonymous_8)
FNDA:4,(anonymous_9)
FNDA:1,(anonymous_10)
FNDA:11,(anonymous_11)
FNDA:1,(anonymous_12)
FNDA:0,(anonymous_13)
DA:9,35
DA:23,169
DA:32,3
DA:33,12
DA:43,21
DA:44,514
DA:54,14
DA:55,48
DA:67,5
DA:68,5
DA:69,11
DA:70,2
DA:73,3
DA:84,5
DA:85,5
DA:86,10
DA:87,4
DA:90,1
DA:100,12
DA:101,12
DA:102,37
DA:103,37
DA:115,2
DA:116,2
DA:117,4
DA:118,4
DA:120,1
DA:130,1
DA:131,1
DA:132,1
DA:134,0
DA:144,4
DA:145,9
DA:147,2
DA:157,1
DA:158,1
DA:159,1
DA:161,0
DA:172,11
DA:173,11
DA:174,11
DA:175,34
DA:176,34
DA:178,11
DA:187,1
DA:195,0
LF:46
LH:43
BRDA:69,0,0,2
BRDA:86,1,0,4
BRDA:118,2,0,1
BRDA:132,3,0,1
BRDA:145,4,0,2
BRDA:159,5,0,1
BRF:6
BRH:6
end_of_record
TN:
SF:src/data-structures/base/linear-base.ts
FN:15,(anonymous_0)
FN:27,(anonymous_1)
FN:36,(anonymous_2)
FN:47,(anonymous_3)
FN:56,(anonymous_4)
FN:78,(anonymous_5)
FN:100,(anonymous_6)
FN:111,(anonymous_7)
FN:131,(anonymous_8)
FN:151,(anonymous_9)
FN:173,(anonymous_10)
FN:193,(anonymous_11)
FN:209,(anonymous_12)
FN:236,(anonymous_13)
FN:245,(anonymous_14)
FN:266,(anonymous_15)
FN:281,(anonymous_16)
FN:300,(anonymous_17)
FN:415,(anonymous_18)
FN:430,(anonymous_19)
FN:456,(anonymous_20)
FN:483,(anonymous_21)
FN:504,(anonymous_22)
FN:532,(anonymous_23)
FN:586,(anonymous_24)
FNF:25
FNH:20
FNDA:3668,(anonymous_0)
FNDA:3910,(anonymous_1)
FNDA:16,(anonymous_2)
FNDA:0,(anonymous_3)
FNDA:0,(anonymous_4)
FNDA:1024,(anonymous_5)
FNDA:6,(anonymous_6)
FNDA:6,(anonymous_7)
FNDA:4,(anonymous_8)
FNDA:8,(anonymous_9)
FNDA:2,(anonymous_10)
FNDA:5,(anonymous_11)
FNDA:0,(anonymous_12)
FNDA:8,(anonymous_13)
FNDA:2,(anonymous_14)
FNDA:0,(anonymous_15)
FNDA:2,(anonymous_16)
FNDA:16,(anonymous_17)
FNDA:254,(anonymous_18)
FNDA:8,(anonymous_19)
FNDA:4,(anonymous_20)
FNDA:2,(anonymous_21)
FNDA:2,(anonymous_22)
FNDA:1,(anonymous_23)
FNDA:0,(anonymous_24)
DA:2,35
DA:9,35
DA:16,3668
DA:17,3668
DA:28,3910
DA:37,16
DA:48,0
DA:57,0
DA:68,35
DA:79,1024
DA:80,1024
DA:81,67
DA:82,67
DA:93,1024
DA:101,6
DA:112,6
DA:113,6
DA:114,6
DA:116,6
DA:117,19
DA:118,19
DA:121,3
DA:132,4
DA:133,4
DA:134,4
DA:136,4
DA:137,14
DA:138,14
DA:141,2
DA:152,8
DA:153,28
DA:154,28
DA:156,4
DA:174,2
DA:176,2
DA:177,4
DA:178,4
DA:180,0
DA:184,2
DA:194,5
DA:195,5
DA:196,5
DA:197,23
DA:198,5
DA:210,0
DA:212,0
DA:213,0
DA:214,0
DA:216,0
DA:217,0
DA:218,0
DA:219,0
DA:223,0
DA:224,0
DA:227,0
DA:237,8
DA:246,2
DA:247,2
DA:248,6
DA:250,2
DA:267,0
DA:268,0
DA:269,0
DA:271,0
DA:282,2
DA:283,2
DA:285,2
DA:286,2
DA:287,6
DA:289,2
DA:301,16
DA:302,16
DA:304,16
DA:305,16
DA:306,16
DA:308,12
DA:309,28
DA:312,12
DA:410,35
DA:416,254
DA:417,254
DA:418,17
DA:419,17
DA:431,8
DA:432,8
DA:434,8
DA:435,8
DA:436,0
DA:437,0
DA:440,8
DA:441,26
DA:442,22
DA:443,22
DA:446,4
DA:457,4
DA:458,4
DA:460,4
DA:461,4
DA:462,0
DA:463,0
DA:466,4
DA:467,14
DA:468,12
DA:469,12
DA:472,2
DA:484,2
DA:486,2
DA:487,4
DA:488,4
DA:490,0
DA:494,2
DA:505,2
DA:506,2
DA:508,2
DA:509,2
DA:510,2
DA:511,2
DA:512,2
DA:513,2
DA:514,2
DA:516,2
DA:517,6
DA:518,6
DA:521,2
DA:533,1
DA:535,1
DA:536,1
DA:537,1
DA:539,1
DA:540,1
DA:541,1
DA:543,1
DA:544,1
DA:545,3
DA:546,1
DA:547,1
DA:549,2
DA:550,2
DA:553,1
DA:554,2
DA:555,2
DA:556,2
DA:557,2
DA:560,1
DA:561,2
DA:562,2
DA:563,2
DA:565,0
DA:566,0
DA:570,1
DA:587,0
DA:588,0
DA:589,0
DA:590,0
DA:592,0
LF:155
LH:125
BRDA:80,0,0,67
BRDA:82,1,0,4
BRDA:82,2,0,67
BRDA:82,2,1,44
BRDA:82,2,2,4
BRDA:111,3,0,6
BRDA:112,4,0,0
BRDA:113,5,0,0
BRDA:114,6,0,0
BRDA:118,7,0,3
BRDA:131,8,0,4
BRDA:132,9,0,0
BRDA:133,10,0,0
BRDA:134,11,0,0
BRDA:138,12,0,2
BRDA:154,13,0,4
BRDA:154,14,0,28
BRDA:154,14,1,28
BRDA:177,15,0,4
BRDA:177,15,1,0
BRDA:209,16,0,0
BRDA:212,17,0,0
BRDA:212,17,1,0
BRDA:218,18,0,0
BRDA:236,19,0,4
BRDA:267,20,0,0
BRDA:267,20,1,0
BRDA:281,21,0,0
BRDA:281,22,0,0
BRDA:282,23,0,0
BRDA:282,23,1,2
BRDA:283,24,0,0
BRDA:283,24,1,2
BRDA:300,25,0,4
BRDA:300,26,0,4
BRDA:301,27,0,8
BRDA:301,27,1,8
BRDA:302,28,0,8
BRDA:302,28,1,8
BRDA:304,29,0,0
BRDA:305,30,0,0
BRDA:306,31,0,4
BRDA:417,32,0,17
BRDA:419,33,0,2
BRDA:419,34,0,17
BRDA:419,34,1,15
BRDA:419,34,2,2
BRDA:430,35,0,8
BRDA:441,36,0,4
BRDA:456,37,0,4
BRDA:467,38,0,2
BRDA:487,39,0,4
BRDA:487,39,1,0
BRDA:504,40,0,0
BRDA:504,41,0,0
BRDA:505,42,0,0
BRDA:505,42,1,2
BRDA:506,43,0,0
BRDA:506,43,1,2
BRDA:532,44,0,0
BRDA:535,45,0,0
BRDA:535,45,1,1
BRDA:545,46,0,1
BRDA:553,47,0,3
BRDA:553,47,1,2
BRDA:561,48,0,2
BRDA:561,48,1,0
BRDA:587,49,0,0
BRDA:587,49,1,0
BRF:69
BRH:40
end_of_record
TN:
SF:src/data-structures/binary-tree/avl-tree-counter.ts
FN:41,(anonymous_0)
FN:54,(anonymous_1)
FN:64,(anonymous_2)
FN:78,(anonymous_3)
FN:88,(anonymous_4)
FN:103,(anonymous_5)
FN:113,(anonymous_6)
FN:125,(anonymous_7)
FN:135,(anonymous_8)
FN:147,(anonymous_9)
FN:157,(anonymous_10)
FN:167,(anonymous_11)
FN:197,(anonymous_12)
FN:209,(anonymous_13)
FN:218,(anonymous_14)
FN:220,(anonymous_15)
FN:224,(anonymous_16)
FN:233,(anonymous_17)
FN:247,(anonymous_18)
FN:270,(anonymous_19)
FN:301,(anonymous_20)
FN:334,(anonymous_21)
FN:345,(anonymous_22)
FN:346,(anonymous_23)
FN:355,(anonymous_24)
FN:380,(anonymous_25)
FN:384,(anonymous_26)
FN:386,(anonymous_27)
FN:405,(anonymous_28)
FN:428,(anonymous_29)
FN:450,(anonymous_30)
FN:473,(anonymous_31)
FN:498,(anonymous_32)
FN:533,(anonymous_33)
FNF:34
FNH:31
FNDA:100191,(anonymous_0)
FNDA:7180614,(anonymous_1)
FNDA:100216,(anonymous_2)
FNDA:11988119,(anonymous_3)
FNDA:300262,(anonymous_4)
FNDA:6427525,(anonymous_5)
FNDA:1869807,(anonymous_6)
FNDA:0,(anonymous_7)
FNDA:0,(anonymous_8)
FNDA:150417,(anonymous_9)
FNDA:150243,(anonymous_10)
FNDA:16,(anonymous_11)
FNDA:28,(anonymous_12)
FNDA:12,(anonymous_13)
FNDA:1,(anonymous_14)
FNDA:3,(anonymous_15)
FNDA:100189,(anonymous_16)
FNDA:602893,(anonymous_17)
FNDA:100179,(anonymous_18)
FNDA:31,(anonymous_19)
FNDA:12,(anonymous_20)
FNDA:3,(anonymous_21)
FNDA:2,(anonymous_22)
FNDA:32,(anonymous_23)
FNDA:66,(anonymous_24)
FNDA:2,(anonymous_25)
FNDA:7,(anonymous_26)
FNDA:0,(anonymous_27)
FNDA:1,(anonymous_28)
FNDA:3,(anonymous_29)
FNDA:1,(anonymous_30)
FNDA:200358,(anonymous_31)
FNDA:12,(anonymous_32)
FNDA:11,(anonymous_33)
DA:20,35
DA:28,35
DA:31,100191
DA:42,100191
DA:43,100191
DA:44,100191
DA:47,100191
DA:55,7180614
DA:65,100216
DA:66,100148
DA:68,100216
DA:71,100191
DA:79,11988119
DA:89,300262
DA:90,250178
DA:92,300262
DA:95,100191
DA:104,6427525
DA:114,1869807
DA:117,100191
DA:126,0
DA:136,0
DA:139,100191
DA:148,150417
DA:158,150243
DA:168,16
DA:169,0
DA:172,16
DA:173,6
DA:174,10
DA:175,10
DA:178,0
DA:189,35
DA:203,28
DA:204,28
DA:207,28
DA:210,12
DA:219,1
DA:220,3
DA:221,1
DA:225,100189
DA:236,602893
DA:252,100179
DA:253,100179
DA:255,100179
DA:256,100179
DA:257,100179
DA:258,100179
DA:260,100179
DA:274,31
DA:275,31
DA:277,31
DA:278,31
DA:280,29
DA:281,29
DA:282,29
DA:284,29
DA:285,1
DA:286,1
DA:288,28
DA:289,16
DA:290,0
DA:292,16
DA:293,16
DA:294,6
DA:295,10
DA:296,10
DA:298,16
DA:301,12
DA:302,12
DA:303,12
DA:304,12
DA:305,12
DA:306,12
DA:307,4
DA:309,8
DA:311,12
DA:315,28
DA:317,28
DA:320,29
DA:322,29
DA:323,28
DA:326,29
DA:335,3
DA:336,3
DA:346,32
DA:347,2
DA:348,2
DA:350,2
DA:351,32
DA:353,2
DA:355,2
DA:356,66
DA:357,32
DA:358,32
DA:359,32
DA:360,32
DA:361,32
DA:362,32
DA:363,32
DA:364,32
DA:365,32
DA:368,2
DA:369,2
DA:370,2
DA:371,2
DA:372,2
DA:381,2
DA:383,2
DA:384,7
DA:386,0
DA:389,2
DA:391,2
DA:410,1
DA:412,1
DA:413,1
DA:414,3
DA:416,1
DA:431,3
DA:437,3
DA:456,1
DA:462,1
DA:478,200358
DA:479,200358
DA:481,100177
DA:482,156
DA:483,156
DA:484,156
DA:485,156
DA:488,100021
DA:502,12
DA:503,12
DA:504,12
DA:505,12
DA:506,12
DA:507,12
DA:508,12
DA:510,12
DA:511,12
DA:512,12
DA:513,12
DA:515,12
DA:516,12
DA:517,12
DA:518,12
DA:521,12
DA:523,0
DA:537,11
DA:538,11
LF:149
LH:142
BRDA:41,0,0,0
BRDA:65,1,0,100148
BRDA:89,2,0,250178
BRDA:168,3,0,0
BRDA:169,4,0,0
BRDA:169,4,1,0
BRDA:169,5,0,0
BRDA:169,5,1,0
BRDA:172,6,0,6
BRDA:172,6,1,10
BRDA:173,7,0,0
BRDA:173,7,1,6
BRDA:173,8,0,6
BRDA:173,8,1,6
BRDA:174,9,0,10
BRDA:175,10,0,4
BRDA:175,10,1,6
BRDA:175,11,0,10
BRDA:175,11,1,10
BRDA:198,12,0,16
BRDA:204,13,0,28
BRDA:225,14,0,100148
BRDA:225,14,1,41
BRDA:250,15,0,100144
BRDA:253,16,0,0
BRDA:255,17,0,100179
BRDA:255,17,1,0
BRDA:257,18,0,100179
BRDA:272,19,0,3
BRDA:275,20,0,0
BRDA:277,21,0,31
BRDA:277,21,1,2
BRDA:278,22,0,2
BRDA:280,23,0,26
BRDA:280,23,1,3
BRDA:284,24,0,1
BRDA:284,24,1,28
BRDA:284,25,0,29
BRDA:284,25,1,11
BRDA:288,26,0,16
BRDA:288,26,1,12
BRDA:289,27,0,0
BRDA:289,27,1,16
BRDA:290,28,0,0
BRDA:290,29,0,0
BRDA:290,29,1,0
BRDA:293,30,0,6
BRDA:293,30,1,10
BRDA:293,31,0,16
BRDA:293,31,1,10
BRDA:295,32,0,10
BRDA:295,33,0,10
BRDA:295,33,1,4
BRDA:301,34,0,12
BRDA:301,34,1,0
BRDA:302,35,0,12
BRDA:305,36,0,12
BRDA:306,37,0,4
BRDA:306,37,1,8
BRDA:317,38,0,28
BRDA:322,39,0,28
BRDA:345,40,0,2
BRDA:348,41,0,0
BRDA:351,42,0,32
BRDA:351,42,1,0
BRDA:356,43,0,34
BRDA:362,44,0,14
BRDA:362,44,1,18
BRDA:363,45,0,16
BRDA:363,45,1,16
BRDA:383,46,0,2
BRDA:383,46,1,0
BRDA:389,47,0,2
BRDA:437,48,0,3
BRDA:437,48,1,3
BRDA:451,49,0,0
BRDA:462,50,0,1
BRDA:462,50,1,1
BRDA:476,51,0,100179
BRDA:478,52,0,0
BRDA:478,53,0,200358
BRDA:478,53,1,200358
BRDA:479,54,0,100181
BRDA:481,55,0,156
BRDA:483,56,0,0
BRDA:483,57,0,156
BRDA:483,57,1,156
BRDA:484,58,0,156
BRDA:484,58,1,156
BRDA:504,59,0,12
BRDA:504,60,0,12
BRDA:504,60,1,12
BRDA:507,61,0,12
BRDA:511,62,0,0
BRDA:516,63,0,0
BRF:95
BRH:72
end_of_record
TN:
SF:src/data-structures/binary-tree/avl-tree-multi-map.ts
FN:40,(anonymous_0)
FN:52,(anonymous_1)
FN:62,(anonymous_2)
FN:76,(anonymous_3)
FN:86,(anonymous_4)
FN:101,(anonymous_5)
FN:111,(anonymous_6)
FN:123,(anonymous_7)
FN:133,(anonymous_8)
FN:145,(anonymous_9)
FN:155,(anonymous_10)
FN:165,(anonymous_11)
FN:195,(anonymous_12)
FN:207,(anonymous_13)
FN:218,(anonymous_14)
FN:237,(anonymous_15)
FN:243,(anonymous_16)
FN:246,(anonymous_17)
FN:255,(anonymous_18)
FN:295,(anonymous_19)
FN:318,(anonymous_20)
FN:319,(anonymous_21)
FN:325,(anonymous_22)
FN:389,(anonymous_23)
FN:409,(anonymous_24)
FN:427,(anonymous_25)
FNF:26
FNH:21
FNDA:180,(anonymous_0)
FNDA:4873,(anonymous_1)
FNDA:151,(anonymous_2)
FNDA:5171,(anonymous_3)
FNDA:201,(anonymous_4)
FNDA:1358,(anonymous_5)
FNDA:688,(anonymous_6)
FNDA:0,(anonymous_7)
FNDA:0,(anonymous_8)
FNDA:0,(anonymous_9)
FNDA:0,(anonymous_10)
FNDA:17,(anonymous_11)
FNDA:30,(anonymous_12)
FNDA:176,(anonymous_13)
FNDA:4943,(anonymous_14)
FNDA:180,(anonymous_15)
FNDA:176,(anonymous_16)
FNDA:0,(anonymous_17)
FNDA:171,(anonymous_18)
FNDA:3,(anonymous_19)
FNDA:2,(anonymous_20)
FNDA:32,(anonymous_21)
FNDA:66,(anonymous_22)
FNDA:1,(anonymous_23)
FNDA:4,(anonymous_24)
FNDA:1,(anonymous_25)
DA:19,35
DA:28,35
DA:31,180
DA:41,180
DA:42,180
DA:45,180
DA:53,4873
DA:63,151
DA:64,104
DA:66,151
DA:69,180
DA:77,5171
DA:87,201
DA:88,144
DA:90,201
DA:93,180
DA:102,1358
DA:112,688
DA:115,180
DA:124,0
DA:134,0
DA:137,180
DA:146,0
DA:156,0
DA:166,17
DA:167,0
DA:170,17
DA:171,7
DA:172,10
DA:173,10
DA:176,0
DA:187,35
DA:201,30
DA:202,30
DA:203,30
DA:208,176
DA:221,4943
DA:241,180
DA:243,176
DA:244,176
DA:246,171
DA:247,0
DA:248,0
DA:249,0
DA:250,0
DA:252,0
DA:255,171
DA:256,171
DA:257,171
DA:258,14
DA:259,14
DA:260,7
DA:261,7
DA:263,7
DA:264,8
DA:265,7
DA:267,0
DA:270,157
DA:274,171
DA:275,171
DA:277,0
DA:280,176
DA:281,150
DA:282,150
DA:285,26
DA:299,3
DA:300,3
DA:301,3
DA:302,3
DA:303,3
DA:305,3
DA:307,3
DA:309,0
DA:319,32
DA:320,2
DA:321,2
DA:323,2
DA:325,2
DA:326,66
DA:327,32
DA:328,32
DA:329,32
DA:330,32
DA:331,32
DA:332,32
DA:333,32
DA:334,32
DA:335,32
DA:338,2
DA:339,2
DA:340,2
DA:341,2
DA:394,1
DA:395,1
DA:396,3
DA:397,1
DA:410,4
DA:414,4
DA:431,1
DA:435,1
LF:100
LH:86
BRDA:40,0,0,0
BRDA:63,1,0,104
BRDA:87,2,0,144
BRDA:166,3,0,0
BRDA:167,4,0,0
BRDA:167,4,1,0
BRDA:167,5,0,0
BRDA:167,5,1,0
BRDA:170,6,0,7
BRDA:170,6,1,10
BRDA:171,7,0,0
BRDA:171,7,1,7
BRDA:171,8,0,7
BRDA:171,8,1,7
BRDA:172,9,0,10
BRDA:173,10,0,4
BRDA:173,10,1,6
BRDA:173,11,0,10
BRDA:173,11,1,10
BRDA:196,12,0,18
BRDA:202,13,0,30
BRDA:207,14,0,15
BRDA:208,15,0,176
BRDA:208,15,1,0
BRDA:241,16,0,4
BRDA:244,17,0,5
BRDA:244,18,0,176
BRDA:244,18,1,175
BRDA:248,19,0,0
BRDA:248,20,0,0
BRDA:248,20,1,0
BRDA:257,21,0,14
BRDA:257,21,1,157
BRDA:259,22,0,7
BRDA:263,23,0,7
BRDA:263,23,1,0
BRDA:274,24,0,171
BRDA:275,25,0,171
BRDA:275,25,1,0
BRDA:277,26,0,0
BRDA:277,26,1,0
BRDA:280,27,0,150
BRDA:282,28,0,0
BRDA:282,28,1,150
BRDA:285,29,0,7
BRDA:285,29,1,19
BRDA:300,30,0,3
BRDA:302,31,0,0
BRDA:305,32,0,1
BRDA:318,33,0,2
BRDA:321,34,0,0
BRDA:326,35,0,34
BRDA:332,36,0,14
BRDA:332,36,1,18
BRDA:333,37,0,16
BRDA:333,37,1,16
BRDA:414,38,0,4
BRDA:414,38,1,0
BRDA:414,39,0,4
BRDA:414,39,1,4
BRDA:428,40,0,0
BRDA:435,41,0,1
BRDA:435,41,1,0
BRDA:435,42,0,1
BRDA:435,42,1,1
BRF:65
BRH:44
end_of_record
TN:
SF:src/data-structures/binary-tree/avl-tree.ts
FN:42,(anonymous_0)
FN:55,(anonymous_1)
FN:65,(anonymous_2)
FN:80,(anonymous_3)
FN:90,(anonymous_4)
FN:105,(anonymous_5)
FN:115,(anonymous_6)
FN:127,(anonymous_7)
FN:137,(anonymous_8)
FN:149,(anonymous_9)
FN:159,(anonymous_10)
FN:169,(anonymous_11)
FN:367,(anonymous_12)
FN:386,(anonymous_13)
FN:397,(anonymous_14)
FN:411,(anonymous_15)
FN:429,(anonymous_16)
FN:450,(anonymous_17)
FN:451,(anonymous_18)
FN:458,(anonymous_19)
FN:491,(anonymous_20)
FN:515,(anonymous_21)
FN:532,(anonymous_22)
FN:551,(anonymous_23)
FN:588,(anonymous_24)
FN:600,(anonymous_25)
FN:612,(anonymous_26)
FN:647,(anonymous_27)
FN:699,(anonymous_28)
FN:738,(anonymous_29)
FN:789,(anonymous_30)
FN:792,(anonymous_31)
FN:836,(anonymous_32)
FNF:33
FNH:29
FNDA:307,(anonymous_0)
FNDA:7967,(anonymous_1)
FNDA:290,(anonymous_2)
FNDA:8619,(anonymous_3)
FNDA:338,(anonymous_4)
FNDA:2721,(anonymous_5)
FNDA:1278,(anonymous_6)
FNDA:0,(anonymous_7)
FNDA:0,(anonymous_8)
FNDA:0,(anonymous_9)
FNDA:0,(anonymous_10)
FNDA:17,(anonymous_11)
FNDA:97,(anonymous_12)
FNDA:303,(anonymous_13)
FNDA:6297,(anonymous_14)
FNDA:100643,(anonymous_15)
FNDA:67,(anonymous_16)
FNDA:2,(anonymous_17)
FNDA:32,(anonymous_18)
FNDA:66,(anonymous_19)
FNDA:1,(anonymous_20)
FNDA:5,(anonymous_21)
FNDA:1,(anonymous_22)
FNDA:28,(anonymous_23)
FNDA:1771275,(anonymous_24)
FNDA:1871528,(anonymous_25)
FNDA:25,(anonymous_26)
FNDA:32,(anonymous_27)
FNDA:100096,(anonymous_28)
FNDA:34,(anonymous_29)
FNDA:100728,(anonymous_30)
FNDA:1671088,(anonymous_31)
FNDA:29,(anonymous_32)
DA:9,35
DA:30,35
DA:33,307
DA:43,307
DA:44,307
DA:47,307
DA:56,7967
DA:66,290
DA:67,211
DA:69,290
DA:72,307
DA:81,8619
DA:91,338
DA:92,265
DA:94,338
DA:97,307
DA:106,2721
DA:116,1278
DA:119,307
DA:128,0
DA:138,0
DA:141,307
DA:150,0
DA:160,0
DA:170,17
DA:171,0
DA:174,17
DA:175,7
DA:176,10
DA:177,10
DA:180,0
DA:359,35
DA:373,97
DA:375,97
DA:387,303
DA:400,6297
DA:415,100643
DA:416,100640
DA:418,100640
DA:419,100640
DA:432,67
DA:434,67
DA:435,63
DA:436,62
DA:439,67
DA:451,32
DA:452,2
DA:453,2
DA:455,2
DA:458,2
DA:459,66
DA:460,32
DA:461,32
DA:462,32
DA:463,32
DA:464,32
DA:467,32
DA:468,32
DA:469,32
DA:470,32
DA:473,2
DA:474,2
DA:475,2
DA:476,2
DA:496,1
DA:498,1
DA:500,1
DA:502,3
DA:504,1
DA:516,5
DA:520,5
DA:536,1
DA:540,1
DA:555,28
DA:556,28
DA:558,28
DA:559,28
DA:560,28
DA:562,28
DA:563,28
DA:566,28
DA:567,28
DA:568,28
DA:571,28
DA:572,28
DA:573,28
DA:576,28
DA:578,0
DA:589,1771275
DA:590,1771275
DA:591,1771275
DA:601,1871528
DA:602,1871528
DA:603,1871528
DA:613,25
DA:614,25
DA:615,25
DA:616,25
DA:617,6
DA:619,25
DA:622,25
DA:623,14
DA:625,11
DA:626,0
DA:628,11
DA:633,25
DA:634,25
DA:635,25
DA:637,25
DA:638,25
DA:648,32
DA:649,32
DA:650,32
DA:651,32
DA:652,32
DA:654,32
DA:655,32
DA:657,32
DA:658,32
DA:659,0
DA:661,32
DA:662,7
DA:664,32
DA:668,32
DA:669,22
DA:671,10
DA:672,10
DA:673,1
DA:675,9
DA:681,32
DA:682,32
DA:683,32
DA:684,32
DA:685,32
DA:688,32
DA:689,32
DA:690,32
DA:700,100096
DA:701,100096
DA:702,100096
DA:703,100096
DA:704,100096
DA:705,50027
DA:707,100096
DA:711,100096
DA:712,76
DA:714,100020
DA:715,100020
DA:716,7
DA:718,100013
DA:724,100096
DA:725,100096
DA:726,100096
DA:728,100096
DA:729,100096
DA:739,34
DA:740,34
DA:741,34
DA:742,34
DA:743,34
DA:746,34
DA:747,34
DA:749,34
DA:750,34
DA:751,21
DA:753,34
DA:754,8
DA:756,34
DA:760,34
DA:761,7
DA:763,27
DA:764,27
DA:765,14
DA:767,13
DA:773,34
DA:774,34
DA:775,34
DA:776,34
DA:778,34
DA:779,34
DA:780,34
DA:791,100728
DA:792,1671088
DA:795,100728
DA:796,1671088
DA:797,1671088
DA:798,1671088
DA:801,1671088
DA:803,57
DA:804,57
DA:806,25
DA:809,32
DA:812,57
DA:814,100130
DA:815,100130
DA:817,100096
DA:820,34
DA:838,29
DA:839,29
LF:199
LH:190
BRDA:66,0,0,211
BRDA:91,1,0,265
BRDA:170,2,0,0
BRDA:171,3,0,0
BRDA:171,3,1,0
BRDA:171,4,0,0
BRDA:171,4,1,0
BRDA:174,5,0,7
BRDA:174,5,1,10
BRDA:175,6,0,0
BRDA:175,6,1,7
BRDA:175,7,0,7
BRDA:175,7,1,7
BRDA:176,8,0,10
BRDA:177,9,0,4
BRDA:177,9,1,6
BRDA:177,10,0,10
BRDA:177,10,1,10
BRDA:368,11,0,18
BRDA:375,12,0,97
BRDA:387,13,0,258
BRDA:387,13,1,45
BRDA:415,14,0,3
BRDA:418,15,0,100638
BRDA:435,16,0,62
BRDA:450,17,0,2
BRDA:453,18,0,0
BRDA:459,19,0,34
BRDA:467,20,0,14
BRDA:467,20,1,18
BRDA:468,21,0,16
BRDA:468,21,1,16
BRDA:520,22,0,5
BRDA:520,22,1,5
BRDA:533,23,0,0
BRDA:540,24,0,1
BRDA:540,24,1,1
BRDA:558,25,0,28
BRDA:558,26,0,28
BRDA:558,26,1,28
BRDA:562,27,0,28
BRDA:567,28,0,0
BRDA:572,29,0,0
BRDA:589,30,0,1470198
BRDA:589,30,1,301077
BRDA:590,31,0,1670343
BRDA:590,31,1,100932
BRDA:601,32,0,1570367
BRDA:601,32,1,301161
BRDA:602,33,0,1720457
BRDA:602,33,1,151071
BRDA:615,34,0,25
BRDA:616,35,0,6
BRDA:616,36,0,25
BRDA:616,36,1,25
BRDA:619,37,0,25
BRDA:622,38,0,14
BRDA:622,38,1,11
BRDA:623,39,0,14
BRDA:625,40,0,0
BRDA:625,40,1,11
BRDA:628,41,0,11
BRDA:633,42,0,25
BRDA:638,43,0,25
BRDA:651,44,0,32
BRDA:654,45,0,32
BRDA:654,46,0,32
BRDA:654,46,1,32
BRDA:655,47,0,32
BRDA:655,48,0,32
BRDA:655,48,1,32
BRDA:657,49,0,32
BRDA:658,50,0,0
BRDA:659,51,0,0
BRDA:661,52,0,7
BRDA:668,53,0,22
BRDA:668,53,1,10
BRDA:669,54,0,22
BRDA:671,55,0,10
BRDA:672,56,0,1
BRDA:672,56,1,9
BRDA:681,57,0,32
BRDA:683,58,0,32
BRDA:689,59,0,32
BRDA:690,60,0,32
BRDA:702,61,0,100096
BRDA:703,62,0,100096
BRDA:704,63,0,50027
BRDA:711,64,0,76
BRDA:711,64,1,100020
BRDA:712,65,0,76
BRDA:714,66,0,100020
BRDA:715,67,0,7
BRDA:715,67,1,100013
BRDA:724,68,0,100096
BRDA:729,69,0,100096
BRDA:742,70,0,34
BRDA:746,71,0,34
BRDA:747,72,0,34
BRDA:747,73,0,34
BRDA:747,73,1,34
BRDA:749,74,0,34
BRDA:750,75,0,21
BRDA:753,76,0,8
BRDA:754,77,0,8
BRDA:760,78,0,7
BRDA:760,78,1,27
BRDA:761,79,0,7
BRDA:763,80,0,27
BRDA:764,81,0,14
BRDA:764,81,1,13
BRDA:773,82,0,34
BRDA:774,83,0,34
BRDA:774,84,0,34
BRDA:774,84,1,34
BRDA:775,85,0,34
BRDA:776,86,0,34
BRDA:779,87,0,34
BRDA:780,88,0,34
BRDA:797,89,0,1671088
BRDA:801,90,0,57
BRDA:801,90,1,100130
BRDA:803,91,0,57
BRDA:803,92,0,57
BRDA:803,92,1,57
BRDA:804,93,0,25
BRDA:804,93,1,32
BRDA:814,94,0,100130
BRDA:814,95,0,100130
BRDA:814,95,1,100130
BRDA:815,96,0,100096
BRDA:815,96,1,34
BRF:132
BRH:119
end_of_record
TN:
SF:src/data-structures/binary-tree/binary-indexed-tree.ts
FN:23,(anonymous_0)
FN:38,(anonymous_1)
FN:48,(anonymous_2)
FN:59,(anonymous_3)
FN:67,(anonymous_4)
FN:75,(anonymous_5)
FN:85,(anonymous_6)
FN:98,(anonymous_7)
FN:113,(anonymous_8)
FN:125,(anonymous_9)
FN:138,(anonymous_10)
FN:142,(anonymous_11)
FN:152,(anonymous_12)
FN:156,(anonymous_13)
FN:166,(anonymous_14)
FN:186,(anonymous_15)
FN:201,(anonymous_16)
FN:210,(anonymous_17)
FN:226,(anonymous_18)
FN:246,(anonymous_19)
FN:262,(anonymous_20)
FN:279,(anonymous_21)
FN:293,(anonymous_22)
FN:313,(anonymous_23)
FNF:24
FNH:24
FNDA:30,(anonymous_0)
FNDA:2328,(anonymous_1)
FNDA:46,(anonymous_2)
FNDA:52,(anonymous_3)
FNDA:379,(anonymous_4)
FNDA:1158,(anonymous_5)
FNDA:68,(anonymous_6)
FNDA:55,(anonymous_7)
FNDA:126,(anonymous_8)
FNDA:79,(anonymous_9)
FNDA:25,(anonymous_10)
FNDA:86,(anonymous_11)
FNDA:23,(anonymous_12)
FNDA:78,(anonymous_13)
FNDA:10,(anonymous_14)
FNDA:1147,(anonymous_15)
FNDA:410,(anonymous_16)
FNDA:259,(anonymous_17)
FNDA:243,(anonymous_18)
FNDA:177,(anonymous_19)
FNDA:177,(anonymous_20)
FNDA:124,(anonymous_21)
FNDA:79,(anonymous_22)
FNDA:46,(anonymous_23)
DA:8,35
DA:13,35
DA:24,30
DA:25,30
DA:26,30
DA:27,30
DA:28,30
DA:39,2328
DA:49,46
DA:60,52
DA:68,379
DA:76,1158
DA:86,68
DA:87,66
DA:99,55
DA:100,53
DA:102,53
DA:103,53
DA:114,126
DA:115,124
DA:126,79
DA:127,0
DA:129,79
DA:139,25
DA:140,1
DA:142,86
DA:153,23
DA:154,1
DA:156,78
DA:167,10
DA:168,10
DA:170,10
DA:171,10
DA:172,13
DA:173,13
DA:176,10
DA:187,1147
DA:188,770
DA:191,377
DA:202,410
DA:211,259
DA:212,0
DA:214,259
DA:215,6
DA:227,243
DA:228,243
DA:229,243
DA:231,243
DA:233,243
DA:234,183
DA:235,183
DA:238,243
DA:247,177
DA:248,6
DA:249,171
DA:250,7
DA:263,177
DA:265,177
DA:266,410
DA:267,410
DA:280,124
DA:282,124
DA:283,124
DA:294,79
DA:295,79
DA:296,79
DA:297,114
DA:298,114
DA:301,79
DA:314,46
DA:315,46
DA:316,46
DA:318,46
DA:319,184
DA:320,184
DA:322,184
DA:323,45
DA:324,45
DA:326,139
DA:329,46
LF:80
LH:78
BRDA:23,0,0,14
BRDA:28,1,0,0
BRDA:28,1,1,30
BRDA:126,2,0,0
BRDA:139,3,0,1
BRDA:153,4,0,1
BRDA:187,5,0,770
BRDA:211,6,0,0
BRDA:214,7,0,6
BRDA:214,8,0,259
BRDA:214,8,1,256
BRDA:247,9,0,6
BRDA:247,9,1,171
BRDA:247,10,0,177
BRDA:247,10,1,6
BRDA:249,11,0,7
BRDA:249,12,0,171
BRDA:249,12,1,171
BRDA:322,13,0,45
BRDA:322,13,1,139
BRDA:322,14,0,184
BRDA:322,14,1,164
BRF:22
BRH:19
end_of_record
TN:
SF:src/data-structures/binary-tree/binary-tree.ts
FN:49,(anonymous_0)
FN:62,(anonymous_1)
FN:72,(anonymous_2)
FN:87,(anonymous_3)
FN:97,(anonymous_4)
FN:112,(anonymous_5)
FN:122,(anonymous_6)
FN:134,(anonymous_7)
FN:144,(anonymous_8)
FN:156,(anonymous_9)
FN:166,(anonymous_10)
FN:176,(anonymous_11)
FN:361,(anonymous_12)
FN:388,(anonymous_13)
FN:400,(anonymous_14)
FN:412,(anonymous_15)
FN:424,(anonymous_16)
FN:436,(anonymous_17)
FN:448,(anonymous_18)
FN:460,(anonymous_19)
FN:472,(anonymous_20)
FN:483,(anonymous_21)
FN:495,(anonymous_22)
FN:522,(anonymous_23)
FN:535,(anonymous_24)
FN:548,(anonymous_25)
FN:562,(anonymous_26)
FN:575,(anonymous_27)
FN:586,(anonymous_28)
FN:606,(anonymous_29)
FN:620,(anonymous_30)
FN:633,(anonymous_31)
FN:646,(anonymous_32)
FN:709,(anonymous_33)
FN:744,(anonymous_34)
FN:755,(anonymous_35)
FN:772,(anonymous_36)
FN:791,(anonymous_37)
FN:841,(anonymous_38)
FN:863,(anonymous_39)
FN:916,(anonymous_40)
FN:928,(anonymous_41)
FN:940,(anonymous_42)
FN:951,(anonymous_43)
FN:963,(anonymous_44)
FN:997,(anonymous_45)
FN:1008,(anonymous_46)
FN:1015,(anonymous_47)
FN:1026,(anonymous_48)
FN:1037,(anonymous_49)
FN:1051,(anonymous_50)
FN:1059,(anonymous_51)
FN:1071,(anonymous_52)
FN:1102,(anonymous_53)
FN:1127,(anonymous_54)
FN:1135,(anonymous_55)
FN:1169,(anonymous_56)
FN:1177,(anonymous_57)
FN:1226,(anonymous_58)
FN:1254,(anonymous_59)
FN:1264,(anonymous_60)
FN:1273,(anonymous_61)
FN:1276,(anonymous_62)
FN:1293,(anonymous_63)
FN:1303,(anonymous_64)
FN:1311,(anonymous_65)
FN:1314,(anonymous_66)
FN:1328,(anonymous_67)
FN:1349,(anonymous_68)
FN:1354,(anonymous_69)
FN:1395,(anonymous_70)
FN:1433,(anonymous_71)
FN:1450,(anonymous_72)
FN:1500,(anonymous_73)
FN:1512,(anonymous_74)
FN:1566,(anonymous_75)
FN:1579,(anonymous_76)
FN:1632,(anonymous_77)
FN:1645,(anonymous_78)
FN:1658,(anonymous_79)
FN:1738,(anonymous_80)
FN:1752,(anonymous_81)
FN:1771,(anonymous_82)
FN:1790,(anonymous_83)
FN:1803,(anonymous_84)
FN:1823,(anonymous_85)
FN:1860,(anonymous_86)
FN:1867,(anonymous_87)
FN:1868,(anonymous_88)
FN:1869,(anonymous_89)
FN:1873,(anonymous_90)
FN:1880,(anonymous_91)
FN:1883,(anonymous_92)
FN:1886,(anonymous_93)
FN:1923,(anonymous_94)
FN:1926,(anonymous_95)
FN:1929,(anonymous_96)
FN:1975,(anonymous_97)
FN:2021,(anonymous_98)
FN:2030,(anonymous_99)
FN:2047,(anonymous_100)
FN:2064,(anonymous_101)
FN:2087,(anonymous_102)
FN:2113,(anonymous_103)
FN:2116,(anonymous_104)
FN:2138,(anonymous_105)
FN:2176,_buildNodeDisplay
FN:2220,(anonymous_107)
FN:2254,(anonymous_108)
FN:2278,(anonymous_109)
FN:2302,(anonymous_110)
FN:2312,(anonymous_111)
FN:2317,(anonymous_112)
FN:2321,(anonymous_113)
FN:2328,(anonymous_114)
FN:2341,(anonymous_115)
FN:2352,(anonymous_116)
FN:2373,(anonymous_117)
FN:2383,(anonymous_118)
FN:2392,(anonymous_119)
FNF:120
FNH:113
FNDA:1082,(anonymous_0)
FNDA:21970,(anonymous_1)
FNDA:290,(anonymous_2)
FNDA:21596,(anonymous_3)
FNDA:291,(anonymous_4)
FNDA:0,(anonymous_5)
FNDA:0,(anonymous_6)
FNDA:51506,(anonymous_7)
FNDA:11137,(anonymous_8)
FNDA:0,(anonymous_9)
FNDA:0,(anonymous_10)
FNDA:18,(anonymous_11)
FNDA:528,(anonymous_12)
FNDA:42,(anonymous_13)
FNDA:41,(anonymous_14)
FNDA:0,(anonymous_15)
FNDA:57,(anonymous_16)
FNDA:143,(anonymous_17)
FNDA:2486200,(anonymous_18)
FNDA:41,(anonymous_19)
FNDA:506,(anonymous_20)
FNDA:0,(anonymous_21)
FNDA:280524,(anonymous_22)
FNDA:3971,(anonymous_23)
FNDA:68695,(anonymous_24)
FNDA:1678310,(anonymous_25)
FNDA:1767,(anonymous_26)
FNDA:1092,(anonymous_27)
FNDA:38398,(anonymous_28)
FNDA:121,(anonymous_29)
FNDA:1054403,(anonymous_30)
FNDA:40,(anonymous_31)
FNDA:568,(anonymous_32)
FNDA:138,(anonymous_33)
FNDA:2,(anonymous_34)
FNDA:1,(anonymous_35)
FNDA:166,(anonymous_36)
FNDA:59,(anonymous_37)
FNDA:134,(anonymous_38)
FNDA:83,(anonymous_39)
FNDA:38426,(anonymous_40)
FNDA:24256,(anonymous_41)
FNDA:98,(anonymous_42)
FNDA:88,(anonymous_43)
FNDA:549,(anonymous_44)
FNDA:88,(anonymous_45)
FNDA:59,(anonymous_46)
FNDA:93,(anonymous_47)
FNDA:4,(anonymous_48)
FNDA:20,(anonymous_49)
FNDA:23,(anonymous_50)
FNDA:264,(anonymous_51)
FNDA:30,(anonymous_52)
FNDA:33,(anonymous_53)
FNDA:243,(anonymous_54)
FNDA:1710,(anonymous_55)
FNDA:26,(anonymous_56)
FNDA:132,(anonymous_57)
FNDA:100736,(anonymous_58)
FNDA:874,(anonymous_59)
FNDA:54,(anonymous_60)
FNDA:1857,(anonymous_61)
FNDA:1007,(anonymous_62)
FNDA:80,(anonymous_63)
FNDA:34,(anonymous_64)
FNDA:86,(anonymous_65)
FNDA:34,(anonymous_66)
FNDA:45,(anonymous_67)
FNDA:7,(anonymous_68)
FNDA:2,(anonymous_69)
FNDA:150,(anonymous_70)
FNDA:83,(anonymous_71)
FNDA:254,(anonymous_72)
FNDA:16,(anonymous_73)
FNDA:16,(anonymous_74)
FNDA:12,(anonymous_75)
FNDA:32,(anonymous_76)
FNDA:11,(anonymous_77)
FNDA:6,(anonymous_78)
FNDA:3,(anonymous_79)
FNDA:19,(anonymous_80)
FNDA:8,(anonymous_81)
FNDA:2,(anonymous_82)
FNDA:13,(anonymous_83)
FNDA:11,(anonymous_84)
FNDA:6,(anonymous_85)
FNDA:38539,(anonymous_86)
FNDA:1321,(anonymous_87)
FNDA:1321,(anonymous_88)
FNDA:3998,(anonymous_89)
FNDA:1321,(anonymous_90)
FNDA:1838,(anonymous_91)
FNDA:1616,(anonymous_92)
FNDA:1368,(anonymous_93)
FNDA:388374,(anonymous_94)
FNDA:388374,(anonymous_95)
FNDA:388374,(anonymous_96)
FNDA:104,(anonymous_97)
FNDA:243,(anonymous_98)
FNDA:41,(anonymous_99)
FNDA:5,(anonymous_100)
FNDA:2,(anonymous_101)
FNDA:146087,(anonymous_102)
FNDA:22,(anonymous_103)
FNDA:91,(anonymous_104)
FNDA:131,(anonymous_105)
FNDA:72,_buildNodeDisplay
FNDA:31,(anonymous_107)
FNDA:1478,(anonymous_108)
FNDA:169,(anonymous_109)
FNDA:38509,(anonymous_110)
FNDA:0,(anonymous_111)
FNDA:46,(anonymous_112)
FNDA:1,(anonymous_113)
FNDA:275086,(anonymous_114)
FNDA:772399,(anonymous_115)
FNDA:707223,(anonymous_116)
FNDA:249148,(anonymous_117)
FNDA:110,(anonymous_118)
FNDA:89,(anonymous_119)
DA:28,35
DA:29,35
DA:30,35
DA:31,35
DA:37,35
DA:40,1082
DA:50,1082
DA:51,1082
DA:54,1082
DA:63,21970
DA:73,290
DA:74,245
DA:76,290
DA:79,1082
DA:88,21596
DA:98,291
DA:99,222
DA:101,291
DA:104,1082
DA:113,0
DA:123,0
DA:126,1082
DA:135,51506
DA:145,11137
DA:148,1082
DA:157,0
DA:167,0
DA:177,18
DA:178,4
DA:181,14
DA:182,5
DA:183,9
DA:184,8
DA:187,1
DA:348,35
DA:352,528
DA:367,528
DA:368,528
DA:369,201
DA:370,201
DA:371,201
DA:372,201
DA:373,201
DA:374,183
DA:377,527
DA:380,528
DA:389,42
DA:392,528
DA:401,41
DA:404,528
DA:413,0
DA:425,57
DA:428,528
DA:437,143
DA:440,528
DA:449,2486200
DA:461,41
DA:473,506
DA:484,0
DA:499,280524
DA:500,280520
DA:501,280470
DA:503,280389
DA:505,563
DA:506,202
DA:507,202
DA:508,201
DA:509,200
DA:512,361
DA:525,3971
DA:538,68695
DA:551,1678310
DA:552,1453905
DA:565,1767
DA:576,1092
DA:596,38398
DA:607,121
DA:608,121
DA:609,119
DA:610,117
DA:623,1054403
DA:634,40
DA:635,37
DA:650,568
DA:651,568
DA:653,565
DA:654,93
DA:655,93
DA:656,93
DA:657,93
DA:660,472
DA:662,472
DA:663,6170
DA:665,6170
DA:667,6170
DA:668,6160
DA:669,29
DA:670,29
DA:671,29
DA:675,6141
DA:676,444
DA:679,6141
DA:680,6030
DA:682,6141
DA:683,6043
DA:687,443
DA:688,441
DA:689,234
DA:690,207
DA:691,207
DA:693,441
DA:694,441
DA:695,441
DA:698,2
DA:715,138
DA:718,138
DA:719,4
DA:722,138
DA:723,390
DA:725,390
DA:726,11
DA:727,11
DA:728,7
DA:731,390
DA:732,390
DA:735,138
DA:745,2
DA:761,1
DA:762,1
DA:775,166
DA:776,166
DA:778,164
DA:779,164
DA:781,153
DA:783,153
DA:785,153
DA:787,6
DA:788,147
DA:791,59
DA:792,59
DA:793,59
DA:795,59
DA:797,59
DA:799,59
DA:800,20
DA:801,39
DA:802,59
DA:805,88
DA:808,82
DA:809,82
DA:810,40
DA:811,42
DA:812,42
DA:814,82
DA:818,6
DA:819,6
DA:822,153
DA:824,153
DA:825,153
DA:826,153
DA:854,134
DA:855,130
DA:856,128
DA:857,128
DA:858,127
DA:860,127
DA:862,127
DA:863,29
DA:864,83
DA:865,23
DA:866,23
DA:868,64
DA:869,32
DA:870,32
DA:873,29
DA:875,98
DA:877,98
DA:878,264
DA:879,264
DA:880,264
DA:881,88
DA:882,88
DA:884,179
DA:885,179
DA:890,42
DA:928,38426
DA:951,98
DA:968,549
DA:969,459
DA:970,459
DA:971,446
DA:973,90
DA:1008,88
DA:1016,93
DA:1017,93
DA:1027,4
DA:1040,20
DA:1055,23
DA:1056,23
DA:1058,21
DA:1059,6
DA:1060,264
DA:1061,132
DA:1062,132
DA:1063,126
DA:1066,6
DA:1067,6
DA:1068,6
DA:1071,15
DA:1072,30
DA:1073,30
DA:1074,30
DA:1075,30
DA:1076,297
DA:1077,322
DA:1078,322
DA:1080,297
DA:1081,297
DA:1082,297
DA:1083,282
DA:1084,282
DA:1086,15
DA:1088,15
DA:1089,15
DA:1090,15
DA:1106,33
DA:1107,33
DA:1108,33
DA:1109,33
DA:1110,57
DA:1111,1
DA:1113,56
DA:1114,56
DA:1116,32
DA:1131,243
DA:1132,243
DA:1134,236
DA:1135,98
DA:1136,1710
DA:1137,806
DA:1138,806
DA:1139,806
DA:1142,98
DA:1145,138
DA:1146,138
DA:1148,138
DA:1149,2343
DA:1151,2343
DA:1152,2343
DA:1154,2343
DA:1157,138
DA:1173,26
DA:1174,26
DA:1176,23
DA:1177,10
DA:1178,132
DA:1179,121
DA:1180,61
DA:1181,61
DA:1182,61
DA:1185,10
DA:1188,13
DA:1189,13
DA:1190,13
DA:1191,13
DA:1193,13
DA:1194,826
DA:1195,331
DA:1196,331
DA:1198,495
DA:1199,495
DA:1200,331
DA:1201,331
DA:1202,331
DA:1203,331
DA:1204,331
DA:1205,331
DA:1206,331
DA:1208,164
DA:1212,13
DA:1231,100736
DA:1232,100736
DA:1234,100736
DA:1236,100735
DA:1237,1570376
DA:1238,1570376
DA:1240,100735
DA:1241,100735
DA:1259,874
DA:1260,872
DA:1262,872
DA:1263,871
DA:1264,21
DA:1265,54
DA:1266,54
DA:1267,33
DA:1270,21
DA:1273,850
DA:1274,1857
DA:1275,1857
DA:1276,1007
DA:1279,850
DA:1298,80
DA:1299,78
DA:1300,78
DA:1302,77
DA:1303,25
DA:1304,34
DA:1305,34
DA:1306,9
DA:1309,25
DA:1311,52
DA:1312,86
DA:1313,86
DA:1314,34
DA:1317,52
DA:1329,45
DA:1330,41
DA:1331,41
DA:1332,13
DA:1333,13
DA:1336,41
DA:1338,4
DA:1350,7
DA:1351,7
DA:1353,7
DA:1354,2
DA:1357,5
DA:1358,5
DA:1359,2
DA:1360,2
DA:1362,5
DA:1403,150
DA:1404,150
DA:1405,141
DA:1439,83
DA:1440,83
DA:1442,82
DA:1444,82
DA:1446,31
DA:1450,31
DA:1451,254
DA:1453,223
DA:1454,223
DA:1456,223
DA:1457,13
DA:1458,13
DA:1460,210
DA:1461,210
DA:1464,223
DA:1467,31
DA:1470,51
DA:1471,51
DA:1472,155
DA:1473,155
DA:1474,317
DA:1475,317
DA:1477,317
DA:1478,59
DA:1479,59
DA:1481,258
DA:1482,258
DA:1487,82
DA:1505,16
DA:1506,16
DA:1508,16
DA:1510,15
DA:1512,2
DA:1513,16
DA:1514,8
DA:1516,16
DA:1517,8
DA:1518,8
DA:1521,2
DA:1524,13
DA:1526,13
DA:1527,87
DA:1528,87
DA:1529,87
DA:1530,31
DA:1532,87
DA:1533,87
DA:1538,15
DA:1572,12
DA:1573,12
DA:1575,12
DA:1577,11
DA:1579,4
DA:1580,32
DA:1581,32
DA:1582,32
DA:1583,18
DA:1584,18
DA:1586,14
DA:1587,14
DA:1591,4
DA:1594,7
DA:1596,7
DA:1597,10065
DA:1598,10065
DA:1600,10065
DA:1601,10065
DA:1603,10065
DA:1604,13
DA:1605,13
DA:1607,10052
DA:1608,10052
DA:1613,11
DA:1637,11
DA:1639,11
DA:1640,10
DA:1642,10
DA:1645,10
DA:1646,6
DA:1647,6
DA:1648,6
DA:1649,10
DA:1650,10
DA:1651,10
DA:1652,10
DA:1654,6
DA:1658,10
DA:1659,3
DA:1660,3
DA:1662,3
DA:1663,5
DA:1664,5
DA:1667,3
DA:1670,10
DA:1672,8
DA:1673,53
DA:1674,30
DA:1675,30
DA:1677,15
DA:1678,15
DA:1679,15
DA:1682,15
DA:1685,38
DA:1686,38
DA:1688,8
DA:1690,1
DA:1691,7
DA:1692,4
DA:1693,4
DA:1695,2
DA:1696,2
DA:1697,2
DA:1698,2
DA:1701,2
DA:1704,3
DA:1706,5
DA:1708,1
DA:1710,1
DA:1711,7
DA:1712,4
DA:1713,4
DA:1715,2
DA:1716,2
DA:1717,2
DA:1720,2
DA:1721,2
DA:1724,5
DA:1726,1
DA:1727,1
DA:1729,10
DA:1739,19
DA:1740,19
DA:1741,19
DA:1753,8
DA:1754,8
DA:1755,24
DA:1756,8
DA:1776,2
DA:1777,2
DA:1778,5
DA:1779,2
DA:1794,13
DA:1795,13
DA:1796,13
DA:1797,13
DA:1799,11
DA:1800,11
DA:1801,11
DA:1803,11
DA:1804,11
DA:1805,11
DA:1806,11
DA:1807,64
DA:1809,11
DA:1812,11
DA:1813,11
DA:1827,6
DA:1867,1321
DA:1868,1321
DA:1870,3998
DA:1871,3710
DA:1873,1321
DA:1875,38539
DA:1876,38539
DA:1877,38539
DA:1879,38539
DA:1880,370
DA:1881,1838
DA:1883,1616
DA:1884,1616
DA:1886,1616
DA:1887,1368
DA:1890,1616
DA:1892,1468
DA:1893,1468
DA:1894,652
DA:1895,652
DA:1897,1220
DA:1898,1220
DA:1900,103
DA:1901,103
DA:1902,103
DA:1904,103
DA:1905,103
DA:1906,103
DA:1908,45
DA:1909,45
DA:1910,45
DA:1911,45
DA:1912,45
DA:1914,45
DA:1918,370
DA:1921,38169
DA:1923,38169
DA:1924,388374
DA:1926,38169
DA:1927,388374
DA:1929,38169
DA:1930,388374
DA:1933,38169
DA:1934,664168
DA:1935,664168
DA:1936,664168
DA:1937,663315
DA:1938,274941
DA:1939,24865
DA:1940,24865
DA:1944,388374
DA:1946,388199
DA:1947,388199
DA:1948,388199
DA:1949,388199
DA:1951,125
DA:1952,125
DA:1953,125
DA:1954,125
DA:1956,50
DA:1957,50
DA:1958,50
DA:1959,50
DA:1965,14560
DA:1976,104
DA:1978,103
DA:1979,98
DA:1980,98
DA:1982,98
DA:1984,822
DA:1985,792
DA:1986,792
DA:1990,822
DA:1992,822
DA:1993,792
DA:1994,6
DA:1996,792
DA:2001,5
DA:2002,2
DA:2005,5
DA:2006,0
DA:2008,5
DA:2009,1
DA:2021,528
DA:2031,41
DA:2048,5
DA:2052,5
DA:2068,2
DA:2072,2
DA:2091,146087
DA:2092,146081
DA:2094,146038
DA:2096,146007
DA:2097,732
DA:2098,732
DA:2099,732
DA:2100,723
DA:2101,723
DA:2104,145275
DA:2115,22
DA:2117,91
DA:2119,88
DA:2120,9
DA:2127,22
DA:2142,131
DA:2143,131
DA:2145,131
DA:2146,0
DA:2147,131
DA:2148,53
DA:2149,78
DA:2150,6
DA:2151,72
DA:2153,60
DA:2154,60
DA:2155,60
DA:2157,60
DA:2165,12
DA:2166,12
DA:2169,12
DA:2177,72
DA:2178,72
DA:2180,72
DA:2187,72
DA:2195,72
DA:2197,72
DA:2198,94
DA:2199,94
DA:2200,94
DA:2203,72
DA:2224,31
DA:2225,31
DA:2227,31
DA:2228,31
DA:2229,31
DA:2231,31
DA:2233,31
DA:2234,31
DA:2237,31
DA:2238,31
DA:2241,31
DA:2243,0
DA:2255,1478
DA:2256,1449
DA:2257,711
DA:2258,738
DA:2259,738
DA:2262,1478
DA:2263,1478
DA:2264,1478
DA:2265,1478
DA:2266,29
DA:2269,1478
DA:2279,169
DA:2280,103
DA:2282,169
DA:2311,38509
DA:2312,0
DA:2314,38509
DA:2316,38477
DA:2317,46
DA:2319,38461
DA:2320,1
DA:2321,1
DA:2322,1
DA:2323,1
DA:2328,38460
DA:2329,275086
DA:2330,275086
DA:2342,772399
DA:2355,707223
DA:2356,707218
DA:2357,707212
DA:2358,707212
DA:2360,706805
DA:2362,706802
DA:2374,249148
DA:2375,249104
DA:2376,1380
DA:2384,110
DA:2385,110
DA:2393,89
LF:674
LH:664
BRDA:73,0,0,245
BRDA:98,1,0,222
BRDA:177,2,0,4
BRDA:178,3,0,3
BRDA:178,3,1,1
BRDA:178,4,0,4
BRDA:178,4,1,2
BRDA:181,5,0,5
BRDA:181,5,1,9
BRDA:182,6,0,2
BRDA:182,6,1,3
BRDA:182,7,0,5
BRDA:182,7,1,5
BRDA:183,8,0,8
BRDA:184,9,0,2
BRDA:184,9,1,6
BRDA:184,10,0,8
BRDA:184,10,1,6
BRDA:362,11,0,55
BRDA:368,12,0,201
BRDA:370,13,0,76
BRDA:371,14,0,108
BRDA:372,15,0,42
BRDA:373,16,0,18
BRDA:373,16,1,183
BRDA:374,17,0,1
BRDA:377,18,0,527
BRDA:473,19,0,473
BRDA:473,19,1,33
BRDA:497,20,0,374
BRDA:499,21,0,4
BRDA:500,22,0,50
BRDA:501,23,0,81
BRDA:503,24,0,279826
BRDA:505,25,0,202
BRDA:507,26,0,1
BRDA:508,27,0,1
BRDA:538,28,0,68695
BRDA:538,28,1,494
BRDA:551,29,0,224405
BRDA:551,30,0,1678310
BRDA:551,30,1,1584972
BRDA:551,30,2,1584492
BRDA:565,31,0,1767
BRDA:565,31,1,1649
BRDA:608,32,0,2
BRDA:609,33,0,2
BRDA:610,34,0,117
BRDA:610,34,1,89
BRDA:623,35,0,1054403
BRDA:623,35,1,3395
BRDA:634,36,0,3
BRDA:651,37,0,3
BRDA:653,38,0,93
BRDA:655,39,0,85
BRDA:665,40,0,0
BRDA:667,41,0,6160
BRDA:668,42,0,29
BRDA:668,43,0,6160
BRDA:668,43,1,5941
BRDA:670,44,0,26
BRDA:675,45,0,444
BRDA:675,46,0,6141
BRDA:675,46,1,3315
BRDA:675,46,2,3081
BRDA:679,47,0,6030
BRDA:680,48,0,2970
BRDA:682,49,0,6043
BRDA:683,50,0,2773
BRDA:687,51,0,441
BRDA:688,52,0,234
BRDA:688,52,1,207
BRDA:690,53,0,207
BRDA:693,54,0,408
BRDA:718,55,0,4
BRDA:725,56,0,11
BRDA:727,57,0,7
BRDA:731,58,0,14
BRDA:776,59,0,2
BRDA:779,60,0,11
BRDA:785,61,0,6
BRDA:785,61,1,147
BRDA:785,62,0,153
BRDA:785,62,1,94
BRDA:785,62,2,67
BRDA:788,63,0,59
BRDA:788,63,1,88
BRDA:792,64,0,59
BRDA:797,65,0,59
BRDA:799,66,0,20
BRDA:799,66,1,39
BRDA:805,67,0,82
BRDA:805,67,1,6
BRDA:809,68,0,40
BRDA:809,68,1,42
BRDA:809,69,0,82
BRDA:809,69,1,47
BRDA:811,70,0,42
BRDA:811,71,0,42
BRDA:811,71,1,16
BRDA:825,72,0,152
BRDA:825,73,0,153
BRDA:825,73,1,152
BRDA:849,74,0,2
BRDA:850,75,0,2
BRDA:851,76,0,2
BRDA:852,77,0,4
BRDA:854,78,0,4
BRDA:855,79,0,2
BRDA:857,80,0,1
BRDA:862,81,0,29
BRDA:862,81,1,98
BRDA:864,82,0,23
BRDA:866,83,0,19
BRDA:868,84,0,32
BRDA:868,85,0,64
BRDA:868,85,1,38
BRDA:869,86,0,26
BRDA:870,87,0,28
BRDA:879,88,0,264
BRDA:880,89,0,88
BRDA:882,90,0,85
BRDA:884,91,0,109
BRDA:885,92,0,103
BRDA:924,93,0,13
BRDA:925,94,0,44
BRDA:926,95,0,15
BRDA:948,96,0,70
BRDA:949,97,0,70
BRDA:965,98,0,549
BRDA:966,99,0,549
BRDA:968,100,0,459
BRDA:970,101,0,13
BRDA:970,102,0,459
BRDA:970,102,1,453
BRDA:1005,103,0,88
BRDA:1006,104,0,88
BRDA:1017,105,0,89
BRDA:1038,106,0,20
BRDA:1052,107,0,15
BRDA:1053,108,0,15
BRDA:1056,109,0,2
BRDA:1058,110,0,6
BRDA:1058,110,1,15
BRDA:1060,111,0,132
BRDA:1062,112,0,6
BRDA:1062,113,0,132
BRDA:1062,113,1,126
BRDA:1063,114,0,126
BRDA:1063,114,1,126
BRDA:1068,115,0,6
BRDA:1068,115,1,0
BRDA:1071,116,0,0
BRDA:1073,117,0,15
BRDA:1073,117,1,15
BRDA:1075,118,0,312
BRDA:1075,118,1,139
BRDA:1082,119,0,15
BRDA:1082,120,0,297
BRDA:1082,120,1,297
BRDA:1082,120,2,260
BRDA:1082,120,3,296
BRDA:1082,120,4,37
BRDA:1090,121,0,15
BRDA:1090,121,1,1
BRDA:1104,122,0,30
BRDA:1110,123,0,1
BRDA:1128,124,0,179
BRDA:1129,125,0,241
BRDA:1132,126,0,7
BRDA:1134,127,0,98
BRDA:1134,127,1,138
BRDA:1136,128,0,904
BRDA:1151,129,0,1056
BRDA:1152,130,0,1149
BRDA:1170,131,0,5
BRDA:1171,132,0,24
BRDA:1174,133,0,3
BRDA:1176,134,0,10
BRDA:1176,134,1,13
BRDA:1178,135,0,11
BRDA:1179,136,0,60
BRDA:1179,137,0,121
BRDA:1179,137,1,67
BRDA:1193,138,0,839
BRDA:1193,138,1,26
BRDA:1194,139,0,331
BRDA:1194,139,1,495
BRDA:1199,140,0,331
BRDA:1199,140,1,164
BRDA:1199,141,0,495
BRDA:1199,141,1,328
BRDA:1201,142,0,331
BRDA:1202,143,0,154
BRDA:1202,143,1,177
BRDA:1203,144,0,164
BRDA:1203,144,1,167
BRDA:1228,145,0,8
BRDA:1229,146,0,8
BRDA:1234,147,0,1
BRDA:1241,148,0,0
BRDA:1241,148,1,100735
BRDA:1255,149,0,27
BRDA:1256,150,0,27
BRDA:1257,151,0,874
BRDA:1259,152,0,2
BRDA:1262,153,0,1
BRDA:1263,154,0,21
BRDA:1263,154,1,850
BRDA:1266,155,0,21
BRDA:1275,156,0,850
BRDA:1294,157,0,5
BRDA:1295,158,0,5
BRDA:1296,159,0,80
BRDA:1298,160,0,2
BRDA:1300,161,0,1
BRDA:1302,162,0,25
BRDA:1302,162,1,52
BRDA:1305,163,0,25
BRDA:1313,164,0,52
BRDA:1329,165,0,41
BRDA:1329,165,1,4
BRDA:1331,166,0,54
BRDA:1331,166,1,54
BRDA:1331,166,2,32
BRDA:1332,167,0,13
BRDA:1351,168,0,0
BRDA:1353,169,0,2
BRDA:1358,170,0,7
BRDA:1358,170,1,4
BRDA:1396,171,0,2
BRDA:1397,172,0,3
BRDA:1398,173,0,12
BRDA:1399,174,0,35
BRDA:1400,175,0,12
BRDA:1401,176,0,121
BRDA:1404,177,0,9
BRDA:1434,178,0,2
BRDA:1435,179,0,4
BRDA:1436,180,0,4
BRDA:1437,181,0,6
BRDA:1440,182,0,1
BRDA:1444,183,0,31
BRDA:1444,183,1,51
BRDA:1451,184,0,31
BRDA:1456,185,0,13
BRDA:1456,185,1,210
BRDA:1457,186,0,6
BRDA:1457,187,0,13
BRDA:1457,187,1,11
BRDA:1458,188,0,6
BRDA:1458,189,0,13
BRDA:1458,189,1,11
BRDA:1460,190,0,82
BRDA:1461,191,0,98
BRDA:1477,192,0,59
BRDA:1477,192,1,258
BRDA:1478,193,0,28
BRDA:1478,194,0,59
BRDA:1478,194,1,42
BRDA:1479,195,0,24
BRDA:1479,196,0,59
BRDA:1479,196,1,42
BRDA:1481,197,0,89
BRDA:1482,198,0,125
BRDA:1501,199,0,12
BRDA:1502,200,0,14
BRDA:1503,201,0,14
BRDA:1508,202,0,1
BRDA:1510,203,0,2
BRDA:1510,203,1,13
BRDA:1513,204,0,8
BRDA:1516,205,0,8
BRDA:1516,206,0,16
BRDA:1516,206,1,10
BRDA:1517,207,0,6
BRDA:1518,208,0,8
BRDA:1528,209,0,87
BRDA:1529,210,0,31
BRDA:1532,211,0,18
BRDA:1533,212,0,56
BRDA:1567,213,0,3
BRDA:1568,214,0,5
BRDA:1569,215,0,4
BRDA:1570,216,0,5
BRDA:1575,217,0,1
BRDA:1577,218,0,4
BRDA:1577,218,1,7
BRDA:1580,219,0,13
BRDA:1582,220,0,18
BRDA:1582,220,1,14
BRDA:1583,221,0,8
BRDA:1583,222,0,18
BRDA:1583,222,1,15
BRDA:1584,223,0,8
BRDA:1584,224,0,18
BRDA:1584,224,1,15
BRDA:1586,225,0,5
BRDA:1586,226,0,14
BRDA:1586,226,1,14
BRDA:1587,227,0,7
BRDA:1587,228,0,14
BRDA:1587,228,1,14
BRDA:1600,229,0,37
BRDA:1603,230,0,13
BRDA:1603,230,1,10052
BRDA:1604,231,0,6
BRDA:1604,232,0,13
BRDA:1604,232,1,11
BRDA:1605,233,0,6
BRDA:1605,234,0,13
BRDA:1605,234,1,11
BRDA:1607,235,0,5929
BRDA:1607,236,0,10052
BRDA:1607,236,1,10052
BRDA:1608,237,0,4117
BRDA:1608,238,0,10052
BRDA:1608,238,1,10052
BRDA:1633,239,0,2
BRDA:1634,240,0,2
BRDA:1635,241,0,11
BRDA:1639,242,0,1
BRDA:1670,243,0,8
BRDA:1670,243,1,1
BRDA:1670,243,2,1
BRDA:1673,244,0,30
BRDA:1675,245,0,15
BRDA:1675,245,1,15
BRDA:1691,246,0,4
BRDA:1691,246,1,3
BRDA:1693,247,0,2
BRDA:1693,247,1,2
BRDA:1711,248,0,4
BRDA:1713,249,0,2
BRDA:1713,249,1,2
BRDA:1755,250,0,16
BRDA:1791,251,0,5
BRDA:1797,252,0,2
BRDA:1799,253,0,2
BRDA:1800,254,0,11
BRDA:1801,255,0,2
BRDA:1825,256,0,5
BRDA:1861,257,0,0
BRDA:1862,258,0,0
BRDA:1863,259,0,0
BRDA:1864,260,0,0
BRDA:1865,261,0,0
BRDA:1866,262,0,0
BRDA:1867,263,0,141
BRDA:1868,264,0,141
BRDA:1869,265,0,141
BRDA:1870,266,0,288
BRDA:1873,267,0,141
BRDA:1876,268,0,0
BRDA:1879,269,0,370
BRDA:1879,269,1,38169
BRDA:1881,270,0,222
BRDA:1884,271,0,717
BRDA:1884,272,0,1616
BRDA:1884,272,1,886
BRDA:1887,273,0,751
BRDA:1887,274,0,1368
BRDA:1887,274,1,907
BRDA:1890,275,0,1468
BRDA:1890,275,1,103
BRDA:1890,275,2,45
BRDA:1893,276,0,652
BRDA:1895,277,0,248
BRDA:1900,278,0,103
BRDA:1902,279,0,0
BRDA:1910,280,0,45
BRDA:1912,281,0,0
BRDA:1924,282,0,126368
BRDA:1927,283,0,224698
BRDA:1930,284,0,388374
BRDA:1935,285,0,0
BRDA:1936,286,0,853
BRDA:1937,287,0,274941
BRDA:1937,287,1,388374
BRDA:1938,288,0,24865
BRDA:1938,289,0,274941
BRDA:1938,289,1,24865
BRDA:1940,290,0,23979
BRDA:1944,291,0,388199
BRDA:1944,291,1,125
BRDA:1944,291,2,50
BRDA:1975,292,0,101
BRDA:1976,293,0,1
BRDA:1978,294,0,98
BRDA:1978,294,1,5
BRDA:1982,295,0,920
BRDA:1982,295,1,381
BRDA:1992,296,0,792
BRDA:1993,297,0,786
BRDA:1993,297,1,6
BRDA:2001,298,0,2
BRDA:2001,299,0,5
BRDA:2001,299,1,2
BRDA:2005,300,0,5
BRDA:2005,300,1,0
BRDA:2008,301,0,1
BRDA:2008,302,0,5
BRDA:2008,302,1,1
BRDA:2021,303,0,235
BRDA:2021,303,1,8
BRDA:2052,304,0,5
BRDA:2052,304,1,5
BRDA:2065,305,0,0
BRDA:2072,306,0,2
BRDA:2072,306,1,1
BRDA:2091,307,0,6
BRDA:2092,308,0,43
BRDA:2094,309,0,31
BRDA:2096,310,0,732
BRDA:2098,311,0,0
BRDA:2098,311,1,732
BRDA:2099,312,0,9
BRDA:2100,313,0,723
BRDA:2100,313,1,720
BRDA:2117,314,0,3
BRDA:2117,314,1,88
BRDA:2119,315,0,79
BRDA:2119,315,1,9
BRDA:2127,316,0,19
BRDA:2145,317,0,0
BRDA:2145,317,1,131
BRDA:2145,318,0,131
BRDA:2145,318,1,0
BRDA:2147,319,0,53
BRDA:2147,319,1,78
BRDA:2147,320,0,131
BRDA:2147,320,1,65
BRDA:2149,321,0,6
BRDA:2149,321,1,72
BRDA:2149,322,0,78
BRDA:2149,322,1,6
BRDA:2151,323,0,60
BRDA:2151,323,1,12
BRDA:2151,324,0,72
BRDA:2151,324,1,72
BRDA:2154,325,0,0
BRDA:2154,325,1,60
BRDA:2165,326,0,12
BRDA:2165,326,1,0
BRDA:2187,327,0,30
BRDA:2187,327,1,42
BRDA:2191,328,0,31
BRDA:2191,328,1,41
BRDA:2198,329,0,82
BRDA:2198,329,1,12
BRDA:2199,330,0,92
BRDA:2199,330,1,2
BRDA:2227,331,0,31
BRDA:2227,332,0,31
BRDA:2227,332,1,31
BRDA:2231,333,0,31
BRDA:2234,334,0,0
BRDA:2238,335,0,0
BRDA:2255,336,0,1449
BRDA:2256,337,0,711
BRDA:2256,337,1,738
BRDA:2258,338,0,738
BRDA:2265,339,0,29
BRDA:2279,340,0,103
BRDA:2311,341,0,0
BRDA:2311,342,0,38509
BRDA:2311,342,1,38509
BRDA:2312,343,0,0
BRDA:2312,343,1,0
BRDA:2314,344,0,32
BRDA:2316,345,0,16
BRDA:2319,346,0,1
BRDA:2322,347,0,0
BRDA:2329,348,0,0
BRDA:2355,349,0,5
BRDA:2356,350,0,6
BRDA:2357,351,0,0
BRDA:2358,352,0,407
BRDA:2360,353,0,3
BRDA:2374,354,0,44
BRDA:2374,355,0,249148
BRDA:2374,355,1,249148
BRDA:2375,356,0,247724
BRF:483
BRH:453
end_of_record
TN:
SF:src/data-structures/binary-tree/bst.ts
FN:50,(anonymous_0)
FN:63,(anonymous_1)
FN:73,(anonymous_2)
FN:86,(anonymous_3)
FN:96,(anonymous_4)
FN:109,(anonymous_5)
FN:119,(anonymous_6)
FN:131,(anonymous_7)
FN:141,(anonymous_8)
FN:153,(anonymous_9)
FN:163,(anonymous_10)
FN:173,(anonymous_11)
FN:357,(anonymous_12)
FN:381,(anonymous_13)
FN:393,(anonymous_14)
FN:401,(anonymous_15)
FN:428,(anonymous_16)
FN:440,(anonymous_17)
FN:452,(anonymous_18)
FN:464,(anonymous_19)
FN:478,(anonymous_20)
FN:491,(anonymous_21)
FN:507,(anonymous_22)
FN:527,(anonymous_23)
FN:545,(anonymous_24)
FN:562,(anonymous_25)
FN:590,(anonymous_26)
FN:613,(anonymous_27)
FN:622,(anonymous_28)
FN:640,(anonymous_29)
FN:667,(anonymous_30)
FN:668,(anonymous_31)
FN:683,(anonymous_32)
FN:701,(anonymous_33)
FN:757,(anonymous_34)
FN:789,(anonymous_35)
FN:806,(anonymous_36)
FN:821,(anonymous_37)
FN:858,(anonymous_38)
FN:881,(anonymous_39)
FN:903,(anonymous_40)
FN:959,(anonymous_41)
FN:966,(anonymous_42)
FN:1018,(anonymous_43)
FN:1026,(anonymous_44)
FN:1087,(anonymous_45)
FN:1100,(anonymous_46)
FN:1131,(anonymous_47)
FN:1132,(anonymous_48)
FN:1138,(anonymous_49)
FN:1163,(anonymous_50)
FN:1169,(anonymous_51)
FN:1220,(anonymous_52)
FN:1241,(anonymous_53)
FN:1273,(anonymous_54)
FN:1290,(anonymous_55)
FN:1308,(anonymous_56)
FN:1324,(anonymous_57)
FN:1339,(anonymous_58)
FN:1352,(anonymous_59)
FN:1363,(anonymous_60)
FN:1375,(anonymous_61)
FN:1388,(anonymous_62)
FNF:63
FNH:52
FNDA:21929,(anonymous_0)
FNDA:359676,(anonymous_1)
FNDA:9127,(anonymous_2)
FNDA:382642,(anonymous_3)
FNDA:12879,(anonymous_4)
FNDA:0,(anonymous_5)
FNDA:0,(anonymous_6)
FNDA:0,(anonymous_7)
FNDA:0,(anonymous_8)
FNDA:0,(anonymous_9)
FNDA:0,(anonymous_10)
FNDA:44,(anonymous_11)
FNDA:409,(anonymous_12)
FNDA:101645,(anonymous_13)
FNDA:223,(anonymous_14)
FNDA:6615555,(anonymous_15)
FNDA:11406,(anonymous_16)
FNDA:34,(anonymous_17)
FNDA:21928,(anonymous_18)
FNDA:280150,(anonymous_19)
FNDA:105298,(anonymous_20)
FNDA:0,(anonymous_21)
FNDA:90,(anonymous_22)
FNDA:69,(anonymous_23)
FNDA:4,(anonymous_24)
FNDA:38407,(anonymous_25)
FNDA:38500,(anonymous_26)
FNDA:88,(anonymous_27)
FNDA:388669,(anonymous_28)
FNDA:388421,(anonymous_29)
FNDA:1050382,(anonymous_30)
FNDA:275236,(anonymous_31)
FNDA:16,(anonymous_32)
FNDA:122550,(anonymous_33)
FNDA:1323,(anonymous_34)
FNDA:23303,(anonymous_35)
FNDA:230,(anonymous_36)
FNDA:1232,(anonymous_37)
FNDA:722,(anonymous_38)
FNDA:538,(anonymous_39)
FNDA:1260,(anonymous_40)
FNDA:1249,(anonymous_41)
FNDA:5357,(anonymous_42)
FNDA:9,(anonymous_43)
FNDA:8,(anonymous_44)
FNDA:26,(anonymous_45)
FNDA:144,(anonymous_46)
FNDA:9,(anonymous_47)
FNDA:70,(anonymous_48)
FNDA:146,(anonymous_49)
FNDA:195,(anonymous_50)
FNDA:1347,(anonymous_51)
FNDA:1,(anonymous_52)
FNDA:0,(anonymous_53)
FNDA:5,(anonymous_54)
FNDA:1,(anonymous_55)
FNDA:34,(anonymous_56)
FNDA:145519,(anonymous_57)
FNDA:427,(anonymous_58)
FNDA:6603973,(anonymous_59)
FNDA:0,(anonymous_60)
FNDA:0,(anonymous_61)
FNDA:0,(anonymous_62)
DA:26,35
DA:28,35
DA:29,35
DA:30,35
DA:38,35
DA:41,21929
DA:51,21929
DA:52,21929
DA:55,21929
DA:64,359676
DA:74,9127
DA:75,9127
DA:78,21929
DA:87,382642
DA:97,12879
DA:98,12879
DA:101,21929
DA:110,0
DA:120,0
DA:123,21929
DA:132,0
DA:142,0
DA:145,21929
DA:154,0
DA:164,0
DA:174,44
DA:175,0
DA:178,44
DA:179,25
DA:180,19
DA:181,19
DA:184,0
DA:349,35
DA:363,409
DA:365,409
DA:366,156
DA:367,156
DA:368,156
DA:370,409
DA:373,409
DA:382,101645
DA:385,409
DA:394,223
DA:401,409
DA:402,6615555
DA:403,6615468
DA:404,4744072
DA:405,15260
DA:407,87
DA:408,85
DA:409,85
DA:410,85
DA:411,44
DA:412,0
DA:414,2
DA:415,2
DA:419,0
DA:429,11406
DA:441,34
DA:453,21928
DA:468,280150
DA:481,105298
DA:492,0
DA:514,90
DA:532,69
DA:550,4
DA:573,38407
DA:604,38500
DA:605,38500
DA:606,38500
DA:607,38500
DA:610,38398
DA:612,38398
DA:613,16
DA:614,88
DA:615,88
DA:618,38382
DA:622,38398
DA:623,388669
DA:624,388669
DA:625,345589
DA:627,44
DA:628,44
DA:629,44
DA:630,44
DA:632,345545
DA:634,345393
DA:635,345393
DA:637,152
DA:640,38398
DA:641,388421
DA:642,388421
DA:643,361572
DA:645,50
DA:646,50
DA:647,50
DA:648,50
DA:650,361522
DA:652,361371
DA:653,361371
DA:655,151
DA:658,38398
DA:667,1050382
DA:668,275236
DA:689,16
DA:690,15
DA:705,122550
DA:706,122550
DA:708,122543
DA:709,243
DA:710,243
DA:711,243
DA:712,243
DA:715,122300
DA:716,122300
DA:717,1804722
DA:719,47
DA:720,47
DA:721,47
DA:722,1804675
DA:724,113230
DA:725,9195
DA:726,9195
DA:727,9195
DA:728,9195
DA:730,104035
DA:733,1691445
DA:734,113058
DA:735,113058
DA:736,113058
DA:737,113058
DA:739,1578387
DA:742,0
DA:763,1323
DA:764,1323
DA:766,1323
DA:768,28
DA:769,213
DA:770,213
DA:771,213
DA:773,28
DA:781,1295
DA:783,1295
DA:784,1295
DA:785,21491
DA:789,1295
DA:791,23303
DA:792,23124
DA:793,22241
DA:794,22240
DA:796,23303
DA:797,23124
DA:798,22261
DA:799,22261
DA:801,23303
DA:802,18
DA:806,1294
DA:807,230
DA:808,84
DA:809,84
DA:810,84
DA:811,0
DA:812,0
DA:814,84
DA:816,84
DA:817,84
DA:821,1294
DA:822,1232
DA:823,1232
DA:824,1232
DA:825,44036
DA:826,44036
DA:827,44036
DA:828,44036
DA:829,21402
DA:830,21402
DA:831,21402
DA:832,122
DA:833,122
DA:835,21280
DA:837,21402
DA:838,21402
DA:842,1294
DA:843,1232
DA:845,1294
DA:868,722
DA:891,538
DA:914,1260
DA:915,2
DA:919,1258
DA:920,9
DA:926,1249
DA:928,84
DA:929,1165
DA:931,116
DA:932,116
DA:933,0
DA:935,116
DA:938,1049
DA:942,1249
DA:943,1249
DA:946,0
DA:964,1249
DA:966,498
DA:967,5357
DA:969,4859
DA:970,4859
DA:972,4859
DA:975,2495
DA:976,2495
DA:980,2364
DA:984,498
DA:987,751
DA:988,751
DA:990,751
DA:991,6546
DA:992,6546
DA:994,6546
DA:996,3394
DA:997,3394
DA:1000,3152
DA:1004,751
DA:1022,9
DA:1024,1
DA:1026,1
DA:1027,8
DA:1030,8
DA:1033,8
DA:1034,1
DA:1038,8
DA:1041,1
DA:1042,1
DA:1045,8
DA:1046,8
DA:1048,8
DA:1049,160
DA:1051,87
DA:1052,87
DA:1055,73
DA:1056,73
DA:1059,73
DA:1060,7
DA:1064,66
DA:1068,1
DA:1093,26
DA:1094,26
DA:1095,26
DA:1097,25
DA:1099,25
DA:1100,9
DA:1101,144
DA:1102,144
DA:1104,144
DA:1105,144
DA:1107,9
DA:1108,9
DA:1110,16
DA:1111,16
DA:1112,110185
DA:1113,110185
DA:1114,110185
DA:1115,110185
DA:1116,110185
DA:1117,110185
DA:1120,16
DA:1132,70
DA:1133,9
DA:1134,9
DA:1135,9
DA:1138,6
DA:1139,146
DA:1140,70
DA:1141,70
DA:1142,70
DA:1143,70
DA:1144,70
DA:1145,70
DA:1146,70
DA:1147,70
DA:1150,6
DA:1151,6
DA:1152,6
DA:1153,6
DA:1164,195
DA:1165,192
DA:1167,192
DA:1169,73
DA:1170,1347
DA:1171,637
DA:1172,637
DA:1173,637
DA:1174,637
DA:1176,73
DA:1179,119
DA:1180,119
DA:1181,119
DA:1182,119
DA:1184,119
DA:1185,2690
DA:1186,1089
DA:1187,1089
DA:1189,1601
DA:1190,1601
DA:1191,1076
DA:1192,1076
DA:1193,1076
DA:1194,1076
DA:1195,1076
DA:1196,1049
DA:1197,1049
DA:1198,1049
DA:1200,525
DA:1204,165
DA:1225,1
DA:1226,1
DA:1228,1
DA:1229,3
DA:1231,1
DA:1242,0
DA:1243,0
DA:1244,0
DA:1247,0
DA:1248,0
DA:1249,0
DA:1250,0
DA:1252,0
DA:1253,0
DA:1255,0
DA:1256,0
DA:1257,0
DA:1258,0
DA:1260,0
DA:1262,0
DA:1274,5
DA:1278,5
DA:1294,1
DA:1298,1
DA:1309,34
DA:1328,145519
DA:1329,145519
DA:1330,145514
DA:1340,427
DA:1341,427
DA:1353,6603973
DA:1364,0
DA:1367,0
DA:1368,0
DA:1369,0
DA:1370,0
DA:1372,0
DA:1375,0
DA:1376,0
DA:1377,0
DA:1378,0
DA:1379,0
DA:1380,0
DA:1382,0
DA:1384,0
DA:1388,0
DA:1389,0
DA:1390,0
DA:1391,0
DA:1395,0
DA:1397,0
DA:1398,0
DA:1400,0
DA:1403,0
DA:1404,0
DA:1405,0
DA:1406,0
DA:1407,0
DA:1409,0
DA:1410,0
DA:1411,0
DA:1414,0
DA:1415,0
LF:376
LH:313
BRDA:74,0,0,9039
BRDA:97,1,0,12810
BRDA:174,2,0,0
BRDA:175,3,0,0
BRDA:175,3,1,0
BRDA:175,4,0,0
BRDA:175,4,1,0
BRDA:178,5,0,25
BRDA:178,5,1,19
BRDA:179,6,0,5
BRDA:179,6,1,20
BRDA:179,7,0,25
BRDA:179,7,1,25
BRDA:180,8,0,19
BRDA:181,9,0,8
BRDA:181,9,1,11
BRDA:181,10,0,19
BRDA:181,10,1,19
BRDA:358,11,0,80
BRDA:365,12,0,156
BRDA:367,13,0,4
BRDA:368,14,0,38
BRDA:370,15,0,409
BRDA:402,16,0,6615468
BRDA:402,17,0,6615555
BRDA:402,17,1,6615468
BRDA:403,18,0,1871396
BRDA:404,19,0,4728812
BRDA:407,20,0,85
BRDA:410,21,0,41
BRDA:411,22,0,44
BRDA:414,23,0,2
BRDA:414,24,0,2
BRDA:414,24,1,0
BRDA:453,25,0,21850
BRDA:453,25,1,78
BRDA:466,26,0,280150
BRDA:468,27,0,280150
BRDA:468,27,1,120
BRDA:508,28,0,2
BRDA:509,29,0,25
BRDA:510,30,0,40
BRDA:511,31,0,43
BRDA:512,32,0,60
BRDA:528,33,0,12
BRDA:529,34,0,51
BRDA:530,35,0,51
BRDA:546,36,0,1
BRDA:547,37,0,4
BRDA:548,38,0,4
BRDA:570,39,0,37784
BRDA:571,40,0,37784
BRDA:573,41,0,38407
BRDA:573,41,1,14224
BRDA:599,42,0,3
BRDA:600,43,0,3
BRDA:601,44,0,34
BRDA:602,45,0,3
BRDA:604,46,0,0
BRDA:605,47,0,0
BRDA:607,48,0,102
BRDA:612,49,0,16
BRDA:612,49,1,38382
BRDA:614,50,0,0
BRDA:623,51,0,0
BRDA:624,52,0,43080
BRDA:625,53,0,44
BRDA:628,54,0,0
BRDA:628,54,1,44
BRDA:629,55,0,0
BRDA:629,55,1,44
BRDA:630,56,0,44
BRDA:630,56,1,40
BRDA:630,56,2,13
BRDA:630,56,3,4
BRDA:632,57,0,345393
BRDA:632,58,0,345545
BRDA:632,58,1,345545
BRDA:635,59,0,345393
BRDA:635,59,1,345393
BRDA:635,59,2,345393
BRDA:641,60,0,0
BRDA:642,61,0,26849
BRDA:643,62,0,50
BRDA:646,63,0,0
BRDA:646,63,1,50
BRDA:647,64,0,0
BRDA:647,64,1,50
BRDA:648,65,0,50
BRDA:648,65,1,41
BRDA:648,65,2,17
BRDA:648,65,3,9
BRDA:650,66,0,361371
BRDA:650,67,0,361522
BRDA:650,67,1,361522
BRDA:653,68,0,361371
BRDA:653,68,1,361371
BRDA:653,68,2,361371
BRDA:668,69,0,275236
BRDA:668,69,1,275236
BRDA:685,70,0,4
BRDA:686,71,0,16
BRDA:687,72,0,16
BRDA:689,73,0,6
BRDA:689,73,1,10
BRDA:706,74,0,7
BRDA:708,75,0,243
BRDA:710,76,0,228
BRDA:717,77,0,47
BRDA:717,77,1,1804675
BRDA:720,78,0,38
BRDA:722,79,0,113230
BRDA:722,79,1,1691445
BRDA:724,80,0,9195
BRDA:726,81,0,9139
BRDA:730,82,0,104035
BRDA:733,83,0,113058
BRDA:735,84,0,112972
BRDA:739,85,0,1578387
BRDA:760,86,0,1293
BRDA:761,87,0,1323
BRDA:766,88,0,28
BRDA:770,89,0,0
BRDA:791,90,0,179
BRDA:791,90,1,23124
BRDA:792,91,0,883
BRDA:792,91,1,22241
BRDA:793,92,0,1
BRDA:793,92,1,22240
BRDA:796,93,0,179
BRDA:796,93,1,23124
BRDA:797,94,0,863
BRDA:797,94,1,22261
BRDA:798,95,0,0
BRDA:798,95,1,22261
BRDA:801,96,0,23285
BRDA:801,97,0,23303
BRDA:801,97,1,23294
BRDA:807,98,0,146
BRDA:810,99,0,0
BRDA:810,99,1,84
BRDA:826,100,0,0
BRDA:828,101,0,22634
BRDA:831,102,0,122
BRDA:831,102,1,21280
BRDA:842,103,0,62
BRDA:842,103,1,1232
BRDA:866,104,0,188
BRDA:889,105,0,76
BRDA:914,106,0,2
BRDA:914,107,0,1260
BRDA:914,107,1,1259
BRDA:919,108,0,9
BRDA:926,109,0,84
BRDA:926,109,1,1165
BRDA:929,110,0,116
BRDA:929,110,1,1049
BRDA:932,111,0,0
BRDA:932,112,0,116
BRDA:932,112,1,116
BRDA:942,113,0,1249
BRDA:964,114,0,498
BRDA:964,114,1,751
BRDA:967,115,0,498
BRDA:970,116,0,2539
BRDA:970,116,1,2320
BRDA:972,117,0,2495
BRDA:972,117,1,2364
BRDA:976,118,0,2495
BRDA:976,118,1,494
BRDA:992,119,0,3843
BRDA:992,119,1,2703
BRDA:994,120,0,3394
BRDA:994,120,1,3152
BRDA:997,121,0,3394
BRDA:997,121,1,381
BRDA:1000,122,0,3152
BRDA:1000,122,1,366
BRDA:1022,123,0,1
BRDA:1022,123,1,8
BRDA:1027,124,0,0
BRDA:1027,125,0,8
BRDA:1027,125,1,8
BRDA:1030,126,0,4
BRDA:1033,127,0,1
BRDA:1033,128,0,8
BRDA:1033,128,1,7
BRDA:1038,129,0,3
BRDA:1038,130,0,8
BRDA:1038,130,1,6
BRDA:1048,131,0,161
BRDA:1048,131,1,18
BRDA:1049,132,0,87
BRDA:1049,132,1,73
BRDA:1056,133,0,0
BRDA:1059,134,0,7
BRDA:1088,135,0,2
BRDA:1089,136,0,2
BRDA:1090,137,0,2
BRDA:1091,138,0,26
BRDA:1095,139,0,1
BRDA:1095,140,0,26
BRDA:1095,140,1,25
BRDA:1099,141,0,9
BRDA:1099,141,1,16
BRDA:1102,142,0,73
BRDA:1104,143,0,62
BRDA:1105,144,0,73
BRDA:1113,145,0,110185
BRDA:1115,146,0,55096
BRDA:1116,147,0,54171
BRDA:1117,148,0,55998
BRDA:1131,149,0,5
BRDA:1135,150,0,3
BRDA:1139,151,0,76
BRDA:1163,152,0,191
BRDA:1164,153,0,3
BRDA:1167,154,0,73
BRDA:1167,154,1,119
BRDA:1170,155,0,710
BRDA:1173,156,0,13
BRDA:1184,157,0,2782
BRDA:1184,157,1,211
BRDA:1185,158,0,1089
BRDA:1185,158,1,1601
BRDA:1187,159,0,1089
BRDA:1190,160,0,1076
BRDA:1190,160,1,525
BRDA:1190,161,0,1601
BRDA:1190,161,1,1064
BRDA:1192,162,0,1076
BRDA:1193,163,0,435
BRDA:1193,163,1,641
BRDA:1194,164,0,539
BRDA:1194,164,1,537
BRDA:1195,165,0,27
BRDA:1247,166,0,0
BRDA:1247,166,1,0
BRDA:1248,167,0,0
BRDA:1248,167,1,0
BRDA:1253,168,0,0
BRDA:1257,169,0,0
BRDA:1278,170,0,5
BRDA:1278,170,1,5
BRDA:1291,171,0,0
BRDA:1298,172,0,1
BRDA:1298,172,1,1
BRDA:1329,173,0,5
BRDA:1330,174,0,145514
BRDA:1330,174,1,144932
BRDA:1340,175,0,392
BRDA:1353,176,0,317
BRDA:1353,176,1,6603656
BRDA:1369,177,0,0
BRDA:1370,178,0,0
BRDA:1370,178,1,0
BRDA:1372,179,0,0
BRDA:1377,180,0,0
BRDA:1377,180,1,0
BRDA:1379,181,0,0
BRDA:1379,181,1,0
BRDA:1384,182,0,0
BRDA:1389,183,0,0
BRDA:1390,184,0,0
BRDA:1390,184,1,0
BRDA:1395,185,0,0
BRDA:1395,185,1,0
BRDA:1398,186,0,0
BRDA:1398,186,1,0
BRDA:1404,187,0,0
BRDA:1407,188,0,0
BRDA:1411,189,0,0
BRDA:1414,190,0,0
BRDA:1414,190,1,0
BRF:274
BRH:224
end_of_record
TN:
SF:src/data-structures/binary-tree/red-black-tree.ts
FN:36,(anonymous_0)
FN:50,(anonymous_1)
FN:61,(anonymous_2)
FN:76,(anonymous_3)
FN:87,(anonymous_4)
FN:102,(anonymous_5)
FN:112,(anonymous_6)
FN:124,(anonymous_7)
FN:134,(anonymous_8)
FN:146,(anonymous_9)
FN:156,(anonymous_10)
FN:166,(anonymous_11)
FN:285,(anonymous_12)
FN:307,(anonymous_13)
FN:319,(anonymous_14)
FN:330,(anonymous_15)
FN:342,(anonymous_16)
FN:354,(anonymous_17)
FN:387,(anonymous_18)
FN:413,(anonymous_19)
FN:464,(anonymous_20)
FN:478,(anonymous_21)
FN:486,(anonymous_22)
FN:499,(anonymous_23)
FN:506,(anonymous_24)
FN:522,(anonymous_25)
FN:565,(anonymous_26)
FN:586,(anonymous_27)
FN:640,(anonymous_28)
FN:710,(anonymous_29)
FN:743,(anonymous_30)
FNF:31
FNH:26
FNDA:111569,(anonymous_0)
FNDA:1394666,(anonymous_1)
FNDA:271657,(anonymous_2)
FNDA:1347052,(anonymous_3)
FNDA:281573,(anonymous_4)
FNDA:0,(anonymous_5)
FNDA:0,(anonymous_6)
FNDA:316365,(anonymous_7)
FNDA:735892,(anonymous_8)
FNDA:0,(anonymous_9)
FNDA:0,(anonymous_10)
FNDA:0,(anonymous_11)
FNDA:163,(anonymous_12)
FNDA:148817,(anonymous_13)
FNDA:111569,(anonymous_14)
FNDA:740428,(anonymous_15)
FNDA:14,(anonymous_16)
FNDA:126353,(anonymous_17)
FNDA:22533,(anonymous_18)
FNDA:294,(anonymous_19)
FNDA:1,(anonymous_20)
FNDA:3,(anonymous_21)
FNDA:1,(anonymous_22)
FNDA:402,(anonymous_23)
FNDA:1402,(anonymous_24)
FNDA:126353,(anonymous_25)
FNDA:22964,(anonymous_26)
FNDA:124951,(anonymous_27)
FNDA:21898,(anonymous_28)
FNDA:51553,(anonymous_29)
FNDA:30207,(anonymous_30)
DA:19,35
DA:22,35
DA:25,111569
DA:37,111569
DA:38,111569
DA:39,111569
DA:42,111569
DA:51,1394666
DA:62,271657
DA:63,271657
DA:65,271657
DA:68,111569
DA:77,1347052
DA:88,281573
DA:89,281573
DA:91,281573
DA:94,111569
DA:103,0
DA:113,0
DA:116,111569
DA:125,316365
DA:135,735892
DA:138,111569
DA:147,0
DA:157,0
DA:167,0
DA:168,0
DA:171,0
DA:172,0
DA:173,0
DA:174,0
DA:177,0
DA:284,35
DA:291,163
DA:293,163
DA:295,163
DA:296,163
DA:308,148817
DA:320,111569
DA:333,740428
DA:343,14
DA:344,14
DA:358,126353
DA:359,126353
DA:361,126353
DA:363,126353
DA:364,124951
DA:365,124951
DA:367,0
DA:369,124951
DA:370,124951
DA:371,124951
DA:373,1402
DA:374,1402
DA:375,1402
DA:377,0
DA:390,22533
DA:392,22533
DA:394,22533
DA:395,22533
DA:397,22533
DA:398,1598
DA:401,20935
DA:404,20935
DA:405,20592
DA:406,20592
DA:407,20592
DA:409,343
DA:410,49
DA:411,49
DA:413,294
DA:414,294
DA:415,294
DA:416,294
DA:418,294
DA:419,135
DA:420,29
DA:423,159
DA:424,159
DA:425,159
DA:427,159
DA:428,159
DA:432,294
DA:433,294
DA:434,294
DA:435,294
DA:437,294
DA:440,20935
DA:441,20935
DA:443,20935
DA:444,20567
DA:447,20935
DA:449,20935
DA:469,1
DA:471,1
DA:472,1
DA:473,3
DA:475,1
DA:479,3
DA:483,3
DA:492,1
DA:496,1
DA:500,402
DA:501,386
DA:503,402
DA:510,1402
DA:512,1402
DA:523,126353
DA:524,126353
DA:526,126353
DA:527,2029298
DA:528,2029298
DA:529,2029298
DA:530,789778
DA:531,1239520
DA:532,1238118
DA:534,1402
DA:535,1402
DA:539,124951
DA:541,124951
DA:542,145
DA:543,124806
DA:544,51671
DA:546,73135
DA:549,124951
DA:550,124951
DA:551,124951
DA:553,124951
DA:554,124951
DA:566,22964
DA:567,84
DA:568,22880
DA:569,22073
DA:571,807
DA:574,22964
DA:575,22952
DA:587,124951
DA:588,135740
DA:589,46456
DA:590,46456
DA:591,26229
DA:592,26229
DA:593,26229
DA:595,26229
DA:597,20227
DA:598,10158
DA:599,10158
DA:602,20227
DA:603,20227
DA:604,20227
DA:605,20227
DA:609,89284
DA:610,89284
DA:611,47889
DA:612,47889
DA:613,47889
DA:614,47889
DA:616,41395
DA:617,9980
DA:618,9980
DA:621,41395
DA:622,41395
DA:623,41395
DA:624,41395
DA:630,124951
DA:641,21898
DA:642,21507
DA:643,21497
DA:645,21507
DA:648,391
DA:649,0
DA:651,0
DA:652,0
DA:655,0
DA:656,0
DA:658,0
DA:659,0
DA:660,0
DA:661,0
DA:662,0
DA:665,0
DA:666,0
DA:667,0
DA:669,0
DA:670,0
DA:671,0
DA:672,0
DA:673,0
DA:676,0
DA:678,0
DA:679,0
DA:680,0
DA:681,0
DA:682,0
DA:685,0
DA:686,0
DA:687,0
DA:689,0
DA:690,0
DA:691,0
DA:692,0
DA:693,0
DA:698,391
DA:699,391
DA:711,51553
DA:712,0
DA:715,51553
DA:716,51553
DA:718,51553
DA:719,18581
DA:722,51553
DA:724,51553
DA:725,97
DA:726,51456
DA:727,19952
DA:729,31504
DA:732,51553
DA:733,51553
DA:744,30207
DA:745,0
DA:748,30207
DA:749,30207
DA:751,30207
DA:752,7972
DA:755,30207
DA:757,30207
DA:758,52
DA:759,30155
DA:760,10255
DA:762,19900
DA:765,30207
DA:766,30207
LF:232
LH:185
BRDA:36,0,0,0
BRDA:62,1,0,271657
BRDA:88,2,0,281573
BRDA:167,3,0,0
BRDA:168,4,0,0
BRDA:168,4,1,0
BRDA:168,5,0,0
BRDA:168,5,1,0
BRDA:171,6,0,0
BRDA:171,6,1,0
BRDA:172,7,0,0
BRDA:172,7,1,0
BRDA:172,8,0,0
BRDA:172,8,1,0
BRDA:173,9,0,0
BRDA:174,10,0,0
BRDA:174,10,1,0
BRDA:174,11,0,0
BRDA:174,11,1,0
BRDA:286,12,0,51
BRDA:295,13,0,163
BRDA:319,14,0,111569
BRDA:320,15,0,111562
BRDA:320,15,1,7
BRDA:359,16,0,0
BRDA:363,17,0,124951
BRDA:364,18,0,124951
BRDA:364,18,1,0
BRDA:369,19,0,124857
BRDA:373,20,0,1402
BRDA:374,21,0,1395
BRDA:390,22,0,0
BRDA:394,23,0,0
BRDA:394,23,1,22533
BRDA:395,24,0,0
BRDA:395,24,1,22533
BRDA:397,25,0,1598
BRDA:404,26,0,20592
BRDA:404,26,1,343
BRDA:405,27,0,20592
BRDA:409,28,0,49
BRDA:409,28,1,294
BRDA:414,29,0,294
BRDA:416,30,0,294
BRDA:418,31,0,135
BRDA:418,31,1,159
BRDA:419,32,0,29
BRDA:423,33,0,159
BRDA:427,34,0,159
BRDA:434,35,0,294
BRDA:440,36,0,20935
BRDA:443,37,0,20567
BRDA:483,38,0,3
BRDA:483,38,1,3
BRDA:487,39,0,0
BRDA:496,40,0,1
BRDA:496,40,1,1
BRDA:500,41,0,386
BRDA:523,42,0,126353
BRDA:523,42,1,0
BRDA:529,43,0,789778
BRDA:529,43,1,1239520
BRDA:530,44,0,789778
BRDA:530,44,1,0
BRDA:531,45,0,1238118
BRDA:531,45,1,1402
BRDA:532,46,0,1238118
BRDA:532,46,1,0
BRDA:541,47,0,145
BRDA:541,47,1,124806
BRDA:543,48,0,51671
BRDA:543,48,1,73135
BRDA:566,49,0,84
BRDA:566,49,1,22880
BRDA:568,50,0,22073
BRDA:568,50,1,807
BRDA:574,51,0,22952
BRDA:588,52,0,46456
BRDA:588,52,1,89284
BRDA:590,53,0,26229
BRDA:590,53,1,20227
BRDA:597,54,0,10158
BRDA:602,55,0,20227
BRDA:602,56,0,20227
BRDA:602,56,1,20227
BRDA:602,56,2,20227
BRDA:609,57,0,89284
BRDA:609,57,1,0
BRDA:610,58,0,47889
BRDA:610,58,1,41395
BRDA:616,59,0,9980
BRDA:621,60,0,41395
BRDA:621,61,0,41395
BRDA:621,61,1,41395
BRDA:621,61,2,41395
BRDA:630,62,0,124951
BRDA:641,63,0,21507
BRDA:641,64,0,21898
BRDA:641,64,1,21888
BRDA:641,64,2,21815
BRDA:642,65,0,21497
BRDA:648,66,0,391
BRDA:648,66,1,391
BRDA:648,66,2,391
BRDA:651,67,0,0
BRDA:655,68,0,0
BRDA:655,68,1,0
BRDA:658,69,0,0
BRDA:665,70,0,0
BRDA:665,70,1,0
BRDA:665,71,0,0
BRDA:665,71,1,0
BRDA:666,72,0,0
BRDA:669,73,0,0
BRDA:670,74,0,0
BRDA:678,75,0,0
BRDA:680,76,0,0
BRDA:682,77,0,0
BRDA:685,78,0,0
BRDA:685,78,1,0
BRDA:685,79,0,0
BRDA:685,79,1,0
BRDA:686,80,0,0
BRDA:689,81,0,0
BRDA:690,82,0,0
BRDA:691,83,0,0
BRDA:698,84,0,391
BRDA:711,85,0,0
BRDA:711,86,0,51553
BRDA:711,86,1,51553
BRDA:718,87,0,18581
BRDA:718,88,0,51553
BRDA:718,88,1,51553
BRDA:724,89,0,97
BRDA:724,89,1,51456
BRDA:726,90,0,19952
BRDA:726,90,1,31504
BRDA:744,91,0,0
BRDA:744,92,0,30207
BRDA:744,92,1,30207
BRDA:751,93,0,7972
BRDA:751,94,0,30207
BRDA:751,94,1,30207
BRDA:757,95,0,52
BRDA:757,95,1,30155
BRDA:759,96,0,10255
BRDA:759,96,1,19900
BRF:147
BRH:96
end_of_record
TN:
SF:src/data-structures/binary-tree/segment-tree.ts
FN:23,(anonymous_0)
FN:36,(anonymous_1)
FN:44,(anonymous_2)
FN:54,(anonymous_3)
FN:63,(anonymous_4)
FN:73,(anonymous_5)
FN:82,(anonymous_6)
FN:92,(anonymous_7)
FN:100,(anonymous_8)
FN:111,(anonymous_9)
FN:120,(anonymous_10)
FN:130,(anonymous_11)
FN:140,(anonymous_12)
FN:155,(anonymous_13)
FN:176,(anonymous_14)
FN:186,(anonymous_15)
FN:196,(anonymous_16)
FN:206,(anonymous_17)
FN:219,(anonymous_18)
FN:245,(anonymous_19)
FN:250,(anonymous_20)
FN:281,(anonymous_21)
FN:291,(anonymous_22)
FNF:23
FNH:23
FNDA:50,(anonymous_0)
FNDA:25,(anonymous_1)
FNDA:1,(anonymous_2)
FNDA:15,(anonymous_3)
FNDA:1,(anonymous_4)
FNDA:3,(anonymous_5)
FNDA:2,(anonymous_6)
FNDA:52,(anonymous_7)
FNDA:4,(anonymous_8)
FNDA:15,(anonymous_9)
FNDA:21,(anonymous_10)
FNDA:15,(anonymous_11)
FNDA:21,(anonymous_12)
FNDA:9,(anonymous_13)
FNDA:4,(anonymous_14)
FNDA:1,(anonymous_15)
FNDA:1,(anonymous_16)
FNDA:13,(anonymous_17)
FNDA:46,(anonymous_18)
FNDA:2,(anonymous_19)
FNDA:3,(anonymous_20)
FNDA:4,(anonymous_21)
FNDA:7,(anonymous_22)
DA:11,35
DA:24,50
DA:25,50
DA:26,50
DA:27,50
DA:30,50
DA:37,25
DA:45,1
DA:48,50
DA:55,15
DA:64,1
DA:67,50
DA:74,3
DA:83,2
DA:86,50
DA:93,52
DA:101,4
DA:104,50
DA:112,15
DA:121,21
DA:124,50
DA:131,15
DA:141,21
DA:145,35
DA:156,9
DA:157,9
DA:158,9
DA:159,9
DA:160,9
DA:162,9
DA:163,6
DA:165,3
DA:166,3
DA:170,9
DA:177,4
DA:180,9
DA:187,1
DA:197,1
DA:207,13
DA:220,46
DA:221,0
DA:223,46
DA:225,20
DA:226,20
DA:227,20
DA:228,20
DA:229,20
DA:230,20
DA:231,20
DA:246,2
DA:247,2
DA:248,1
DA:250,1
DA:251,3
DA:252,1
DA:253,1
DA:254,1
DA:256,2
DA:257,2
DA:258,1
DA:259,1
DA:262,1
DA:263,1
DA:266,2
DA:267,2
DA:271,1
DA:282,4
DA:283,4
DA:284,1
DA:287,3
DA:288,2
DA:291,1
DA:292,7
DA:294,3
DA:296,4
DA:297,4
DA:298,1
DA:299,1
DA:301,0
DA:303,3
DA:304,1
DA:305,1
DA:307,0
DA:311,2
DA:312,2
DA:313,2
DA:314,2
DA:316,2
DA:317,2
DA:319,2
DA:322,1
LF:91
LH:88
BRDA:27,0,0,50
BRDA:27,0,1,49
BRDA:156,1,0,9
BRDA:156,1,1,9
BRDA:157,2,0,9
BRDA:157,2,1,9
BRDA:162,3,0,6
BRDA:162,3,1,3
BRDA:220,4,0,0
BRDA:223,5,0,26
BRDA:246,6,0,2
BRDA:246,6,1,1
BRDA:247,7,0,1
BRDA:251,8,0,1
BRDA:251,9,0,3
BRDA:251,9,1,1
BRDA:253,10,0,1
BRDA:257,11,0,1
BRDA:257,11,1,1
BRDA:258,12,0,1
BRDA:262,13,0,1
BRDA:266,14,0,2
BRDA:266,15,0,2
BRDA:266,15,1,2
BRDA:282,16,0,4
BRDA:282,16,1,1
BRDA:283,17,0,1
BRDA:287,18,0,2
BRDA:287,19,0,3
BRDA:287,19,1,2
BRDA:287,19,2,2
BRDA:292,20,0,3
BRDA:292,21,0,7
BRDA:292,21,1,4
BRDA:297,22,0,1
BRDA:297,22,1,3
BRDA:298,23,0,1
BRDA:298,23,1,0
BRDA:303,24,0,1
BRDA:303,24,1,2
BRDA:304,25,0,1
BRDA:304,25,1,0
BRDA:313,26,0,2
BRDA:316,27,0,2
BRF:44
BRH:41
end_of_record
TN:
SF:src/data-structures/binary-tree/tree-counter.ts
FN:45,(anonymous_0)
FN:59,(anonymous_1)
FN:69,(anonymous_2)
FN:83,(anonymous_3)
FN:93,(anonymous_4)
FN:108,(anonymous_5)
FN:118,(anonymous_6)
FN:130,(anonymous_7)
FN:140,(anonymous_8)
FN:152,(anonymous_9)
FN:162,(anonymous_10)
FN:172,(anonymous_11)
FN:202,(anonymous_12)
FN:220,(anonymous_13)
FN:230,(anonymous_14)
FN:232,(anonymous_15)
FN:236,(anonymous_16)
FN:246,(anonymous_17)
FN:260,(anonymous_18)
FN:283,(anonymous_19)
FN:326,(anonymous_20)
FN:382,(anonymous_21)
FN:393,(anonymous_22)
FN:394,(anonymous_23)
FN:403,(anonymous_24)
FN:433,(anonymous_25)
FN:452,(anonymous_26)
FN:468,(anonymous_27)
FN:486,(anonymous_28)
FN:508,(anonymous_29)
FN:534,(anonymous_30)
FN:570,(anonymous_31)
FNF:32
FNH:28
FNDA:3206,(anonymous_0)
FNDA:67486,(anonymous_1)
FNDA:8190,(anonymous_2)
FNDA:72169,(anonymous_3)
FNDA:9232,(anonymous_4)
FNDA:0,(anonymous_5)
FNDA:0,(anonymous_6)
FNDA:12125,(anonymous_7)
FNDA:20142,(anonymous_8)
FNDA:8652,(anonymous_9)
FNDA:4264,(anonymous_10)
FNDA:0,(anonymous_11)
FNDA:29,(anonymous_12)
FNDA:17,(anonymous_13)
FNDA:17,(anonymous_14)
FNDA:170,(anonymous_15)
FNDA:3204,(anonymous_16)
FNDA:112703,(anonymous_17)
FNDA:3206,(anonymous_18)
FNDA:3032,(anonymous_19)
FNDA:530,(anonymous_20)
FNDA:5,(anonymous_21)
FNDA:2,(anonymous_22)
FNDA:32,(anonymous_23)
FNDA:66,(anonymous_24)
FNDA:1,(anonymous_25)
FNDA:3,(anonymous_26)
FNDA:4,(anonymous_27)
FNDA:1,(anonymous_28)
FNDA:6412,(anonymous_29)
FNDA:0,(anonymous_30)
FNDA:772,(anonymous_31)
DA:23,35
DA:31,35
DA:34,3206
DA:46,3206
DA:47,3206
DA:48,3206
DA:49,3206
DA:52,3206
DA:60,67486
DA:70,8190
DA:71,8164
DA:73,8190
DA:76,3206
DA:84,72169
DA:94,9232
DA:95,9212
DA:97,9232
DA:100,3206
DA:109,0
DA:119,0
DA:122,3206
DA:131,12125
DA:141,20142
DA:144,3206
DA:153,8652
DA:163,4264
DA:173,0
DA:174,0
DA:177,0
DA:178,0
DA:179,0
DA:180,0
DA:183,0
DA:194,35
DA:208,29
DA:209,29
DA:212,29
DA:221,17
DA:231,17
DA:232,170
DA:233,17
DA:237,3204
DA:249,112703
DA:265,3206
DA:266,3206
DA:267,3206
DA:268,3206
DA:269,3206
DA:270,3206
DA:272,0
DA:287,3032
DA:289,3032
DA:292,3032
DA:293,3032
DA:294,3032
DA:295,1132
DA:298,1900
DA:301,1900
DA:302,1288
DA:303,1288
DA:304,1166
DA:305,1166
DA:306,1166
DA:309,122
DA:310,122
DA:311,122
DA:312,122
DA:314,612
DA:315,82
DA:316,82
DA:317,67
DA:318,67
DA:320,15
DA:321,15
DA:322,15
DA:323,15
DA:326,530
DA:327,530
DA:328,530
DA:329,530
DA:330,530
DA:331,201
DA:332,64
DA:335,329
DA:336,238
DA:337,238
DA:338,238
DA:341,91
DA:342,91
DA:343,91
DA:344,91
DA:346,238
DA:347,238
DA:348,238
DA:351,439
DA:352,399
DA:353,399
DA:355,40
DA:356,40
DA:357,40
DA:358,40
DA:360,399
DA:361,399
DA:362,399
DA:364,399
DA:367,1632
DA:368,1632
DA:369,1331
DA:372,1632
DA:374,1632
DA:383,5
DA:384,5
DA:394,32
DA:395,2
DA:396,2
DA:398,2
DA:399,32
DA:401,2
DA:403,2
DA:404,66
DA:405,32
DA:406,32
DA:407,32
DA:408,32
DA:409,32
DA:410,32
DA:411,32
DA:412,32
DA:415,2
DA:416,2
DA:417,2
DA:418,2
DA:419,2
DA:438,1
DA:440,1
DA:441,1
DA:442,3
DA:444,1
DA:453,3
DA:454,3
DA:455,3
DA:456,3
DA:469,4
DA:473,4
DA:490,1
DA:494,1
DA:513,6412
DA:515,6412
DA:517,3204
DA:518,177
DA:519,177
DA:520,177
DA:521,177
DA:524,3027
DA:538,0
DA:539,0
DA:540,0
DA:541,0
DA:542,0
DA:543,0
DA:544,0
DA:546,0
DA:547,0
DA:548,0
DA:549,0
DA:551,0
DA:552,0
DA:553,0
DA:554,0
DA:557,0
DA:559,0
DA:574,772
DA:575,772
LF:173
LH:146
BRDA:45,0,0,0
BRDA:45,1,0,2
BRDA:70,2,0,8164
BRDA:94,3,0,9212
BRDA:173,4,0,0
BRDA:174,5,0,0
BRDA:174,5,1,0
BRDA:174,6,0,0
BRDA:174,6,1,0
BRDA:177,7,0,0
BRDA:177,7,1,0
BRDA:178,8,0,0
BRDA:178,8,1,0
BRDA:178,9,0,0
BRDA:178,9,1,0
BRDA:179,10,0,0
BRDA:180,11,0,0
BRDA:180,11,1,0
BRDA:180,12,0,0
BRDA:180,12,1,0
BRDA:203,13,0,19
BRDA:209,14,0,29
BRDA:232,15,0,170
BRDA:232,15,1,0
BRDA:236,16,0,0
BRDA:237,17,0,3157
BRDA:237,17,1,47
BRDA:263,18,0,3172
BRDA:266,19,0,3206
BRDA:266,19,1,0
BRDA:268,20,0,3206
BRDA:268,20,1,0
BRDA:285,21,0,2003
BRDA:287,22,0,0
BRDA:292,23,0,0
BRDA:292,23,1,3032
BRDA:293,24,0,0
BRDA:293,24,1,3032
BRDA:294,25,0,1132
BRDA:301,26,0,1288
BRDA:301,26,1,612
BRDA:302,27,0,1288
BRDA:303,28,0,1166
BRDA:303,28,1,122
BRDA:303,29,0,1288
BRDA:303,29,1,647
BRDA:304,30,0,1166
BRDA:314,31,0,82
BRDA:314,31,1,530
BRDA:316,32,0,67
BRDA:316,32,1,15
BRDA:316,33,0,82
BRDA:316,33,1,78
BRDA:327,34,0,530
BRDA:329,35,0,530
BRDA:330,36,0,201
BRDA:330,36,1,329
BRDA:331,37,0,64
BRDA:335,38,0,238
BRDA:335,38,1,91
BRDA:335,39,0,329
BRDA:335,39,1,325
BRDA:336,40,0,238
BRDA:347,41,0,238
BRDA:351,42,0,399
BRDA:351,42,1,40
BRDA:351,43,0,439
BRDA:351,43,1,428
BRDA:361,44,0,399
BRDA:368,45,0,1331
BRDA:393,46,0,2
BRDA:396,47,0,0
BRDA:399,48,0,32
BRDA:399,48,1,0
BRDA:404,49,0,34
BRDA:473,50,0,4
BRDA:473,50,1,4
BRDA:487,51,0,0
BRDA:496,52,0,1
BRDA:496,52,1,1
BRDA:511,53,0,3206
BRDA:513,54,0,0
BRDA:513,55,0,6412
BRDA:513,55,1,6412
BRDA:515,56,0,3208
BRDA:517,57,0,177
BRDA:519,58,0,0
BRDA:519,59,0,177
BRDA:519,59,1,177
BRDA:520,60,0,177
BRDA:520,60,1,177
BRDA:540,61,0,0
BRDA:540,62,0,0
BRDA:540,62,1,0
BRDA:543,63,0,0
BRDA:547,64,0,0
BRDA:552,65,0,0
BRF:97
BRH:62
end_of_record
TN:
SF:src/data-structures/binary-tree/tree-multi-map.ts
FN:39,(anonymous_0)
FN:52,(anonymous_1)
FN:62,(anonymous_2)
FN:76,(anonymous_3)
FN:86,(anonymous_4)
FN:101,(anonymous_5)
FN:111,(anonymous_6)
FN:123,(anonymous_7)
FN:133,(anonymous_8)
FN:145,(anonymous_9)
FN:155,(anonymous_10)
FN:165,(anonymous_11)
FN:360,(anonymous_12)
FN:372,(anonymous_13)
FN:383,(anonymous_14)
FN:402,(anonymous_15)
FN:408,(anonymous_16)
FN:411,(anonymous_17)
FN:420,(anonymous_18)
FN:460,(anonymous_19)
FN:500,(anonymous_20)
FN:520,(anonymous_21)
FN:538,(anonymous_22)
FNF:23
FNH:18
FNDA:11578,(anonymous_0)
FNDA:478351,(anonymous_1)
FNDA:33625,(anonymous_2)
FNDA:776248,(anonymous_3)
FNDA:43796,(anonymous_4)
FNDA:0,(anonymous_5)
FNDA:0,(anonymous_6)
FNDA:64161,(anonymous_7)
FNDA:103616,(anonymous_8)
FNDA:0,(anonymous_9)
FNDA:0,(anonymous_10)
FNDA:0,(anonymous_11)
FNDA:68,(anonymous_12)
FNDA:11578,(anonymous_13)
FNDA:1219030,(anonymous_14)
FNDA:11597,(anonymous_15)
FNDA:11597,(anonymous_16)
FNDA:58,(anonymous_17)
FNDA:11585,(anonymous_18)
FNDA:3,(anonymous_19)
FNDA:1,(anonymous_20)
FNDA:3,(anonymous_21)
FNDA:1,(anonymous_22)
DA:18,35
DA:27,35
DA:30,11578
DA:40,11578
DA:41,11578
DA:42,11578
DA:45,11578
DA:53,478351
DA:63,33625
DA:64,33625
DA:66,33625
DA:69,11578
DA:77,776248
DA:87,43796
DA:88,43796
DA:90,43796
DA:93,11578
DA:102,0
DA:112,0
DA:115,11578
DA:124,64161
DA:134,103616
DA:137,11578
DA:146,0
DA:156,0
DA:166,0
DA:167,0
DA:170,0
DA:171,0
DA:172,0
DA:173,0
DA:176,0
DA:352,35
DA:366,68
DA:367,68
DA:368,68
DA:373,11578
DA:386,1219030
DA:406,11597
DA:408,11597
DA:409,11597
DA:411,11597
DA:412,58
DA:413,58
DA:414,12
DA:415,12
DA:417,46
DA:420,11597
DA:421,11585
DA:422,11585
DA:423,327
DA:424,327
DA:425,320
DA:426,320
DA:428,7
DA:429,8
DA:430,7
DA:432,0
DA:435,11258
DA:439,11597
DA:440,11539
DA:442,58
DA:445,11597
DA:446,112
DA:447,112
DA:450,11485
DA:464,3
DA:465,3
DA:466,3
DA:467,3
DA:468,3
DA:470,3
DA:472,3
DA:474,0
DA:505,1
DA:506,1
DA:507,3
DA:508,1
DA:521,3
DA:525,3
DA:544,1
DA:548,1
LF:82
LH:69
BRDA:39,0,0,0
BRDA:39,1,0,11578
BRDA:63,2,0,33625
BRDA:87,3,0,43796
BRDA:166,4,0,0
BRDA:167,5,0,0
BRDA:167,5,1,0
BRDA:167,6,0,0
BRDA:167,6,1,0
BRDA:170,7,0,0
BRDA:170,7,1,0
BRDA:171,8,0,0
BRDA:171,8,1,0
BRDA:171,9,0,0
BRDA:171,9,1,0
BRDA:172,10,0,0
BRDA:173,11,0,0
BRDA:173,11,1,0
BRDA:173,12,0,0
BRDA:173,12,1,0
BRDA:361,13,0,51
BRDA:367,14,0,68
BRDA:372,15,0,11455
BRDA:373,16,0,11532
BRDA:373,16,1,46
BRDA:406,17,0,0
BRDA:409,18,0,0
BRDA:409,19,0,11597
BRDA:409,19,1,11597
BRDA:413,20,0,12
BRDA:413,21,0,58
BRDA:413,21,1,12
BRDA:422,22,0,327
BRDA:422,22,1,11258
BRDA:424,23,0,320
BRDA:428,24,0,7
BRDA:428,24,1,0
BRDA:439,25,0,11539
BRDA:440,26,0,11539
BRDA:440,26,1,0
BRDA:442,27,0,58
BRDA:442,27,1,46
BRDA:445,28,0,112
BRDA:447,29,0,0
BRDA:447,29,1,112
BRDA:450,30,0,44
BRDA:450,30,1,11441
BRDA:465,31,0,3
BRDA:467,32,0,0
BRDA:470,33,0,1
BRDA:525,34,0,3
BRDA:525,34,1,0
BRDA:525,35,0,3
BRDA:525,35,1,3
BRDA:539,36,0,0
BRDA:548,37,0,1
BRDA:548,37,1,0
BRDA:548,38,0,1
BRDA:548,38,1,1
BRF:59
BRH:33
end_of_record
TN:
SF:src/data-structures/graph/abstract-graph.ts
FN:20,(anonymous_0)
FN:30,(anonymous_1)
FN:38,(anonymous_2)
FN:66,(anonymous_3)
FN:74,(anonymous_4)
FN:80,(anonymous_5)
FN:84,(anonymous_6)
FN:88,(anonymous_7)
FN:174,(anonymous_8)
FN:184,(anonymous_9)
FN:199,(anonymous_10)
FN:214,(anonymous_11)
FN:233,(anonymous_12)
FN:248,(anonymous_13)
FN:266,(anonymous_14)
FN:290,(anonymous_15)
FN:308,(anonymous_16)
FN:345,(anonymous_17)
FN:361,(anonymous_18)
FN:414,(anonymous_19)
FN:450,(anonymous_20)
FN:483,(anonymous_21)
FN:513,(anonymous_22)
FN:527,(anonymous_23)
FN:579,(anonymous_24)
FN:593,(anonymous_25)
FN:618,(anonymous_26)
FN:624,(anonymous_27)
FN:678,(anonymous_28)
FN:704,(anonymous_29)
FN:724,(anonymous_30)
FN:750,(anonymous_31)
FN:797,(anonymous_32)
FN:837,(anonymous_33)
FN:841,(anonymous_34)
FN:885,(anonymous_35)
FN:896,(anonymous_36)
FN:912,(anonymous_37)
FN:927,(anonymous_38)
FN:946,(anonymous_39)
FN:957,(anonymous_40)
FN:972,(anonymous_41)
FN:986,(anonymous_42)
FN:1007,(anonymous_43)
FN:1053,(anonymous_44)
FN:1067,(anonymous_45)
FN:1078,(anonymous_46)
FNF:47
FNH:45
FNDA:539,(anonymous_0)
FNDA:565,(anonymous_1)
FNDA:1,(anonymous_2)
FNDA:102,(anonymous_3)
FNDA:344,(anonymous_4)
FNDA:64,(anonymous_5)
FNDA:0,(anonymous_6)
FNDA:6,(anonymous_7)
FNDA:13,(anonymous_8)
FNDA:2113,(anonymous_9)
FNDA:538,(anonymous_10)
FNDA:22,(anonymous_11)
FNDA:1,(anonymous_12)
FNDA:172,(anonymous_13)
FNDA:533,(anonymous_14)
FNDA:1,(anonymous_15)
FNDA:7,(anonymous_16)
FNDA:10002,(anonymous_17)
FNDA:4,(anonymous_18)
FNDA:7,(anonymous_19)
FNDA:29,(anonymous_20)
FNDA:1,(anonymous_21)
FNDA:8,(anonymous_22)
FNDA:1,(anonymous_23)
FNDA:9,(anonymous_24)
FNDA:14,(anonymous_25)
FNDA:142,(anonymous_26)
FNDA:11,(anonymous_27)
FNDA:9,(anonymous_28)
FNDA:2,(anonymous_29)
FNDA:12,(anonymous_30)
FNDA:3,(anonymous_31)
FNDA:1,(anonymous_32)
FNDA:20,(anonymous_33)
FNDA:10455,(anonymous_34)
FNDA:89,(anonymous_35)
FNDA:0,(anonymous_36)
FNDA:1,(anonymous_37)
FNDA:1,(anonymous_38)
FNDA:3,(anonymous_39)
FNDA:10,(anonymous_40)
FNDA:3,(anonymous_41)
FNDA:2,(anonymous_42)
FNDA:3,(anonymous_43)
FNDA:538,(anonymous_44)
FNDA:2820572,(anonymous_45)
FNDA:2822688,(anonymous_46)
DA:10,35
DA:11,35
DA:13,35
DA:14,35
DA:16,35
DA:21,539
DA:22,539
DA:26,35
DA:31,565
DA:32,565
DA:33,565
DA:39,1
DA:52,35
DA:67,102
DA:68,102
DA:69,102
DA:72,102
DA:75,344
DA:78,102
DA:81,64
DA:85,0
DA:89,6
DA:175,13
DA:185,2113
DA:200,538
DA:201,76
DA:203,462
DA:204,462
DA:215,22
DA:216,22
DA:234,1
DA:235,1
DA:236,2
DA:238,1
DA:249,172
DA:250,172
DA:267,533
DA:268,21
DA:270,512
DA:271,512
DA:272,512
DA:273,512
DA:274,512
DA:275,512
DA:277,0
DA:291,1
DA:292,1
DA:293,1
DA:294,1
DA:296,0
DA:309,7
DA:310,7
DA:311,7
DA:313,7
DA:314,1
DA:317,6
DA:318,6
DA:320,6
DA:321,395730
DA:323,395730
DA:324,11003
DA:325,11003
DA:328,395728
DA:329,395728
DA:330,1163088
DA:331,395780
DA:332,395780
DA:336,4
DA:346,10002
DA:347,10002
DA:348,431845
DA:350,10002
DA:362,4
DA:364,4
DA:365,3
DA:366,3
DA:367,3
DA:368,2
DA:370,3
DA:372,1
DA:373,1
DA:374,1
DA:375,0
DA:378,1
DA:379,1
DA:380,1
DA:381,1
DA:382,1
DA:383,2
DA:384,2
DA:385,2
DA:386,1
DA:389,1
DA:390,1
DA:391,1
DA:392,1
DA:393,1
DA:394,1
DA:399,1
DA:401,0
DA:415,7
DA:417,7
DA:418,4
DA:419,1
DA:420,1
DA:421,1
DA:422,1
DA:423,1
DA:424,10000
DA:425,10000
DA:426,16
DA:427,16
DA:429,10000
DA:431,1
DA:442,3
DA:445,3
DA:446,3
DA:447,3
DA:448,3
DA:450,3
DA:451,29
DA:452,29
DA:453,3
DA:454,3
DA:457,26
DA:458,26
DA:459,32
DA:460,26
DA:461,26
DA:462,26
DA:466,26
DA:469,3
DA:470,3
DA:489,1
DA:490,1
DA:491,1
DA:492,1
DA:494,1
DA:495,1
DA:496,1
DA:497,1
DA:498,1
DA:500,1
DA:502,1
DA:503,0
DA:506,1
DA:507,9
DA:508,9
DA:510,1
DA:511,1
DA:513,1
DA:514,8
DA:515,8
DA:516,8
DA:517,72
DA:518,44
DA:519,10
DA:520,10
DA:524,8
DA:527,1
DA:528,1
DA:529,9
DA:531,9
DA:532,9
DA:533,9
DA:534,9
DA:535,10
DA:536,10
DA:538,9
DA:539,9
DA:540,9
DA:545,1
DA:546,8
DA:547,8
DA:548,7
DA:549,7
DA:550,0
DA:551,0
DA:553,0
DA:554,0
DA:556,0
DA:558,7
DA:559,7
DA:560,12
DA:561,7
DA:562,7
DA:563,7
DA:564,7
DA:566,7
DA:567,7
DA:568,6
DA:569,6
DA:578,1
DA:579,1
DA:580,9
DA:581,8
DA:582,1
DA:583,1
DA:588,1
DA:590,1
DA:599,14
DA:600,14
DA:601,14
DA:602,14
DA:603,14
DA:604,14
DA:605,14
DA:606,14
DA:608,14
DA:609,14
DA:611,14
DA:613,14
DA:614,167
DA:615,167
DA:618,142
DA:619,14
DA:621,14
DA:622,14
DA:624,14
DA:625,11
DA:626,158
DA:627,158
DA:628,158
DA:629,158
DA:630,158
DA:631,170
DA:632,170
DA:634,158
DA:635,158
DA:636,158
DA:641,14
DA:642,91
DA:643,91
DA:644,91
DA:645,91
DA:646,91
DA:647,91
DA:648,91
DA:649,11
DA:650,10
DA:652,11
DA:653,10
DA:655,11
DA:657,80
DA:658,80
DA:659,120
DA:660,103
DA:661,103
DA:662,103
DA:663,103
DA:664,103
DA:665,87
DA:666,87
DA:667,87
DA:677,3
DA:678,1
DA:679,9
DA:680,8
DA:681,1
DA:682,1
DA:688,3
DA:689,1
DA:692,3
DA:705,2
DA:706,2
[...]
BRDA:27,5,1,1
BRDA:28,6,0,13
BRDA:29,7,0,16
BRDA:30,8,0,15
BRDA:33,9,0,54
BRDA:33,9,1,1
BRDA:36,10,0,70
BRDA:36,10,1,3
BRDA:110,11,0,104
BRDA:128,12,0,1
BRDA:142,13,0,6
BRDA:142,13,1,6
BRDA:152,14,0,2
BRDA:162,15,0,4
BRDA:162,16,0,4
BRDA:162,16,1,4
BRDA:164,17,0,4
BRDA:188,18,0,1
BRDA:198,19,0,8
BRDA:198,20,0,8
BRDA:198,20,1,8
BRDA:200,21,0,8
BRDA:223,22,0,1
BRDA:235,23,0,16
BRDA:235,24,0,16
BRDA:235,24,1,16
BRDA:237,25,0,16
BRDA:242,26,0,8
BRDA:261,27,0,1
BRDA:271,28,0,9
BRDA:290,29,0,1
BRDA:299,30,0,5
BRDA:299,30,1,8
BRDA:315,31,0,5
BRDA:315,31,1,5
BRDA:319,32,0,0
BRDA:328,33,0,5
BRDA:328,33,1,0
BRDA:330,34,0,0
BRDA:339,35,0,8
BRDA:341,36,0,0
BRDA:369,37,0,2
BRDA:383,38,0,8
BRDA:383,39,0,8
BRDA:383,39,1,8
BRDA:385,40,0,8
BRDA:390,41,0,4
BRDA:412,42,0,109
BRDA:412,42,1,107
BRDA:412,42,2,107
BRDA:412,42,3,107
BRDA:432,43,0,12
BRDA:466,44,0,0
BRDA:484,45,0,0
BRDA:487,46,0,0
BRF:66
BRH:59
end_of_record
TN:
SF:src/data-structures/matrix/navigator.ts
FN:22,(anonymous_0)
FN:24,(anonymous_1)
FN:43,(anonymous_2)
FN:57,(anonymous_3)
FN:74,(anonymous_4)
FN:104,(anonymous_5)
FNF:6
FNH:6
FNDA:43,(anonymous_0)
FNDA:34,(anonymous_1)
FNDA:7,(anonymous_2)
FNDA:3,(anonymous_3)
FNDA:94,(anonymous_4)
FNDA:23,(anonymous_5)
DA:10,35
DA:23,43
DA:24,43
DA:31,35
DA:44,7
DA:45,7
DA:46,7
DA:47,7
DA:48,7
DA:49,7
DA:50,7
DA:58,3
DA:59,32
DA:60,32
DA:61,22
DA:62,10
DA:63,10
DA:76,94
DA:77,94
DA:78,94
DA:80,14
DA:81,14
DA:82,13
DA:83,13
DA:85,31
DA:86,31
DA:88,25
DA:89,25
DA:90,19
DA:91,19
DA:93,24
DA:94,24
DA:96,87
DA:105,23
DA:107,2
DA:108,2
DA:110,10
DA:111,10
DA:113,5
DA:114,5
DA:116,6
DA:117,6
DA:120,23
DA:121,23
DA:122,23
LF:45
LH:45
BRDA:48,0,0,7
BRDA:58,1,0,35
BRDA:58,1,1,13
BRDA:60,2,0,22
BRDA:60,2,1,10
BRDA:62,3,0,10
BRDA:78,4,0,14
BRDA:78,4,1,31
BRDA:78,4,2,25
BRDA:78,4,3,24
BRDA:81,5,0,1
BRDA:89,6,0,6
BRDA:96,7,0,87
BRDA:96,7,1,76
BRDA:105,8,0,2
BRDA:105,8,1,10
BRDA:105,8,2,5
BRDA:105,8,3,6
BRDA:122,9,0,23
BRF:19
BRH:19
end_of_record
TN:
SF:src/data-structures/priority-queue/max-priority-queue.ts
FN:27,(anonymous_0)
FN:29,(anonymous_1)
FNF:2
FNH:2
FNDA:15,(anonymous_0)
FNDA:74,(anonymous_1)
DA:9,35
DA:19,35
DA:28,15
DA:30,74
DA:31,0
DA:35,74
DA:36,50
DA:37,2
LF:8
LH:7
BRDA:27,0,0,3
BRDA:30,1,0,0
BRDA:30,2,0,74
BRDA:30,2,1,74
BRDA:35,3,0,24
BRDA:36,4,0,48
BRF:6
BRH:5
end_of_record
TN:
SF:src/data-structures/priority-queue/min-priority-queue.ts
FN:26,(anonymous_0)
FNF:1
FNH:1
FNDA:13,(anonymous_0)
DA:9,35
DA:19,35
DA:27,13
LF:3
LH:3
BRDA:26,0,0,6
BRF:1
BRH:1
end_of_record
TN:
SF:src/data-structures/priority-queue/priority-queue.ts
FN:16,(anonymous_0)
FNF:1
FNH:1
FNDA:37,(anonymous_0)
DA:10,35
DA:15,35
DA:17,37
LF:3
LH:3
BRDA:16,0,0,0
BRF:1
BRH:0
end_of_record
TN:
SF:src/data-structures/queue/deque.ts
FN:157,(anonymous_0)
FN:190,(anonymous_1)
FN:202,(anonymous_2)
FN:214,(anonymous_3)
FN:226,(anonymous_4)
FN:238,(anonymous_5)
FN:250,(anonymous_6)
FN:262,(anonymous_7)
FN:274,(anonymous_8)
FN:284,(anonymous_9)
FN:295,(anonymous_10)
FN:311,(anonymous_11)
FN:329,(anonymous_12)
FN:354,(anonymous_13)
FN:378,(anonymous_14)
FN:403,(anonymous_15)
FN:429,(anonymous_16)
FN:448,(anonymous_17)
FN:466,(anonymous_18)
FN:476,(anonymous_19)
FN:490,(anonymous_20)
FN:504,(anonymous_21)
FN:520,(anonymous_22)
FN:548,(anonymous_23)
FN:580,(anonymous_24)
FN:615,(anonymous_25)
FN:644,(anonymous_26)
FN:677,(anonymous_27)
FN:701,(anonymous_28)
FN:719,(anonymous_29)
FN:730,(anonymous_30)
FN:731,(anonymous_31)
FN:748,(anonymous_32)
FN:771,(anonymous_33)
FN:798,(anonymous_34)
FN:814,(anonymous_35)
FN:833,(anonymous_36)
FN:855,(anonymous_37)
FN:881,(anonymous_38)
FN:891,(anonymous_39)
FN:905,(anonymous_40)
FN:934,(anonymous_41)
FN:960,(anonymous_42)
FN:978,(anonymous_43)
FN:995,(anonymous_44)
FNF:45
FNH:39
FNDA:92,(anonymous_0)
FNDA:4,(anonymous_1)
FNDA:10,(anonymous_2)
FNDA:10,(anonymous_3)
FNDA:10,(anonymous_4)
FNDA:10,(anonymous_5)
FNDA:10,(anonymous_6)
FNDA:15,(anonymous_7)
FNDA:113,(anonymous_8)
FNDA:106,(anonymous_9)
FNDA:1008,(anonymous_10)
FNDA:0,(anonymous_11)
FNDA:856,(anonymous_12)
FNDA:1025,(anonymous_13)
FNDA:126,(anonymous_14)
FNDA:218,(anonymous_15)
FNDA:94,(anonymous_16)
FNDA:0,(anonymous_17)
FNDA:5,(anonymous_18)
FNDA:8,(anonymous_19)
FNDA:572,(anonymous_20)
FNDA:31,(anonymous_21)
FNDA:3,(anonymous_22)
FNDA:14,(anonymous_23)
FNDA:1,(anonymous_24)
FNDA:7,(anonymous_25)
FNDA:3,(anonymous_26)
FNDA:6,(anonymous_27)
FNDA:0,(anonymous_28)
FNDA:0,(anonymous_29)
FNDA:3,(anonymous_30)
FNDA:3,(anonymous_31)
FNDA:2,(anonymous_32)
FNDA:5,(anonymous_33)
FNDA:2,(anonymous_34)
FNDA:1,(anonymous_35)
FNDA:0,(anonymous_36)
FNDA:2,(anonymous_37)
FNDA:7,(anonymous_38)
FNDA:85,(anonymous_39)
FNDA:17,(anonymous_40)
FNDA:620,(anonymous_41)
FNDA:8,(anonymous_42)
FNDA:4,(anonymous_43)
FNDA:0,(anonymous_44)
DA:16,35
DA:17,35
DA:146,35
DA:147,92
DA:158,92
DA:160,92
DA:161,32
DA:162,32
DA:166,92
DA:167,90
DA:169,2
DA:172,92
DA:173,92
DA:174,104
DA:176,92
DA:177,92
DA:178,92
DA:179,92
DA:182,92
DA:191,4
DA:194,92
DA:203,10
DA:206,92
DA:215,10
DA:218,92
DA:227,10
DA:230,92
DA:239,10
DA:242,92
DA:251,10
DA:254,92
DA:263,15
DA:266,92
DA:275,113
DA:285,106
DA:286,105
DA:296,1008
DA:297,107
DA:319,0
DA:330,856
DA:331,770
DA:332,725
DA:333,45
DA:334,33
DA:335,33
DA:337,12
DA:338,12
DA:340,770
DA:342,856
DA:343,856
DA:344,856
DA:345,856
DA:355,1025
DA:356,124
DA:357,124
DA:358,121
DA:359,110
DA:360,11
DA:361,11
DA:362,11
DA:364,0
DA:365,0
DA:368,124
DA:369,124
DA:379,126
DA:380,125
DA:381,125
DA:382,121
DA:383,110
DA:384,11
DA:385,11
DA:386,11
DA:388,0
DA:389,0
DA:392,125
DA:393,125
DA:404,218
DA:405,209
DA:406,189
DA:407,20
DA:408,14
DA:409,14
DA:411,6
DA:412,6
DA:414,209
DA:416,218
DA:417,218
DA:418,218
DA:419,218
DA:430,94
DA:431,94
DA:432,216
DA:433,14
DA:435,202
DA:438,94
DA:449,0
DA:450,0
DA:451,0
DA:452,0
DA:454,0
DA:457,0
DA:467,5
DA:477,8
DA:478,8
DA:479,8
DA:480,8
DA:491,572
DA:492,572
DA:493,572
DA:505,31
DA:506,31
DA:507,31
DA:508,31
DA:521,3
DA:522,3
DA:523,3
DA:524,1
DA:525,2
DA:526,1
DA:528,1
DA:529,1
DA:530,1
DA:531,1
DA:533,1
DA:534,1
DA:535,1
DA:537,3
DA:549,14
DA:550,12
DA:551,1
DA:552,1
DA:554,11
DA:555,11
DA:556,11
DA:557,11
DA:558,11
DA:560,2
DA:561,2
DA:562,2
DA:563,3
DA:564,3
DA:567,2
DA:581,1
DA:582,1
DA:583,1
DA:585,1
DA:586,1
DA:587,1
DA:588,2
DA:589,2
DA:592,1
DA:593,1
DA:594,1
DA:595,1
DA:598,1
DA:600,2
DA:602,1
DA:604,1
DA:616,7
DA:617,4
DA:618,1
DA:620,3
DA:621,3
DA:622,3
DA:623,3
DA:624,3
DA:626,3
DA:627,3
DA:628,3
DA:629,3
DA:630,13
DA:631,13
DA:633,3
DA:645,3
DA:648,3
DA:649,1
DA:650,2
DA:651,1
DA:652,1
DA:653,1
DA:655,1
DA:656,1
DA:657,1
DA:659,1
DA:660,1
DA:661,1
DA:662,1
DA:665,1
DA:666,1
DA:678,6
DA:679,6
DA:680,5
DA:681,5
DA:682,5
DA:683,26
DA:684,26
DA:685,21
DA:686,21
DA:688,26
DA:690,5
DA:691,5
DA:702,0
DA:703,0
DA:704,0
DA:705,0
DA:706,0
DA:709,0
DA:720,0
DA:721,0
DA:731,3
DA:732,3
DA:734,3
DA:735,3
DA:736,3
DA:737,3
DA:738,3
DA:739,3
DA:749,2
DA:750,1
DA:752,1
DA:753,1
DA:754,1
DA:755,3
DA:756,3
DA:757,2
DA:758,2
DA:761,1
DA:762,1
DA:772,5
DA:773,4
DA:774,4
DA:775,3
DA:776,3
DA:777,9
DA:780,0
DA:781,0
DA:783,0
DA:784,0
DA:787,3
DA:788,3
DA:789,3
DA:799,2
DA:815,1
DA:816,1
DA:817,1
DA:818,1
DA:819,3
DA:820,3
DA:822,1
DA:834,0
DA:835,0
DA:836,0
DA:837,0
DA:838,0
DA:839,0
DA:841,0
DA:860,2
DA:865,2
DA:866,2
DA:867,13
DA:868,13
DA:869,13
DA:871,2
DA:882,7
DA:892,85
DA:893,308
DA:894,308
DA:906,17
DA:907,17
DA:908,17
DA:909,37
DA:911,17
DA:912,49
DA:914,17
DA:915,25
DA:917,17
DA:918,17
DA:919,17
DA:920,17
DA:921,37
DA:923,17
DA:924,17
DA:938,620
DA:939,620
DA:941,620
DA:942,0
DA:945,620
DA:946,620
DA:947,3
DA:950,620
DA:961,8
DA:965,8
DA:982,4
DA:986,4
DA:996,0
DA:997,0
DA:998,0
LF:297
LH:263
BRDA:157,0,0,24
BRDA:160,1,0,32
BRDA:162,2,0,23
BRDA:166,3,0,90
BRDA:166,3,1,2
BRDA:167,4,0,1
BRDA:167,4,1,89
BRDA:169,5,0,1
BRDA:169,5,1,1
BRDA:172,6,0,92
BRDA:172,6,1,47
BRDA:285,7,0,1
BRDA:296,8,0,901
BRDA:330,9,0,770
BRDA:331,10,0,725
BRDA:331,10,1,45
BRDA:333,11,0,33
BRDA:333,11,1,12
BRDA:340,12,0,11
BRDA:340,13,0,770
BRDA:340,13,1,509
BRDA:344,14,0,2
BRDA:344,15,0,856
BRDA:344,15,1,5
BRDA:355,16,0,901
BRDA:357,17,0,121
BRDA:358,18,0,110
BRDA:358,18,1,11
BRDA:360,19,0,11
BRDA:360,19,1,0
BRDA:379,20,0,1
BRDA:381,21,0,121
BRDA:382,22,0,110
BRDA:382,22,1,11
BRDA:384,23,0,11
BRDA:384,23,1,0
BRDA:404,24,0,209
BRDA:405,25,0,189
BRDA:405,25,1,20
BRDA:407,26,0,14
BRDA:407,26,1,6
BRDA:414,27,0,6
BRDA:414,28,0,209
BRDA:414,28,1,49
BRDA:418,29,0,2
BRDA:418,30,0,218
BRDA:418,30,1,2
BRDA:432,31,0,14
BRDA:432,31,1,202
BRDA:448,32,0,0
BRDA:451,33,0,0
BRDA:451,33,1,0
BRDA:491,34,0,0
BRDA:491,35,0,572
BRDA:491,35,1,572
BRDA:520,36,0,3
BRDA:523,37,0,1
BRDA:523,37,1,2
BRDA:525,38,0,1
BRDA:525,38,1,1
BRDA:531,39,0,1
BRDA:548,40,0,2
BRDA:549,41,0,12
BRDA:549,41,1,2
BRDA:550,42,0,1
BRDA:564,43,0,3
BRDA:580,44,0,0
BRDA:582,45,0,0
BRDA:583,46,0,0
BRDA:589,47,0,2
BRDA:595,48,0,1
BRDA:615,49,0,3
BRDA:616,50,0,4
BRDA:616,50,1,3
BRDA:617,51,0,1
BRDA:628,52,0,1
BRDA:631,53,0,13
BRDA:648,54,0,1
BRDA:648,54,1,2
BRDA:650,55,0,1
BRDA:650,55,1,1
BRDA:679,56,0,1
BRDA:684,57,0,21
BRDA:704,58,0,0
BRDA:749,59,0,1
BRDA:756,60,0,2
BRDA:772,61,0,1
BRDA:774,62,0,1
BRDA:774,62,1,3
BRDA:775,63,0,3
BRDA:775,63,1,0
BRDA:819,64,0,2
BRDA:838,65,0,0
BRDA:838,65,1,0
BRDA:861,66,0,2
BRDA:861,66,1,2
BRDA:867,67,0,13
BRDA:867,67,1,0
BRDA:894,68,0,308
BRDA:907,69,0,17
BRDA:907,69,1,17
BRDA:907,69,2,6
BRDA:941,70,0,0
BRDA:946,71,0,3
BRDA:979,72,0,0
BRDA:998,73,0,0
BRF:106
BRH:89
end_of_record
TN:
SF:src/data-structures/queue/queue.ts
FN:138,(anonymous_0)
FN:155,(anonymous_1)
FN:167,(anonymous_2)
FN:179,(anonymous_3)
FN:190,(anonymous_4)
FN:200,(anonymous_5)
FN:210,(anonymous_6)
FN:220,(anonymous_7)
FN:232,(anonymous_8)
FN:242,(anonymous_9)
FN:253,(anonymous_10)
FN:266,(anonymous_11)
FN:281,(anonymous_12)
FN:296,(anonymous_13)
FN:313,(anonymous_14)
FN:325,(anonymous_15)
FN:340,(anonymous_16)
FN:354,(anonymous_17)
FN:366,(anonymous_18)
FN:378,(anonymous_19)
FN:389,(anonymous_20)
FN:404,(anonymous_21)
FN:426,(anonymous_22)
FN:441,(anonymous_23)
FN:463,(anonymous_24)
FN:486,(anonymous_25)
FN:512,(anonymous_26)
FN:522,(anonymous_27)
FN:532,(anonymous_28)
FN:546,(anonymous_29)
FN:561,(anonymous_30)
FN:587,(anonymous_31)
FNF:32
FNH:29
FNDA:678,(anonymous_0)
FNDA:839098,(anonymous_1)
FNDA:119503,(anonymous_2)
FNDA:119503,(anonymous_3)
FNDA:1,(anonymous_4)
FNDA:357772,(anonymous_5)
FNDA:119510,(anonymous_6)
FNDA:6,(anonymous_7)
FNDA:2,(anonymous_8)
FNDA:9,(anonymous_9)
FNDA:120392,(anonymous_10)
FNDA:683,(anonymous_11)
FNDA:119502,(anonymous_12)
FNDA:3,(anonymous_13)
FNDA:123,(anonymous_14)
FNDA:2,(anonymous_15)
FNDA:1,(anonymous_16)
FNDA:8,(anonymous_17)
FNDA:2,(anonymous_18)
FNDA:3,(anonymous_19)
FNDA:1937,(anonymous_20)
FNDA:2,(anonymous_21)
FNDA:5,(anonymous_22)
FNDA:4,(anonymous_23)
FNDA:5,(anonymous_24)
FNDA:0,(anonymous_25)
FNDA:11,(anonymous_26)
FNDA:46,(anonymous_27)
FNDA:0,(anonymous_28)
FNDA:12,(anonymous_29)
FNDA:0,(anonymous_30)
FNDA:1,(anonymous_31)
DA:10,35
DA:11,35
DA:129,35
DA:139,678
DA:140,678
DA:141,18
DA:142,18
DA:144,678
DA:147,678
DA:156,839098
DA:159,678
DA:168,119503
DA:171,678
DA:180,119503
DA:191,1
DA:201,357772
DA:211,119510
DA:221,6
DA:233,2
DA:243,9
DA:254,120392
DA:255,120392
DA:256,120392
DA:267,683
DA:268,683
DA:269,743
DA:270,738
DA:272,683
DA:282,119502
DA:283,119501
DA:284,119501
DA:285,119501
DA:286,119501
DA:297,3
DA:298,9
DA:299,3
DA:300,3
DA:303,0
DA:314,123
DA:315,121
DA:326,2
DA:327,2
DA:328,2
DA:329,2
DA:341,1
DA:342,1
DA:343,1
DA:355,8
DA:356,8
DA:357,8
DA:367,2
DA:368,2
DA:369,2
DA:379,3
DA:380,3
DA:390,1937
DA:391,1937
DA:392,1937
DA:405,2
DA:406,2
DA:408,2
DA:409,2
DA:411,2
DA:413,2
DA:414,2
DA:415,2
DA:417,2
DA:427,5
DA:428,5
DA:429,14
DA:430,5
DA:442,4
DA:443,4
DA:444,4
DA:445,4
DA:446,14
DA:447,14
DA:449,4
DA:464,5
DA:472,5
DA:473,5
DA:474,20
DA:475,5
DA:487,0
DA:491,0
DA:496,0
DA:497,0
DA:498,0
DA:499,0
DA:500,0
DA:502,0
DA:513,11
DA:523,176
DA:533,0
DA:534,0
DA:535,0
DA:547,12
DA:548,12
DA:565,0
DA:569,0
DA:580,35
DA:588,1
DA:589,2
DA:590,1
LF:104
LH:90
BRDA:138,0,0,38
BRDA:140,1,0,18
BRDA:141,2,0,13
BRDA:211,3,0,119508
BRDA:211,3,1,2
BRDA:221,4,0,4
BRDA:221,4,1,2
BRDA:255,5,0,990
BRDA:255,6,0,120392
BRDA:255,6,1,1000
BRDA:269,7,0,5
BRDA:269,7,1,738
BRDA:282,8,0,1
BRDA:285,9,0,1935
BRDA:285,10,0,119501
BRDA:285,10,1,119501
BRDA:298,11,0,3
BRDA:314,12,0,2
BRDA:314,13,0,123
BRDA:314,13,1,122
BRDA:326,14,0,0
BRDA:326,15,0,2
BRDA:326,15,1,2
BRDA:341,16,0,0
BRDA:341,17,0,1
BRDA:341,17,1,1
BRDA:355,18,0,0
BRDA:355,19,0,8
BRDA:355,19,1,8
BRDA:404,20,0,0
BRDA:411,21,0,0
BRDA:411,22,0,2
BRDA:411,22,1,2
BRDA:446,23,0,7
BRDA:469,24,0,5
BRDA:469,24,1,5
BRDA:470,25,0,5
BRDA:470,25,1,5
BRDA:474,26,0,20
BRDA:474,26,1,0
BRDA:499,27,0,0
BRDA:499,27,1,0
BRDA:535,28,0,0
BRDA:562,29,0,0
BRF:44
BRH:34
end_of_record
TN:
SF:src/data-structures/stack/stack.ts
FN:174,(anonymous_0)
FN:187,(anonymous_1)
FN:197,(anonymous_2)
FN:212,(anonymous_3)
FN:226,(anonymous_4)
FN:236,(anonymous_5)
FN:247,(anonymous_6)
FN:258,(anonymous_7)
FN:269,(anonymous_8)
FN:285,(anonymous_9)
FN:297,(anonymous_10)
FN:310,(anonymous_11)
FN:326,(anonymous_12)
FN:336,(anonymous_13)
FN:350,(anonymous_14)
FN:368,(anonymous_15)
FN:389,(anonymous_16)
FN:410,(anonymous_17)
FN:422,(anonymous_18)
FN:434,(anonymous_19)
FN:449,(anonymous_20)
FN:466,(anonymous_21)
FNF:22
FNH:19
FNDA:45,(anonymous_0)
FNDA:599,(anonymous_1)
FNDA:25,(anonymous_2)
FNDA:1,(anonymous_3)
FNDA:127,(anonymous_4)
FNDA:25,(anonymous_5)
FNDA:150,(anonymous_6)
FNDA:52,(anonymous_7)
FNDA:44,(anonymous_8)
FNDA:2,(anonymous_9)
FNDA:2,(anonymous_10)
FNDA:0,(anonymous_11)
FNDA:1,(anonymous_12)
FNDA:2,(anonymous_13)
FNDA:1,(anonymous_14)
FNDA:0,(anonymous_15)
FNDA:1,(anonymous_16)
FNDA:0,(anonymous_17)
FNDA:2,(anonymous_18)
FNDA:3,(anonymous_19)
FNDA:1,(anonymous_20)
FNDA:21,(anonymous_21)
DA:10,35
DA:163,35
DA:164,44
DA:175,45
DA:176,44
DA:179,44
DA:188,599
DA:198,25
DA:217,1
DA:227,127
DA:237,25
DA:248,150
DA:249,150
DA:259,52
DA:270,44
DA:271,44
DA:272,35
DA:273,27
DA:275,44
DA:286,2
DA:287,2
DA:298,2
DA:299,2
DA:300,2
DA:311,0
DA:312,0
DA:313,0
DA:314,0
DA:317,0
DA:327,1
DA:337,2
DA:338,7
DA:339,2
DA:351,1
DA:352,1
DA:353,1
DA:354,3
DA:355,3
DA:357,1
DA:369,0
DA:370,0
DA:371,0
DA:372,0
DA:373,0
DA:375,0
DA:394,1
DA:395,1
DA:396,1
DA:397,3
DA:398,3
DA:400,1
DA:411,0
DA:412,0
DA:423,7
DA:424,0
DA:435,3
DA:436,3
DA:453,1
DA:457,1
DA:467,79
LF:60
LH:46
BRDA:174,0,0,32
BRDA:237,1,0,1
BRDA:237,1,1,24
BRDA:259,2,0,1
BRDA:259,2,1,51
BRDA:272,3,0,8
BRDA:272,3,1,27
BRDA:298,4,0,0
BRDA:298,5,0,2
BRDA:298,5,1,2
BRDA:312,6,0,0
BRDA:354,7,0,2
BRDA:372,8,0,0
BRDA:372,8,1,0
BRDA:394,9,0,1
BRDA:394,9,1,1
BRDA:397,10,0,3
BRDA:397,10,1,0
BRDA:423,11,0,2
BRDA:450,12,0,0
BRF:20
BRH:14
end_of_record
TN:
SF:src/data-structures/tree/tree.ts
FN:12,(anonymous_0)
FN:24,(anonymous_1)
FN:33,(anonymous_2)
FN:43,(anonymous_3)
FN:52,(anonymous_4)
FN:63,(anonymous_5)
FN:72,(anonymous_6)
FN:81,(anonymous_7)
FN:97,(anonymous_8)
FN:100,(anonymous_9)
FNF:10
FNH:10
FNDA:11,(anonymous_0)
FNDA:5,(anonymous_1)
FNDA:1,(anonymous_2)
FNDA:3,(anonymous_3)
FNDA:1,(anonymous_4)
FNDA:9,(anonymous_5)
FNDA:1,(anonymous_6)
FNDA:5,(anonymous_7)
FNDA:1,(anonymous_8)
FNDA:4,(anonymous_9)
DA:1,35
DA:13,11
DA:14,11
DA:15,11
DA:25,5
DA:34,1
DA:44,3
DA:53,1
DA:64,9
DA:73,1
DA:82,5
DA:83,4
DA:85,5
DA:86,4
DA:88,1
DA:98,1
DA:99,1
DA:100,1
DA:101,4
DA:102,2
DA:104,4
DA:105,4
DA:106,2
DA:107,3
DA:111,1
DA:113,1
LF:26
LH:26
BRDA:14,0,0,11
BRDA:14,0,1,8
BRDA:15,1,0,0
BRDA:82,2,0,4
BRDA:85,3,0,4
BRDA:85,3,1,1
BRDA:99,4,0,1
BRDA:101,5,0,2
BRDA:105,6,0,2
BRF:9
BRH:8
end_of_record
TN:
SF:src/data-structures/trie/trie.ts
FN:23,(anonymous_0)
FN:37,(anonymous_1)
FN:48,(anonymous_2)
FN:60,(anonymous_3)
FN:71,(anonymous_4)
FN:83,(anonymous_5)
FN:94,(anonymous_6)
FN:267,(anonymous_7)
FN:286,(anonymous_8)
FN:298,(anonymous_9)
FN:310,(anonymous_10)
FN:320,(anonymous_11)
FN:331,(anonymous_12)
FN:358,(anonymous_13)
FN:377,(anonymous_14)
FN:394,(anonymous_15)
FN:404,(anonymous_16)
FN:416,(anonymous_17)
FN:419,(anonymous_18)
FN:458,(anonymous_19)
FN:462,(anonymous_20)
FN:485,(anonymous_21)
FN:503,(anonymous_22)
FN:521,(anonymous_23)
FN:524,(anonymous_24)
FN:541,(anonymous_25)
FN:543,(anonymous_26)
FN:562,(anonymous_27)
FN:567,dfs
FN:605,(anonymous_29)
FN:619,(anonymous_30)
FN:650,(anonymous_31)
FN:671,(anonymous_32)
FN:688,(anonymous_33)
FN:707,(anonymous_34)
FN:720,(anonymous_35)
FN:730,(anonymous_36)
FN:731,_dfs
FN:750,(anonymous_38)
FNF:39
FNH:36
FNDA:5631,(anonymous_0)
FNDA:43,(anonymous_1)
FNDA:1,(anonymous_2)
FNDA:15009,(anonymous_3)
FNDA:1,(anonymous_4)
FNDA:1225,(anonymous_5)
FNDA:827,(anonymous_6)
FNDA:46,(anonymous_7)
FNDA:11,(anonymous_8)
FNDA:2,(anonymous_9)
FNDA:944,(anonymous_10)
FNDA:0,(anonymous_11)
FNDA:822,(anonymous_12)
FNDA:46,(anonymous_13)
FNDA:38,(anonymous_14)
FNDA:1,(anonymous_15)
FNDA:1,(anonymous_16)
FNDA:9,(anonymous_17)
FNDA:27,(anonymous_18)
FNDA:2,(anonymous_19)
FNDA:57,(anonymous_20)
FNDA:6,(anonymous_21)
FNDA:12,(anonymous_22)
FNDA:6,(anonymous_23)
FNDA:20,(anonymous_24)
FNDA:3,(anonymous_25)
FNDA:20,(anonymous_26)
FNDA:17,(anonymous_27)
FNDA:153,dfs
FNDA:1,(anonymous_29)
FNDA:1,(anonymous_30)
FNDA:1,(anonymous_31)
FNDA:0,(anonymous_32)
FNDA:2,(anonymous_33)
FNDA:1,(anonymous_34)
FNDA:0,(anonymous_35)
FNDA:14,(anonymous_36)
FNDA:163,_dfs
FNDA:910,(anonymous_38)
DA:10,35
DA:16,35
DA:24,5631
DA:25,5631
DA:26,5631
DA:38,43
DA:49,1
DA:61,15009
DA:72,1
DA:84,1225
DA:95,827
DA:258,35
DA:268,46
DA:269,46
DA:270,5
DA:271,5
DA:273,46
DA:274,46
DA:278,46
DA:287,11
DA:290,46
DA:299,2
DA:302,46
DA:311,944
DA:321,0
DA:332,822
DA:333,822
DA:334,822
DA:335,822
DA:336,8466
DA:337,8466
DA:338,5577
DA:339,5577
DA:341,8466
DA:343,822
DA:344,822
DA:345,822
DA:346,822
DA:348,822
DA:359,46
DA:360,46
DA:361,95
DA:362,3
DA:364,92
DA:367,46
DA:378,38
DA:379,38
DA:380,38
DA:381,165
DA:382,165
DA:383,155
DA:385,28
DA:395,1
DA:405,1
DA:406,1
DA:417,9
DA:418,9
DA:419,9
DA:420,27
DA:421,27
DA:422,27
DA:423,25
DA:424,7
DA:425,7
DA:426,2
DA:428,5
DA:430,7
DA:431,7
DA:433,0
DA:435,18
DA:436,18
DA:437,4
DA:438,4
DA:440,14
DA:442,2
DA:445,9
DA:446,9
DA:447,7
DA:449,9
DA:459,2
DA:460,2
DA:461,2
DA:462,2
DA:463,57
DA:464,16
DA:466,57
DA:467,57
DA:468,57
DA:469,55
DA:473,2
DA:475,2
DA:486,6
DA:487,6
DA:488,6
DA:489,26
DA:490,26
DA:491,25
DA:493,5
DA:504,12
DA:505,12
DA:506,12
DA:507,44
DA:508,44
DA:509,40
DA:511,8
DA:522,6
DA:523,6
DA:524,6
DA:525,20
DA:526,20
DA:527,17
DA:528,16
DA:529,2
DA:531,6
DA:532,6
DA:542,3
DA:543,3
DA:544,20
DA:545,20
DA:546,19
DA:547,2
DA:549,3
DA:550,3
DA:563,17
DA:564,17
DA:565,17
DA:568,153
DA:569,140
DA:570,140
DA:571,140
DA:574,153
DA:575,37
DA:576,33
DA:577,33
DA:581,17
DA:583,17
DA:584,17
DA:585,61
DA:586,61
DA:587,57
DA:589,4
DA:594,13
DA:596,13
DA:606,1
DA:607,5
DA:608,1
DA:620,1
DA:621,1
DA:622,1
DA:623,5
DA:624,3
DA:626,5
DA:628,1
DA:651,1
DA:652,1
DA:653,1
DA:654,5
DA:655,5
DA:656,0
DA:658,5
DA:660,1
DA:672,0
DA:673,0
DA:674,0
DA:675,0
DA:676,0
DA:678,0
DA:689,2
DA:690,2
DA:695,2
DA:708,1
DA:709,1
DA:721,0
DA:732,163
DA:733,72
DA:735,163
DA:736,149
DA:740,14
DA:751,910
DA:752,13
DA:754,910
LF:181
LH:171
BRDA:267,0,0,24
BRDA:269,1,0,5
BRDA:271,2,0,4
BRDA:273,3,0,46
BRDA:337,4,0,5577
BRDA:343,5,0,822
BRDA:361,6,0,3
BRDA:361,6,1,92
BRDA:382,7,0,10
BRDA:422,8,0,25
BRDA:423,9,0,7
BRDA:424,10,0,7
BRDA:425,11,0,2
BRDA:425,11,1,5
BRDA:436,12,0,4
BRDA:436,13,0,18
BRDA:436,13,1,8
BRDA:436,13,2,7
BRDA:446,14,0,7
BRDA:461,15,0,2
BRDA:463,16,0,16
BRDA:467,17,0,57
BRDA:490,18,0,1
BRDA:508,19,0,4
BRDA:526,20,0,3
BRDA:527,21,0,1
BRDA:528,22,0,14
BRDA:528,22,1,2
BRDA:528,23,0,16
BRDA:528,23,1,16
BRDA:528,23,2,16
BRDA:545,24,0,1
BRDA:546,25,0,17
BRDA:546,25,1,2
BRDA:546,26,0,19
BRDA:546,26,1,19
BRDA:546,26,2,19
BRDA:562,27,0,0
BRDA:562,28,0,14
BRDA:562,29,0,17
BRDA:570,30,0,140
BRDA:574,31,0,37
BRDA:575,32,0,4
BRDA:583,33,0,17
BRDA:586,34,0,57
BRDA:586,34,1,4
BRDA:594,35,0,13
BRDA:594,36,0,13
BRDA:594,36,1,13
BRDA:623,37,0,3
BRDA:654,38,0,5
BRDA:654,38,1,0
BRDA:655,39,0,0
BRDA:675,40,0,0
BRDA:675,40,1,0
BRDA:693,41,0,2
BRDA:693,41,1,2
BRDA:707,42,0,0
BRDA:732,43,0,72
BRDA:751,44,0,13
BRF:60
BRH:54
end_of_record
